

HI-TECH Software PICC Macro Assembler V9.65PL1 build 4700 
                                                      Mon Dec 04 11:10:18 2023

HI-TECH Software Omniscient Code Generator build 4700
     1  0000                     opt subtitle "HI-TECH Software Omniscient Code 
                                 Generator build 4700"
     2                           
     3                           	processor	16F877A
     4                           clrc	macro
     5                           	bcf	status,0
     6  0000                     	endm
     7                           clrz	macro
     8                           	bcf	status,2
     9  0000                     	endm
    10                           setc	macro
    11                           	bsf	status,0
    12  0000                     	endm
    13                           setz	macro
    14                           	bsf	status,2
    15  0000                     	endm
    16                           skipc	macro
    17                           	btfss	status,0
    18  0000                     	endm
    19                           skipz	macro
    20                           	btfss	status,2
    21  0000                     	endm
    22                           skipnc	macro
    23                           	btfsc	status,0
    24  0000                     	endm
    25                           skipnz	macro
    26                           	btfsc	status,2
    27  0000                     	endm
    28  0000                     indf	equ	0
    29  0000                     indf0	equ	0
    30  0000                     pc	equ	2
    31  0000                     pcl	equ	2
    32  0000                     status	equ	3
    33  0000                     fsr	equ	4
    34  0000                     fsr0	equ	4
    35  0000                     c	equ	1
    36  0000                     z	equ	0
    37  0000                     pclath	equ	10
    38                           # 3 "C:\TechLand\MPLAB PROGRAMS\LED\LED USING S
                                 WITCH (GND)\LED USING SWITCH GND.c"
    39                           	psect config,class=CONFIG,delta=2 ;#
    40                           # 3 "C:\TechLand\MPLAB PROGRAMS\LED\LED USING S
                                 WITCH (GND)\LED USING SWITCH GND.c"
    41  2007  3D72               	dw 0X3D72 ;#
    42                           global __tempreg
    43  0000                     __tempreg	set	118
    44                           global __Lrdata_0, __Hrdata_0
    45  0000                     __Lrdata_0	equ	0x0
    46  0000                     __Hrdata_0	equ	0x1
    47                           global __Lramdata, __Lrdata_0, __Hramdata, __Hr
                                 data_0
    48  0000                     __Lramdata	set	__Lrdata_0
    49  0000                     __Hramdata	set	__Hrdata_0
    50                           	GLOBAL	__databank
    51  0000                     __databank	EQU	0
    52  0000                     _delay_i	equ	??_delay+0
    53                           	global	_delay_i
    54                           ;Data sizes: Strings 0, constant 0, data 0, bss
                                  0, persistent 0 stack 8
    55                           	global	_main
    56                           	global	??_main
    57                           	global	?_main
    58                           
    59                           ; *************** function _main **************
                                 *
    60                           ; Defined at:
    61                           ;		line 6 in file "C:\TechLand\MPLAB PROGRAMS\L
                                 ED\LED USING SWITCH (GND)\LED USING SWITCH GND.
                                 c"
    62                           ; Parameters:
    63                           ;		None
    64                           ; Auto variables:
    65                           ;		None
    66                           ; Return value:
    67                           ;		type: void 
    68                           ;		size: 0
    69                           ; Registers used:
    70                           ;		wreg, status,2, status,0, pclath, cstack
    71                           ; Tracked objects:
    72                           ;		On entry : BFF/0
    73                           ;		On exit  : 0/0
    74                           ;		Unchanged: 0/0
    75                           ; Data sizes:
    76                           ;		Autos:    0
    77                           ;		Params:   0
    78                           ;		Temp:     0
    79                           ;		Total:    0
    80                           ; This function calls:
    81                           ;		_delay
    82                           ; This function is called by:
    83                           ;		Startup code after reset
    84                           ; This function uses a non-reentrant model
    85                           ; 
    86                           	psect	maintext,class=CODE,delta=2
    87                           	file	"C:\TechLand\MPLAB PROGRAMS\LED\LED USING
                                  SWITCH (GND)\LED USING SWITCH GND.c"
    88                           	line	6
    89                           	psect	maintext
    90                           ;LED USING SWITCH GND.c: 3: asm("\tpsect config
                                 ,class=CONFIG,delta=2"); asm("\tdw ""0X3D72");
    91                           ;LED USING SWITCH GND.c: 4: void delay();
    92                           ;LED USING SWITCH GND.c: 5: void main()
    93                           ;LED USING SWITCH GND.c: 6: {
    94                           	
    95  0003                     _main:	
    96                           	opt stack 8
    97                           ; Regs used in _main: [wreg+status,2+status,0+p
                                 clath+cstack]
    98                           	line	7
    99                           ;LED USING SWITCH GND.c: 7: TRISB=0X00;
   100  0003  1003               	clrc
   101  0004  1683               	bsf	status, 5	;RP0=1, select bank1
   102  0005  1303               	bcf	status, 6	;RP1=0, select bank1
   103                           	
   104  0006  3000               	movlw	0
   105  0007  1803               	btfsc	status,0
   106  0008  3001               	movlw	1
   107  0009  0086               	movwf	(134)^080h	;volatile
   108                           	line	8
   109                           ;LED USING SWITCH GND.c: 8: TRISC=0X00;
   110  000A  1003               	clrc
   111                           	
   112  000B  3000               	movlw	0
   113  000C  1803               	btfsc	status,0
   114  000D  3001               	movlw	1
   115  000E  0087               	movwf	(135)^080h	;volatile
   116                           	line	9
   117                           ;LED USING SWITCH GND.c: 9: PORTB=0X00;
   118  000F  1003               	clrc
   119  0010  1283               	bcf	status, 5	;RP0=0, select bank0
   120  0011  1303               	bcf	status, 6	;RP1=0, select bank0
   121                           	
   122  0012  3000               	movlw	0
   123  0013  1803               	btfsc	status,0
   124  0014  3001               	movlw	1
   125  0015  0086               	movwf	(6)	;volatile
   126                           	line	10
   127                           ;LED USING SWITCH GND.c: 10: PORTC=0X10;
   128  0016  3010               	movlw	(010h)
   129                           	
   130  0017  0087               	movwf	(7)	;volatile
   131                           	line	11
   132                           ;LED USING SWITCH GND.c: 11: if(RC4==0)
   133  0018  1A07               	btfsc	(60/8),(60)&7
   134  0019  281B               	goto	u731
   135  001A  281C               	goto	u730
   136  001B                     u731:
   137  001B  282D               	goto	l2
   138  001C                     u730:
   139                           	line	13
   140                           ;LED USING SWITCH GND.c: 12: {
   141                           ;LED USING SWITCH GND.c: 13: while(1)
   142                           	
   143  001C                     l4:	
   144                           	line	15
   145                           ;LED USING SWITCH GND.c: 14: {
   146                           ;LED USING SWITCH GND.c: 15: RB4=1;
   147  001C  1283               	bcf	status, 5	;RP0=0, select bank0
   148  001D  1303               	bcf	status, 6	;RP1=0, select bank0
   149  001E  1606               	bsf	(52/8),(52)&7
   150                           	line	16
   151                           ;LED USING SWITCH GND.c: 16: delay();
   152  001F  120A  118A  27DE   	fcall	_delay
              120A  118A         
   153                           	line	17
   154                           ;LED USING SWITCH GND.c: 17: RB4=0;
   155  0024  1283               	bcf	status, 5	;RP0=0, select bank0
   156  0025  1303               	bcf	status, 6	;RP1=0, select bank0
   157  0026  1206               	bcf	(52/8),(52)&7
   158                           	line	18
   159                           ;LED USING SWITCH GND.c: 18: delay();
   160  0027  120A  118A  27DE   	fcall	_delay
              120A  118A         
   161                           	line	19
   162                           	
   163  002C                     l3:	
   164                           	line	13
   165  002C  281C               	goto	l4
   166                           	line	20
   167                           	
   168  002D                     l2:	
   169                           	line	21
   170                           ;LED USING SWITCH GND.c: 19: }
   171                           ;LED USING SWITCH GND.c: 20: }
   172                           ;LED USING SWITCH GND.c: 21: }
   173  002D                     l1:	
   174                           	global	start
   175  002D  120A  118A  2800   	ljmp	start
   176                           ; =============== function _main ends =========
                                 ======
   177                           
   178                           GLOBAL __end_of_main
   179  0030                     	__end_of_main:
   180                           	FNSIZE	_main,0,0
   181                           	signat	_main,88
   182                           	global	_delay
   183                           	global	??_delay
   184                           	global	?_delay
   185                           
   186                           ; *************** function _delay *************
                                 **
   187                           ; Defined at:
   188                           ;		line 23 in file "C:\TechLand\MPLAB PROGRAMS\
                                 LED\LED USING SWITCH (GND)\LED USING SWITCH GND
                                 .c"
   189                           ; Parameters:
   190                           ;		None
   191                           ; Auto variables:
   192                           ;		i           	       	type: int 
   193                           ; Return value:
   194                           ;		type: void 
   195                           ;		size: 0
   196                           ; Registers used:
   197                           ;		wreg
   198                           ; Tracked objects:
   199                           ;		On entry : 300/0
   200                           ;		On exit  : 0/0
   201                           ;		Unchanged: 0/0
   202                           ; Data sizes:
   203                           ;		Autos:    2
   204                           ;		Params:   0
   205                           ;		Temp:     2
   206                           ;		Total:    4
   207                           ; This function calls:
   208                           ;		__delay
   209                           ; This function is called by:
   210                           ;		_main
   211                           ; This function uses a non-reentrant model
   212                           ; 
   213                           	psect	text22,local,class=CODE,delta=2
   214                           	file	"C:\TechLand\MPLAB PROGRAMS\LED\LED USING
                                  SWITCH (GND)\LED USING SWITCH GND.c"
   215                           	line	23
   216                           ;LED USING SWITCH GND.c: 22: void delay()
   217                           ;LED USING SWITCH GND.c: 23: {
   218                           	
   219  07DE                     _delay:	
   220                           	opt stack 7
   221                           ; Regs used in _delay: [wreg]
   222                           	line	24
   223                           ;LED USING SWITCH GND.c: 24: for(int i=0;i<50;i
                                 ++)
   224  07DE  3000               	movlw	low(0)
   225                           	
   226  07DF  00F0               	movwf	(_delay_i)
   227  07E0  3000               	movlw	high(0)
   228  07E1  00F1               	movwf	((_delay_i))+1
   229  07E2  2FE3               	goto	l7
   230                           	line	25
   231                           	
   232  07E3                     l7:	
   233                           ;LED USING SWITCH GND.c: 25: _delay((unsigned l
                                 ong)((10)*(20000000/4000.0)));
   234                           	
   235  07E3  3041               	movlw	65
   236  07E4  00F3               movwf	(??_delay+2+0+1),f
   237  07E5  30EE               	movlw	238
   238  07E6  00F2               movwf	(??_delay+2+0),f
   239  07E7                     u767:
   240  07E7  0BF2               	decfsz	(??_delay+2+0),f
   241  07E8  2FE7               	goto	u767
   242  07E9  0BF3               	decfsz	(??_delay+2+0+1),f
   243  07EA  2FE7               	goto	u767
   244  07EB  0064               	clrwdt
   245                           
   246                           	line	24
   247                           	
   248  07EC  3001               	movlw	low(01h)
   249  07ED  07F0               	addwf	(_delay_i),f
   250  07EE  1803               	skipnc
   251  07EF  0AF1               	incf	(_delay_i+1),f
   252  07F0  3000               	movlw	high(01h)
   253  07F1  07F1               	addwf	(_delay_i+1),f
   254                           	
   255  07F2  0871               	movf	(_delay_i+1),w
   256  07F3  3A80               	xorlw	80h
   257  07F4  00F2               	movwf	(??_delay+2+0)
   258  07F5  3080               	movlw	(high(032h))^80h
   259  07F6  0272               	subwf	(??_delay+2+0),w
   260  07F7  1D03               	skipz
   261  07F8  2FFB               	goto	u7510
   262  07F9                     u7515:
   263  07F9  3032               	movlw	low(032h)
   264  07FA  0270               	subwf	(_delay_i),w
   265  07FB                     u7510:
   266                           
   267  07FB  1C03               	skipc
   268  07FC  2FFE               	goto	u751
   269  07FD  2FFF               	goto	u750
   270  07FE                     u751:
   271  07FE  2FE3               	goto	l7
   272  07FF                     u750:
   273                           	
   274  07FF                     l8:	
   275                           	line	26
   276                           ;LED USING SWITCH GND.c: 26: }
   277  07FF                     l6:	
   278  07FF  0008               	return
   279                           ; =============== function _delay ends ========
                                 =======
   280                           
   281                           GLOBAL __end_of_delay
   282  0800                     	__end_of_delay:
   283                           	FNSIZE	_delay,4,0
   284                           	signat	_delay,88
   285                           	FNCALL	_main,_delay
   286                           	FNROOT	_main
   287                           	psect	strings,class=CODE,delta=2,reloc=256
   288                           	global	_ADCON0
   289                           	global	_ADCON0
   290  0000                     	_ADCON0	set	0x1F
   291                           
   292                           	global	_ADCON1
   293                           	global	_ADCON1
   294  0000                     	_ADCON1	set	0x9F
   295                           
   296                           	global	_ADRESH
   297                           	global	_ADRESH
   298  0000                     	_ADRESH	set	0x1E
   299                           
   300                           	global	_ADRESL
   301                           	global	_ADRESL
   302  0000                     	_ADRESL	set	0x9E
   303                           
   304                           	global	_CCP1CON
   305                           	global	_CCP1CON
   306  0000                     	_CCP1CON	set	0x17
   307                           
   308                           	global	_CCP2CON
   309                           	global	_CCP2CON
   310  0000                     	_CCP2CON	set	0x1D
   311                           
   312                           	global	_CCPR1H
   313                           	global	_CCPR1H
   314  0000                     	_CCPR1H	set	0x16
   315                           
   316                           	global	_CCPR1L
   317                           	global	_CCPR1L
   318  0000                     	_CCPR1L	set	0x15
   319                           
   320                           	global	_CCPR2H
   321                           	global	_CCPR2H
   322  0000                     	_CCPR2H	set	0x1C
   323                           
   324                           	global	_CCPR2L
   325                           	global	_CCPR2L
   326  0000                     	_CCPR2L	set	0x1B
   327                           
   328                           	global	_CMCON
   329                           	global	_CMCON
   330  0000                     	_CMCON	set	0x9C
   331                           
   332                           	global	_CVRCON
   333                           	global	_CVRCON
   334  0000                     	_CVRCON	set	0x9D
   335                           
   336                           	global	_EEADR
   337                           	global	_EEADR
   338  0000                     	_EEADR	set	0x10D
   339                           
   340                           	global	_EEADRH
   341                           	global	_EEADRH
   342  0000                     	_EEADRH	set	0x10F
   343                           
   344                           	global	_EEADRL
   345                           	global	_EEADRL
   346  0000                     	_EEADRL	set	0x10D
   347                           
   348                           	global	_EECON1
   349                           	global	_EECON1
   350  0000                     	_EECON1	set	0x18C
   351                           
   352                           	global	_EECON2
   353                           	global	_EECON2
   354  0000                     	_EECON2	set	0x18D
   355                           
   356                           	global	_EEDATA
   357                           	global	_EEDATA
   358  0000                     	_EEDATA	set	0x10C
   359                           
   360                           	global	_EEDATH
   361                           	global	_EEDATH
   362  0000                     	_EEDATH	set	0x10E
   363                           
   364                           	global	_FSR
   365                           	global	_FSR
   366  0000                     	_FSR	set	0x4
   367                           
   368                           	global	_INDF
   369                           	global	_INDF
   370  0000                     	_INDF	set	0x0
   371                           
   372                           	global	_INTCON
   373                           	global	_INTCON
   374  0000                     	_INTCON	set	0xB
   375                           
   376                           	global	_OPTION
   377                           	global	_OPTION
   378  0000                     	_OPTION	set	0x81
   379                           
   380                           	global	_PCL
   381                           	global	_PCL
   382  0000                     	_PCL	set	0x2
   383                           
   384                           	global	_PCLATH
   385                           	global	_PCLATH
   386  0000                     	_PCLATH	set	0xA
   387                           
   388                           	global	_PCON
   389                           	global	_PCON
   390  0000                     	_PCON	set	0x8E
   391                           
   392                           	global	_PIE1
   393                           	global	_PIE1
   394  0000                     	_PIE1	set	0x8C
   395                           
   396                           	global	_PIE2
   397                           	global	_PIE2
   398  0000                     	_PIE2	set	0x8D
   399                           
   400                           	global	_PIR1
   401                           	global	_PIR1
   402  0000                     	_PIR1	set	0xC
   403                           
   404                           	global	_PIR2
   405                           	global	_PIR2
   406  0000                     	_PIR2	set	0xD
   407                           
   408                           	global	_PORTA
   409                           	global	_PORTA
   410  0000                     	_PORTA	set	0x5
   411                           
   412                           	global	_PORTB
   413  0000                     	_PORTB	set	0x6
   414                           
   415                           	global	_PORTC
   416  0000                     	_PORTC	set	0x7
   417                           
   418                           	global	_PORTD
   419                           	global	_PORTD
   420  0000                     	_PORTD	set	0x8
   421                           
   422                           	global	_PORTE
   423                           	global	_PORTE
   424  0000                     	_PORTE	set	0x9
   425                           
   426                           	global	_PR2
   427                           	global	_PR2
   428  0000                     	_PR2	set	0x92
   429                           
   430                           	global	_RCREG
   431                           	global	_RCREG
   432  0000                     	_RCREG	set	0x1A
   433                           
   434                           	global	_RCSTA
   435                           	global	_RCSTA
   436  0000                     	_RCSTA	set	0x18
   437                           
   438                           	global	_SPBRG
   439                           	global	_SPBRG
   440  0000                     	_SPBRG	set	0x99
   441                           
   442                           	global	_SSPADD
   443                           	global	_SSPADD
   444  0000                     	_SSPADD	set	0x93
   445                           
   446                           	global	_SSPBUF
   447                           	global	_SSPBUF
   448  0000                     	_SSPBUF	set	0x13
   449                           
   450                           	global	_SSPCON
   451                           	global	_SSPCON
   452  0000                     	_SSPCON	set	0x14
   453                           
   454                           	global	_SSPCON2
   455                           	global	_SSPCON2
   456  0000                     	_SSPCON2	set	0x91
   457                           
   458                           	global	_SSPSTAT
   459                           	global	_SSPSTAT
   460  0000                     	_SSPSTAT	set	0x94
   461                           
   462                           	global	_STATUS
   463                           	global	_STATUS
   464  0000                     	_STATUS	set	0x3
   465                           
   466                           	global	_T1CON
   467                           	global	_T1CON
   468  0000                     	_T1CON	set	0x10
   469                           
   470                           	global	_T2CON
   471                           	global	_T2CON
   472  0000                     	_T2CON	set	0x12
   473                           
   474                           	global	_TMR0
   475                           	global	_TMR0
   476  0000                     	_TMR0	set	0x1
   477                           
   478                           	global	_TMR1H
   479                           	global	_TMR1H
   480  0000                     	_TMR1H	set	0xF
   481+                          
   482+                          	global	_TMR1L
   483+                          	global	_TMR1L
   484+ 0000                     	_TMR1L	set	0xE
   485                           
   486                           	global	_TMR2
   487                           	global	_TMR2
   488  0000                     	_TMR2	set	0x11
   489                           
   490                           	global	_TRISA
   491                           	global	_TRISA
   492  0000                     	_TRISA	set	0x85
   493                           
   494                           	global	_TRISB
   495  0000                     	_TRISB	set	0x86
   496                           
   497                           	global	_TRISC
   498  0000                     	_TRISC	set	0x87
   499                           
   500                           	global	_TRISD
   501                           	global	_TRISD
   502  0000                     	_TRISD	set	0x88
   503                           
   504                           	global	_TRISE
   505                           	global	_TRISE
   506  0000                     	_TRISE	set	0x89
   507                           
   508                           	global	_TXREG
   509                           	global	_TXREG
   510  0000                     	_TXREG	set	0x19
   511                           
   512                           	global	_TXSTA
   513                           	global	_TXSTA
   514  0000                     	_TXSTA	set	0x98
   515                           
   516                           	global	_ACKDT
   517                           	global	_ACKDT
   518  0000                     	_ACKDT	set	0x48D	;byte address: 0x91
   519                           
   520                           	global	_ACKEN
   521                           	global	_ACKEN
   522  0000                     	_ACKEN	set	0x48C	;byte address: 0x91
   523                           
   524                           	global	_ACKSTAT
   525                           	global	_ACKSTAT
   526  0000                     	_ACKSTAT	set	0x48E	;byte address: 0x91
   527                           
   528                           	global	_ADCS0
   529                           	global	_ADCS0
   530  0000                     	_ADCS0	set	0xFE	;byte address: 0x1F
   531                           
   532                           	global	_ADCS1
   533                           	global	_ADCS1
   534  0000                     	_ADCS1	set	0xFF	;byte address: 0x1F
   535                           
   536                           	global	_ADCS2
   537                           	global	_ADCS2
   538  0000                     	_ADCS2	set	0x4FE	;byte address: 0x9F
   539                           
   540                           	global	_ADDEN
   541                           	global	_ADDEN
   542  0000                     	_ADDEN	set	0xC3	;byte address: 0x18
   543                           
   544                           	global	_ADFM
   545                           	global	_ADFM
   546  0000                     	_ADFM	set	0x4FF	;byte address: 0x9F
   547                           
   548                           	global	_ADGO
   549                           	global	_ADGO
   550  0000                     	_ADGO	set	0xFA	;byte address: 0x1F
   551                           
   552                           	global	_ADIE
   553                           	global	_ADIE
   554  0000                     	_ADIE	set	0x466	;byte address: 0x8C
   555                           
   556                           	global	_ADIF
   557                           	global	_ADIF
   558  0000                     	_ADIF	set	0x66	;byte address: 0xC
   559                           
   560                           	global	_ADON
   561                           	global	_ADON
   562  0000                     	_ADON	set	0xF8	;byte address: 0x1F
   563                           
   564                           	global	_BCLIE
   565                           	global	_BCLIE
   566  0000                     	_BCLIE	set	0x46B	;byte address: 0x8D
   567                           
   568                           	global	_BCLIF
   569                           	global	_BCLIF
   570  0000                     	_BCLIF	set	0x6B	;byte address: 0xD
   571                           
   572                           	global	_BF
   573                           	global	_BF
   574  0000                     	_BF	set	0x4A0	;byte address: 0x94
   575                           
   576                           	global	_BOR
   577                           	global	_BOR
   578  0000                     	_BOR	set	0x470	;byte address: 0x8E
   579                           
   580                           	global	_BRGH
   581                           	global	_BRGH
   582  0000                     	_BRGH	set	0x4C2	;byte address: 0x98
   583                           
   584                           	global	_C1INV
   585                           	global	_C1INV
   586  0000                     	_C1INV	set	0x4E4	;byte address: 0x9C
   587                           
   588                           	global	_C1OUT
   589                           	global	_C1OUT
   590  0000                     	_C1OUT	set	0x4E6	;byte address: 0x9C
   591                           
   592                           	global	_C2INV
   593                           	global	_C2INV
   594  0000                     	_C2INV	set	0x4E5	;byte address: 0x9C
   595                           
   596                           	global	_C2OUT
   597                           	global	_C2OUT
   598  0000                     	_C2OUT	set	0x4E7	;byte address: 0x9C
   599                           
   600                           	global	_CARRY
   601                           	global	_CARRY
   602  0000                     	_CARRY	set	0x18	;byte address: 0x3
   603                           
   604                           	global	_CCP1IE
   605                           	global	_CCP1IE
   606  0000                     	_CCP1IE	set	0x462	;byte address: 0x8C
   607                           
   608                           	global	_CCP1IF
   609                           	global	_CCP1IF
   610  0000                     	_CCP1IF	set	0x62	;byte address: 0xC
   611                           
   612                           	global	_CCP1M0
   613                           	global	_CCP1M0
   614  0000                     	_CCP1M0	set	0xB8	;byte address: 0x17
   615                           
   616                           	global	_CCP1M1
   617                           	global	_CCP1M1
   618  0000                     	_CCP1M1	set	0xB9	;byte address: 0x17
   619                           
   620                           	global	_CCP1M2
   621                           	global	_CCP1M2
   622  0000                     	_CCP1M2	set	0xBA	;byte address: 0x17
   623                           
   624                           	global	_CCP1M3
   625                           	global	_CCP1M3
   626  0000                     	_CCP1M3	set	0xBB	;byte address: 0x17
   627                           
   628                           	global	_CCP1X
   629                           	global	_CCP1X
   630  0000                     	_CCP1X	set	0xBD	;byte address: 0x17
   631                           
   632                           	global	_CCP1Y
   633                           	global	_CCP1Y
   634  0000                     	_CCP1Y	set	0xBC	;byte address: 0x17
   635                           
   636                           	global	_CCP2IE
   637                           	global	_CCP2IE
   638  0000                     	_CCP2IE	set	0x468	;byte address: 0x8D
   639                           
   640                           	global	_CCP2IF
   641                           	global	_CCP2IF
   642  0000                     	_CCP2IF	set	0x68	;byte address: 0xD
   643                           
   644                           	global	_CCP2M0
   645                           	global	_CCP2M0
   646  0000                     	_CCP2M0	set	0xE8	;byte address: 0x1D
   647                           
   648                           	global	_CCP2M1
   649                           	global	_CCP2M1
   650  0000                     	_CCP2M1	set	0xE9	;byte address: 0x1D
   651                           
   652                           	global	_CCP2M2
   653                           	global	_CCP2M2
   654  0000                     	_CCP2M2	set	0xEA	;byte address: 0x1D
   655                           
   656                           	global	_CCP2M3
   657                           	global	_CCP2M3
   658  0000                     	_CCP2M3	set	0xEB	;byte address: 0x1D
   659                           
   660                           	global	_CCP2X
   661                           	global	_CCP2X
   662  0000                     	_CCP2X	set	0xED	;byte address: 0x1D
   663                           
   664                           	global	_CCP2Y
   665                           	global	_CCP2Y
   666  0000                     	_CCP2Y	set	0xEC	;byte address: 0x1D
   667                           
   668                           	global	_CHS0
   669                           	global	_CHS0
   670  0000                     	_CHS0	set	0xFB	;byte address: 0x1F
   671                           
   672                           	global	_CHS1
   673                           	global	_CHS1
   674  0000                     	_CHS1	set	0xFC	;byte address: 0x1F
   675                           
   676                           	global	_CHS2
   677                           	global	_CHS2
   678  0000                     	_CHS2	set	0xFD	;byte address: 0x1F
   679                           
   680                           	global	_CIS
   681                           	global	_CIS
   682  0000                     	_CIS	set	0x4E3	;byte address: 0x9C
   683                           
   684                           	global	_CKE
   685                           	global	_CKE
   686  0000                     	_CKE	set	0x4A6	;byte address: 0x94
   687                           
   688                           	global	_CKP
   689                           	global	_CKP
   690  0000                     	_CKP	set	0xA4	;byte address: 0x14
   691                           
   692                           	global	_CM0
   693                           	global	_CM0
   694  0000                     	_CM0	set	0x4E0	;byte address: 0x9C
   695                           
   696                           	global	_CM1
   697                           	global	_CM1
   698  0000                     	_CM1	set	0x4E1	;byte address: 0x9C
   699                           
   700                           	global	_CM2
   701                           	global	_CM2
   702  0000                     	_CM2	set	0x4E2	;byte address: 0x9C
   703                           
   704                           	global	_CMIE
   705                           	global	_CMIE
   706  0000                     	_CMIE	set	0x46E	;byte address: 0x8D
   707                           
   708                           	global	_CMIF
   709                           	global	_CMIF
   710  0000                     	_CMIF	set	0x6E	;byte address: 0xD
   711                           
   712                           	global	_CREN
   713                           	global	_CREN
   714  0000                     	_CREN	set	0xC4	;byte address: 0x18
   715                           
   716                           	global	_CSRC
   717                           	global	_CSRC
   718  0000                     	_CSRC	set	0x4C7	;byte address: 0x98
   719                           
   720                           	global	_CVR0
   721                           	global	_CVR0
   722  0000                     	_CVR0	set	0x4E8	;byte address: 0x9D
   723                           
   724                           	global	_CVR1
   725                           	global	_CVR1
   726  0000                     	_CVR1	set	0x4E9	;byte address: 0x9D
   727                           
   728                           	global	_CVR2
   729                           	global	_CVR2
   730  0000                     	_CVR2	set	0x4EA	;byte address: 0x9D
   731                           
   732                           	global	_CVR3
   733                           	global	_CVR3
   734  0000                     	_CVR3	set	0x4EB	;byte address: 0x9D
   735                           
   736                           	global	_CVREN
   737                           	global	_CVREN
   738  0000                     	_CVREN	set	0x4EF	;byte address: 0x9D
   739                           
   740                           	global	_CVROE
   741                           	global	_CVROE
   742  0000                     	_CVROE	set	0x4EE	;byte address: 0x9D
   743                           
   744                           	global	_CVRR
   745                           	global	_CVRR
   746  0000                     	_CVRR	set	0x4ED	;byte address: 0x9D
   747                           
   748                           	global	_DA
   749                           	global	_DA
   750  0000                     	_DA	set	0x4A5	;byte address: 0x94
   751                           
   752                           	global	_DC
   753                           	global	_DC
   754  0000                     	_DC	set	0x19	;byte address: 0x3
   755                           
   756                           	global	_EEIE
   757                           	global	_EEIE
   758  0000                     	_EEIE	set	0x46C	;byte address: 0x8D
   759                           
   760                           	global	_EEIF
   761                           	global	_EEIF
   762  0000                     	_EEIF	set	0x6C	;byte address: 0xD
   763                           
   764                           	global	_EEPGD
   765                           	global	_EEPGD
   766  0000                     	_EEPGD	set	0xC67	;byte address: 0x18C
   767                           
   768                           	global	_FERR
   769                           	global	_FERR
   770  0000                     	_FERR	set	0xC2	;byte address: 0x18
   771                           
   772                           	global	_GCEN
   773                           	global	_GCEN
   774  0000                     	_GCEN	set	0x48F	;byte address: 0x91
   775                           
   776                           	global	_GIE
   777                           	global	_GIE
   778  0000                     	_GIE	set	0x5F	;byte address: 0xB
   779                           
   780                           	global	_GODONE
   781                           	global	_GODONE
   782  0000                     	_GODONE	set	0xFA	;byte address: 0x1F
   783                           
   784                           	global	_IBF
   785                           	global	_IBF
   786  0000                     	_IBF	set	0x44F	;byte address: 0x89
   787                           
   788                           	global	_IBOV
   789                           	global	_IBOV
   790  0000                     	_IBOV	set	0x44D	;byte address: 0x89
   791                           
   792                           	global	_INTE
   793                           	global	_INTE
   794  0000                     	_INTE	set	0x5C	;byte address: 0xB
   795                           
   796                           	global	_INTEDG
   797                           	global	_INTEDG
   798  0000                     	_INTEDG	set	0x40E	;byte address: 0x81
   799                           
   800                           	global	_INTF
   801                           	global	_INTF
   802  0000                     	_INTF	set	0x59	;byte address: 0xB
   803                           
   804                           	global	_IRP
   805                           	global	_IRP
   806  0000                     	_IRP	set	0x1F	;byte address: 0x3
   807                           
   808                           	global	_OBF
   809                           	global	_OBF
   810  0000                     	_OBF	set	0x44E	;byte address: 0x89
   811                           
   812                           	global	_OERR
   813                           	global	_OERR
   814  0000                     	_OERR	set	0xC1	;byte address: 0x18
   815                           
   816                           	global	_PCFG0
   817                           	global	_PCFG0
   818  0000                     	_PCFG0	set	0x4F8	;byte address: 0x9F
   819                           
   820                           	global	_PCFG1
   821                           	global	_PCFG1
   822  0000                     	_PCFG1	set	0x4F9	;byte address: 0x9F
   823                           
   824                           	global	_PCFG2
   825                           	global	_PCFG2
   826  0000                     	_PCFG2	set	0x4FA	;byte address: 0x9F
   827                           
   828                           	global	_PCFG3
   829                           	global	_PCFG3
   830  0000                     	_PCFG3	set	0x4FB	;byte address: 0x9F
   831                           
   832                           	global	_PD
   833                           	global	_PD
   834  0000                     	_PD	set	0x1B	;byte address: 0x3
   835                           
   836                           	global	_PEIE
   837                           	global	_PEIE
   838  0000                     	_PEIE	set	0x5E	;byte address: 0xB
   839                           
   840                           	global	_PEN
   841                           	global	_PEN
   842  0000                     	_PEN	set	0x48A	;byte address: 0x91
   843                           
   844                           	global	_POR
   845                           	global	_POR
   846  0000                     	_POR	set	0x471	;byte address: 0x8E
   847                           
   848                           	global	_PS0
   849                           	global	_PS0
   850  0000                     	_PS0	set	0x408	;byte address: 0x81
   851                           
   852                           	global	_PS1
   853                           	global	_PS1
   854  0000                     	_PS1	set	0x409	;byte address: 0x81
   855                           
   856                           	global	_PS2
   857                           	global	_PS2
   858  0000                     	_PS2	set	0x40A	;byte address: 0x81
   859                           
   860                           	global	_PSA
   861                           	global	_PSA
   862  0000                     	_PSA	set	0x40B	;byte address: 0x81
   863                           
   864                           	global	_PSPIE
   865                           	global	_PSPIE
   866  0000                     	_PSPIE	set	0x467	;byte address: 0x8C
   867                           
   868                           	global	_PSPIF
   869                           	global	_PSPIF
   870  0000                     	_PSPIF	set	0x67	;byte address: 0xC
   871                           
   872                           	global	_PSPMODE
   873                           	global	_PSPMODE
   874  0000                     	_PSPMODE	set	0x44C	;byte address: 0x89
   875                           
   876                           	global	_RA0
   877                           	global	_RA0
   878  0000                     	_RA0	set	0x28	;byte address: 0x5
   879                           
   880                           	global	_RA1
   881                           	global	_RA1
   882  0000                     	_RA1	set	0x29	;byte address: 0x5
   883                           
   884                           	global	_RA2
   885                           	global	_RA2
   886  0000                     	_RA2	set	0x2A	;byte address: 0x5
   887                           
   888                           	global	_RA3
   889                           	global	_RA3
   890  0000                     	_RA3	set	0x2B	;byte address: 0x5
   891                           
   892                           	global	_RA4
   893                           	global	_RA4
   894  0000                     	_RA4	set	0x2C	;byte address: 0x5
   895                           
   896                           	global	_RA5
   897                           	global	_RA5
   898  0000                     	_RA5	set	0x2D	;byte address: 0x5
   899                           
   900                           	global	_RB0
   901                           	global	_RB0
   902  0000                     	_RB0	set	0x30	;byte address: 0x6
   903                           
   904                           	global	_RB1
   905                           	global	_RB1
   906  0000                     	_RB1	set	0x31	;byte address: 0x6
   907                           
   908                           	global	_RB2
   909                           	global	_RB2
   910  0000                     	_RB2	set	0x32	;byte address: 0x6
   911                           
   912                           	global	_RB3
   913                           	global	_RB3
   914  0000                     	_RB3	set	0x33	;byte address: 0x6
   915                           
   916                           	global	_RB4
   917  0000                     	_RB4	set	0x34	;byte address: 0x6
   918                           
   919                           	global	_RB5
   920                           	global	_RB5
   921  0000                     	_RB5	set	0x35	;byte address: 0x6
   922                           
   923                           	global	_RB6
   924                           	global	_RB6
   925  0000                     	_RB6	set	0x36	;byte address: 0x6
   926                           
   927                           	global	_RB7
   928                           	global	_RB7
   929  0000                     	_RB7	set	0x37	;byte address: 0x6
   930                           
   931                           	global	_RBIE
   932                           	global	_RBIE
   933  0000                     	_RBIE	set	0x5B	;byte address: 0xB
   934                           
   935                           	global	_RBIF
   936                           	global	_RBIF
   937  0000                     	_RBIF	set	0x58	;byte address: 0xB
   938                           
   939                           	global	_RBPU
   940                           	global	_RBPU
   941  0000                     	_RBPU	set	0x40F	;byte address: 0x81
   942                           
   943                           	global	_RC0
   944                           	global	_RC0
   945  0000                     	_RC0	set	0x38	;byte address: 0x7
   946                           
   947                           	global	_RC1
   948                           	global	_RC1
   949  0000                     	_RC1	set	0x39	;byte address: 0x7
   950                           
   951                           	global	_RC2
   952                           	global	_RC2
   953  0000                     	_RC2	set	0x3A	;byte address: 0x7
   954                           
   955                           	global	_RC3
   956                           	global	_RC3
   957  0000                     	_RC3	set	0x3B	;byte address: 0x7
   958                           
   959                           	global	_RC4
   960  0000                     	_RC4	set	0x3C	;byte address: 0x7
   961                           
   962                           	global	_RC5
   963                           	global	_RC5
   964  0000                     	_RC5	set	0x3D	;byte address: 0x7
   965                           
   966                           	global	_RC6
   967                           	global	_RC6
   968  0000                     	_RC6	set	0x3E	;byte address: 0x7
   969                           
   970                           	global	_RC7
   971                           	global	_RC7
   972  0000                     	_RC7	set	0x3F	;byte address: 0x7
   973                           
   974                           	global	_RCEN
   975                           	global	_RCEN
   976  0000                     	_RCEN	set	0x48B	;byte address: 0x91
   977                           
   978                           	global	_RCIE
   979                           	global	_RCIE
   980  0000                     	_RCIE	set	0x465	;byte address: 0x8C
   981                           
   982                           	global	_RCIF
   983                           	global	_RCIF
   984  0000                     	_RCIF	set	0x65	;byte address: 0xC
   985                           
   986                           	global	_RD
   987                           	global	_RD
   988  0000                     	_RD	set	0xC60	;byte address: 0x18C
   989                           
   990                           	global	_RD0
   991                           	global	_RD0
   992  0000                     	_RD0	set	0x40	;byte address: 0x8
   993                           
   994                           	global	_RD1
   995                           	global	_RD1
   996  0000                     	_RD1	set	0x41	;byte address: 0x8
   997                           
   998                           	global	_RD2
   999                           	global	_RD2
  1000  0000                     	_RD2	set	0x42	;byte address: 0x8
  1001                           
  1002                           	global	_RD3
  1003                           	global	_RD3
  1004  0000                     	_RD3	set	0x43	;byte address: 0x8
  1005                           
  1006                           	global	_RD4
  1007                           	global	_RD4
  1008  0000                     	_RD4	set	0x44	;byte address: 0x8
  1009                           
  1010                           	global	_RD5
  1011                           	global	_RD5
  1012  0000                     	_RD5	set	0x45	;byte address: 0x8
  1013                           
  1014                           	global	_RD6
  1015                           	global	_RD6
  1016  0000                     	_RD6	set	0x46	;byte address: 0x8
  1017                           
  1018                           	global	_RD7
  1019                           	global	_RD7
  1020  0000                     	_RD7	set	0x47	;byte address: 0x8
  1021                           
  1022                           	global	_RE0
  1023                           	global	_RE0
  1024  0000                     	_RE0	set	0x48	;byte address: 0x9
  1025                           
  1026                           	global	_RE1
  1027                           	global	_RE1
  1028  0000                     	_RE1	set	0x49	;byte address: 0x9
  1029                           
  1030                           	global	_RE2
  1031                           	global	_RE2
  1032  0000                     	_RE2	set	0x4A	;byte address: 0x9
  1033                           
  1034                           	global	_RP0
  1035                           	global	_RP0
  1036  0000                     	_RP0	set	0x1D	;byte address: 0x3
  1037                           
  1038                           	global	_RP1
  1039                           	global	_RP1
  1040  0000                     	_RP1	set	0x1E	;byte address: 0x3
  1041                           
  1042                           	global	_RSEN
  1043                           	global	_RSEN
  1044  0000                     	_RSEN	set	0x489	;byte address: 0x91
  1045                           
  1046                           	global	_RW
  1047                           	global	_RW
  1048  0000                     	_RW	set	0x4A2	;byte address: 0x94
  1049                           
  1050                           	global	_RX9
  1051                           	global	_RX9
  1052  0000                     	_RX9	set	0xC6	;byte address: 0x18
  1053                           
  1054                           	global	_RX9D
  1055                           	global	_RX9D
  1056  0000                     	_RX9D	set	0xC0	;byte address: 0x18
  1057                           
  1058                           	global	_SEN
  1059                           	global	_SEN
  1060  0000                     	_SEN	set	0x488	;byte address: 0x91
  1061                           
  1062                           	global	_SMP
  1063                           	global	_SMP
  1064  0000                     	_SMP	set	0x4A7	;byte address: 0x94
  1065                           
  1066                           	global	_SPEN
  1067                           	global	_SPEN
  1068  0000                     	_SPEN	set	0xC7	;byte address: 0x18
  1069                           
  1070                           	global	_SREN
  1071                           	global	_SREN
  1072  0000                     	_SREN	set	0xC5	;byte address: 0x18
  1073                           
  1074                           	global	_SSPEN
  1075                           	global	_SSPEN
  1076  0000                     	_SSPEN	set	0xA5	;byte address: 0x14
  1077                           
  1078                           	global	_SSPIE
  1079                           	global	_SSPIE
  1080  0000                     	_SSPIE	set	0x463	;byte address: 0x8C
  1081                           
  1082                           	global	_SSPIF
  1083                           	global	_SSPIF
  1084  0000                     	_SSPIF	set	0x63	;byte address: 0xC
  1085                           
  1086                           	global	_SSPM0
  1087                           	global	_SSPM0
  1088  0000                     	_SSPM0	set	0xA0	;byte address: 0x14
  1089                           
  1090                           	global	_SSPM1
  1091                           	global	_SSPM1
  1092  0000                     	_SSPM1	set	0xA1	;byte address: 0x14
  1093                           
  1094                           	global	_SSPM2
  1095                           	global	_SSPM2
  1096  0000                     	_SSPM2	set	0xA2	;byte address: 0x14
  1097                           
  1098                           	global	_SSPM3
  1099                           	global	_SSPM3
  1100  0000                     	_SSPM3	set	0xA3	;byte address: 0x14
  1101                           
  1102                           	global	_SSPOV
  1103                           	global	_SSPOV
  1104  0000                     	_SSPOV	set	0xA6	;byte address: 0x14
  1105                           
  1106                           	global	_START
  1107                           	global	_START
  1108  0000                     	_START	set	0x4A3	;byte address: 0x94
  1109                           
  1110                           	global	_STOP
  1111                           	global	_STOP
  1112  0000                     	_STOP	set	0x4A4	;byte address: 0x94
  1113                           
  1114                           	global	_SYNC
  1115                           	global	_SYNC
  1116  0000                     	_SYNC	set	0x4C4	;byte address: 0x98
  1117                           
  1118                           	global	_T0CS
  1119                           	global	_T0CS
  1120  0000                     	_T0CS	set	0x40D	;byte address: 0x81
  1121                           
  1122                           	global	_T0IE
  1123                           	global	_T0IE
  1124  0000                     	_T0IE	set	0x5D	;byte address: 0xB
  1125                           
  1126                           	global	_T0IF
  1127                           	global	_T0IF
  1128  0000                     	_T0IF	set	0x5A	;byte address: 0xB
  1129                           
  1130                           	global	_T0SE
  1131                           	global	_T0SE
  1132  0000                     	_T0SE	set	0x40C	;byte address: 0x81
  1133                           
  1134                           	global	_T1CKPS0
  1135                           	global	_T1CKPS0
  1136  0000                     	_T1CKPS0	set	0x84	;byte address: 0x10
  1137                           
  1138                           	global	_T1CKPS1
  1139                           	global	_T1CKPS1
  1140  0000                     	_T1CKPS1	set	0x85	;byte address: 0x10
  1141                           
  1142                           	global	_T1OSCEN
  1143                           	global	_T1OSCEN
  1144  0000                     	_T1OSCEN	set	0x83	;byte address: 0x10
  1145                           
  1146                           	global	_T1SYNC
  1147                           	global	_T1SYNC
  1148  0000                     	_T1SYNC	set	0x82	;byte address: 0x10
  1149                           
  1150                           	global	_T2CKPS0
  1151                           	global	_T2CKPS0
  1152  0000                     	_T2CKPS0	set	0x90	;byte address: 0x12
  1153                           
  1154                           	global	_T2CKPS1
  1155                           	global	_T2CKPS1
  1156  0000                     	_T2CKPS1	set	0x91	;byte address: 0x12
  1157                           
  1158                           	global	_TMR0IE
  1159                           	global	_TMR0IE
  1160  0000                     	_TMR0IE	set	0x5D	;byte address: 0xB
  1161                           
  1162                           	global	_TMR0IF
  1163                           	global	_TMR0IF
  1164  0000                     	_TMR0IF	set	0x5A	;byte address: 0xB
  1165                           
  1166                           	global	_TMR1CS
  1167                           	global	_TMR1CS
  1168  0000                     	_TMR1CS	set	0x81	;byte address: 0x10
  1169                           
  1170                           	global	_TMR1IE
  1171                           	global	_TMR1IE
  1172  0000                     	_TMR1IE	set	0x460	;byte address: 0x8C
  1173                           
  1174                           	global	_TMR1IF
  1175                           	global	_TMR1IF
  1176  0000                     	_TMR1IF	set	0x60	;byte address: 0xC
  1177                           
  1178                           	global	_TMR1ON
  1179                           	global	_TMR1ON
  1180  0000                     	_TMR1ON	set	0x80	;byte address: 0x10
  1181                           
  1182                           	global	_TMR2IE
  1183                           	global	_TMR2IE
  1184  0000                     	_TMR2IE	set	0x461	;byte address: 0x8C
  1185                           
  1186                           	global	_TMR2IF
  1187                           	global	_TMR2IF
  1188  0000                     	_TMR2IF	set	0x61	;byte address: 0xC
  1189                           
  1190                           	global	_TMR2ON
  1191                           	global	_TMR2ON
  1192  0000                     	_TMR2ON	set	0x92	;byte address: 0x12
  1193                           
  1194                           	global	_TO
  1195                           	global	_TO
  1196  0000                     	_TO	set	0x1C	;byte address: 0x3
  1197                           
  1198                           	global	_TOUTPS0
  1199                           	global	_TOUTPS0
  1200  0000                     	_TOUTPS0	set	0x93	;byte address: 0x12
  1201                           
  1202                           	global	_TOUTPS1
  1203                           	global	_TOUTPS1
  1204  0000                     	_TOUTPS1	set	0x94	;byte address: 0x12
  1205                           
  1206                           	global	_TOUTPS2
  1207                           	global	_TOUTPS2
  1208  0000                     	_TOUTPS2	set	0x95	;byte address: 0x12
  1209                           
  1210                           	global	_TOUTPS3
  1211                           	global	_TOUTPS3
  1212  0000                     	_TOUTPS3	set	0x96	;byte address: 0x12
  1213                           
  1214                           	global	_TRISA0
  1215                           	global	_TRISA0
  1216  0000                     	_TRISA0	set	0x428	;byte address: 0x85
  1217                           
  1218                           	global	_TRISA1
  1219                           	global	_TRISA1
  1220  0000                     	_TRISA1	set	0x429	;byte address: 0x85
  1221                           
  1222                           	global	_TRISA2
  1223                           	global	_TRISA2
  1224  0000                     	_TRISA2	set	0x42A	;byte address: 0x85
  1225                           
  1226                           	global	_TRISA3
  1227                           	global	_TRISA3
  1228  0000                     	_TRISA3	set	0x42B	;byte address: 0x85
  1229                           
  1230                           	global	_TRISA4
  1231                           	global	_TRISA4
  1232  0000                     	_TRISA4	set	0x42C	;byte address: 0x85
  1233                           
  1234                           	global	_TRISA5
  1235                           	global	_TRISA5
  1236  0000                     	_TRISA5	set	0x42D	;byte address: 0x85
  1237                           
  1238                           	global	_TRISB0
  1239                           	global	_TRISB0
  1240  0000                     	_TRISB0	set	0x430	;byte address: 0x86
  1241                           
  1242                           	global	_TRISB1
  1243                           	global	_TRISB1
  1244  0000                     	_TRISB1	set	0x431	;byte address: 0x86
  1245                           
  1246                           	global	_TRISB2
  1247                           	global	_TRISB2
  1248  0000                     	_TRISB2	set	0x432	;byte address: 0x86
  1249                           
  1250                           	global	_TRISB3
  1251                           	global	_TRISB3
  1252  0000                     	_TRISB3	set	0x433	;byte address: 0x86
  1253                           
  1254                           	global	_TRISB4
  1255                           	global	_TRISB4
  1256  0000                     	_TRISB4	set	0x434	;byte address: 0x86
  1257                           
  1258                           	global	_TRISB5
  1259                           	global	_TRISB5
  1260  0000                     	_TRISB5	set	0x435	;byte address: 0x86
  1261                           
  1262                           	global	_TRISB6
  1263                           	global	_TRISB6
  1264  0000                     	_TRISB6	set	0x436	;byte address: 0x86
  1265                           
  1266                           	global	_TRISB7
  1267                           	global	_TRISB7
  1268  0000                     	_TRISB7	set	0x437	;byte address: 0x86
  1269                           
  1270                           	global	_TRISC0
  1271                           	global	_TRISC0
  1272  0000                     	_TRISC0	set	0x438	;byte address: 0x87
  1273                           
  1274                           	global	_TRISC1
  1275                           	global	_TRISC1
  1276  0000                     	_TRISC1	set	0x439	;byte address: 0x87
  1277                           
  1278                           	global	_TRISC2
  1279                           	global	_TRISC2
  1280  0000                     	_TRISC2	set	0x43A	;byte address: 0x87
  1281                           
  1282                           	global	_TRISC3
  1283                           	global	_TRISC3
  1284  0000                     	_TRISC3	set	0x43B	;byte address: 0x87
  1285                           
  1286                           	global	_TRISC4
  1287                           	global	_TRISC4
  1288  0000                     	_TRISC4	set	0x43C	;byte address: 0x87
  1289                           
  1290                           	global	_TRISC5
  1291                           	global	_TRISC5
  1292  0000                     	_TRISC5	set	0x43D	;byte address: 0x87
  1293                           
  1294                           	global	_TRISC6
  1295                           	global	_TRISC6
  1296  0000                     	_TRISC6	set	0x43E	;byte address: 0x87
  1297                           
  1298                           	global	_TRISC7
  1299                           	global	_TRISC7
  1300  0000                     	_TRISC7	set	0x43F	;byte address: 0x87
  1301                           
  1302                           	global	_TRISD0
  1303                           	global	_TRISD0
  1304  0000                     	_TRISD0	set	0x440	;byte address: 0x88
  1305                           
  1306                           	global	_TRISD1
  1307                           	global	_TRISD1
  1308  0000                     	_TRISD1	set	0x441	;byte address: 0x88
  1309                           
  1310                           	global	_TRISD2
  1311                           	global	_TRISD2
  1312  0000                     	_TRISD2	set	0x442	;byte address: 0x88
  1313                           
  1314                           	global	_TRISD3
  1315                           	global	_TRISD3
  1316  0000                     	_TRISD3	set	0x443	;byte address: 0x88
  1317                           
  1318                           	global	_TRISD4
  1319                           	global	_TRISD4
  1320  0000                     	_TRISD4	set	0x444	;byte address: 0x88
  1321                           
  1322                           	global	_TRISD5
  1323                           	global	_TRISD5
  1324  0000                     	_TRISD5	set	0x445	;byte address: 0x88
  1325                           
  1326                           	global	_TRISD6
  1327                           	global	_TRISD6
  1328  0000                     	_TRISD6	set	0x446	;byte address: 0x88
  1329                           
  1330                           	global	_TRISD7
  1331                           	global	_TRISD7
  1332  0000                     	_TRISD7	set	0x447	;byte address: 0x88
  1333                           
  1334                           	global	_TRISE0
  1335                           	global	_TRISE0
  1336  0000                     	_TRISE0	set	0x448	;byte address: 0x89
  1337                           
  1338                           	global	_TRISE1
  1339                           	global	_TRISE1
  1340  0000                     	_TRISE1	set	0x449	;byte address: 0x89
  1341                           
  1342                           	global	_TRISE2
  1343                           	global	_TRISE2
  1344  0000                     	_TRISE2	set	0x44A	;byte address: 0x89
  1345                           
  1346                           	global	_TRMT
  1347                           	global	_TRMT
  1348  0000                     	_TRMT	set	0x4C1	;byte address: 0x98
  1349                           
  1350                           	global	_TX9
  1351                           	global	_TX9
  1352  0000                     	_TX9	set	0x4C6	;byte address: 0x98
  1353                           
  1354                           	global	_TX9D
  1355                           	global	_TX9D
  1356  0000                     	_TX9D	set	0x4C0	;byte address: 0x98
  1357                           
  1358                           	global	_TXEN
  1359                           	global	_TXEN
  1360  0000                     	_TXEN	set	0x4C5	;byte address: 0x98
  1361                           
  1362                           	global	_TXIE
  1363                           	global	_TXIE
  1364  0000                     	_TXIE	set	0x464	;byte address: 0x8C
  1365                           
  1366                           	global	_TXIF
  1367                           	global	_TXIF
  1368  0000                     	_TXIF	set	0x64	;byte address: 0xC
  1369                           
  1370                           	global	_UA
  1371                           	global	_UA
  1372  0000                     	_UA	set	0x4A1	;byte address: 0x94
  1373                           
  1374                           	global	_WCOL
  1375                           	global	_WCOL
  1376  0000                     	_WCOL	set	0xA7	;byte address: 0x14
  1377                           
  1378                           	global	_WR
  1379                           	global	_WR
  1380  0000                     	_WR	set	0xC61	;byte address: 0x18C
  1381                           
  1382                           	global	_WREN
  1383                           	global	_WREN
  1384  0000                     	_WREN	set	0xC62	;byte address: 0x18C
  1385                           
  1386                           	global	_WRERR
  1387                           	global	_WRERR
  1388  0000                     	_WRERR	set	0xC63	;byte address: 0x18C
  1389                           
  1390                           	global	_ZERO
  1391                           	global	_ZERO
  1392  0000                     	_ZERO	set	0x1A	;byte address: 0x3
  1393                           
  1394                           	PSECT	fnautoc,class=COMMON,space=1
  1395                           	FNCONF	fnautoc,??,?
  1396                           apbank macro
  1397                           	; no bank selection necessary for common memor
                                 y
  1398  0070                     	endm


HI-TECH Software PICC Macro Assembler V9.65PL1 build 4700 
Symbol Table                                          Mon Dec 04 11:10:18 2023

            l1 002D              l2 002D              l3 002C  
            l4 001C              l6 07FF              l7 07E3  
            l8 07FF      __Lrdata_0 0000      __Lramdata 0000  
           _DA 04A5             _BF 04A0             _DC 0019  
           _PD 001B             _RD 0C60             _UA 04A1  
           _TO 001C             _RW 04A2             _WR 0C61  
          _CM0 04E0            _CM1 04E1            _CM2 04E2  
          _CKE 04A6            _IBF 044F            _CIS 04E3  
          _CKP 00A4            _GIE 005F            _BOR 0470  
          _RA0 0028            _RA1 0029            _RB0 0030  
          _RA2 002A            _RB1 0031            _RA3 002B  
          _RC0 0038            _RB2 0032            _RA4 002C  
          _RC1 0039            _RB3 0033            _RA5 002D  
          _RD0 0040            _RC2 003A            _RB4 0034  
          _RD1 0041            _RC3 003B            _RB5 0035  
          _RE0 0048            _RD2 0042            _RC4 003C  
          _RB6 0036            _RE1 0049            _RD3 0043  
          _RC5 003D            _RB7 0037            _RE2 004A  
          _RD4 0044            _RC6 003E            _RD5 0045  
          _RC7 003F            _RD6 0046            _OBF 044E  
          _RD7 0047            _FSR 0004            _PCL 0002  
          _PS0 0408            _PR2 0092            _PS1 0409  
          _RP0 001D            _PS2 040A            _PEN 048A  
          _IRP 001F            _RP1 001E            u730 001C  
          u731 001B            _SEN 0488            u750 07FF  
          _PSA 040B            u751 07FE            u767 07E7  
          _POR 0471            _RX9 00C6            _SMP 04A7  
          _TX9 04C6        ??_delay 0070           _ADIE 0466  
         _ADIF 0066           _ADFM 04FF           _ADGO 00FA  
     __tempreg 0076           _ADON 00F8           _CHS0 00FB  
         _CHS1 00FC           _CHS2 00FD           _EEIE 046C  
         _EEIF 006C           _GCEN 048F           _CMIE 046E  
         _CMIF 006E           _BRGH 04C2           _T0IE 005D  
         _T0IF 005A           _CREN 00C4           _T0CS 040D  
         _FERR 00C2           _IBOV 044D           _CVR0 04E8  
         _CVR1 04E9           _CVR2 04EA           _CVR3 04EB  
         _T0SE 040C           _CSRC 04C7           _INDF 0000  
         _PIE1 008C           _PIE2 008D           _CVRR 04ED  
         _PEIE 005E           _INTE 005C           _INTF 0059  
         _RBIE 005B           _RBIF 0058           _RCIE 0465  
         _RCIF 0065           _RCEN 048B           _PCON 008E  
         _PIR1 000C           _PIR2 000D           u7510 07FB  
         _OERR 00C1           u7515 07F9           _RBPU 040F  
         _RX9D 00C0           _TMR0 0001           _TMR2 0011  
         _WCOL 00A7           _SPEN 00C7           _RSEN 0489  
    __databank 0000           _TX9D 04C0           _SREN 00C5  
         _TRMT 04C1           _STOP 04A4           _ZERO 001A  
         _TXIE 0464           _WREN 0C62           _TXIF 0064  
         _TXEN 04C5           _SYNC 04C4           _main 0003  
         start 0000        _CCP1CON 0017        _CCP2CON 001D  
      _ACKSTAT 048E          _C1INV 04E4          _C2INV 04E5  
        _C1OUT 04E6          _C2OUT 04E7          _ADCS0 00FE  
        _ADCS1 00FF          _ADCS2 04FE          _ADDEN 00C3  
        ?_main 0070          _ACKEN 048C          _ACKDT 048D  
        _BCLIE 046B          _BCLIF 006B          _CCP1X 00BD  
        _CCP1Y 00BC          _CCP2X 00ED          _CCP2Y 00EC  
        _EEADR 010D  __end_of_delay 0800          _CARRY 0018  
        _EEPGD 0C67          _CMCON 009C          _T1CON 0010  
        _T2CON 0012        _T1CKPS0 0084        _T1CKPS1 0085  
        _PCFG0 04F8          _PCFG1 04F9          _PCFG2 04FA  
        _PCFG3 04FB        _T2CKPS0 0090        _T2CKPS1 0091  
        _CVREN 04EF          _CVROE 04EE          _RCREG 001A  
        _RCSTA 0018          _TMR1H 000F          _TMR1L 000E  
        _SPBRG 0099          _PORTA 0005          _PORTB 0006  
      _T1OSCEN 0083          _PORTC 0007          _PORTD 0008  
        _PORTE 0009          _PSPIE 0467          _PSPIF 0067  
        _START 04A3          _SSPM0 00A0          _SSPM1 00A1  
        _SSPM2 00A2          _SSPM3 00A3          _TRISA 0085  
        _TRISB 0086          _TRISC 0087          _TRISD 0088  
        _SSPIE 0463          _TRISE 0089          _SSPIF 0063  
        _SSPEN 00A5          _SSPOV 00A6          _WRERR 0C63  
        _TXREG 0019          _TXSTA 0098          _delay 07DE  
      _PSPMODE 044C        _SSPCON2 0091        _SSPSTAT 0094  
      _TOUTPS0 0093        _TOUTPS1 0094        _TOUTPS2 0095  
      _TOUTPS3 0096          status 0003        _delay_i 0070  
       ??_main 0070         ?_delay 0070         _ADCON0 001F  
       _ADCON1 009F         _CCP1M0 00B8         _CCP1M1 00B9  
       _CCP1M2 00BA         _CCP1M3 00BB         _CCP2M0 00E8  
       _CCP2M1 00E9         _CCP2M2 00EA         _CCP2M3 00EB  
       _CCP1IE 0462         _CCP1IF 0062         _CCP2IE 0468  
       _CCP2IF 0068         _ADRESH 001E         _EEADRH 010F  
       _ADRESL 009E         _EEADRL 010D         _EEDATA 010C  
       _CCPR1H 0016         _EEDATH 010E         _CCPR2H 001C  
       _CCPR1L 0015         _CCPR2L 001B         _EECON1 018C  
       _EECON2 018D   __end_of_main 0030         _GODONE 00FA  
       _CVRCON 009D         _T1SYNC 0082         _INTEDG 040E  
       _PCLATH 000A         _INTCON 000B         _TMR0IE 005D  
       _TMR0IF 005A         _TMR1IE 0460         _TMR1IF 0060  
       _TMR1CS 0081         _TMR2IE 0461         _TMR2IF 0061  
       _TMR1ON 0080         _OPTION 0081         _TMR2ON 0092  
       _SSPADD 0093         _TRISA0 0428         _TRISA1 0429  
       _TRISB0 0430         _TRISA2 042A         _TRISB1 0431  
       _TRISA3 042B         _TRISC0 0438         _TRISB2 0432  
       _TRISA4 042C         _TRISC1 0439         _TRISB3 0433  
       _TRISA5 042D         _TRISD0 0440         _TRISC2 043A  
       _TRISB4 0434         _TRISD1 0441         _TRISC3 043B  
       _TRISB5 0435         _TRISE0 0448         _TRISD2 0442  
       _TRISC4 043C         _TRISB6 0436         _TRISE1 0449  
       _TRISD3 0443         _TRISC5 043D         _TRISB7 0437  
       _TRISE2 044A         _TRISD4 0444         _TRISC6 043E  
       _TRISD5 0445         _TRISC7 043F         _TRISD6 0446  
       _TRISD7 0447         _STATUS 0003         _SSPCON 0014  
       _SSPBUF 0013      __Hrdata_0 0001      __Hramdata 0001  
