

HI-TECH Software PICC Macro Assembler V9.65PL1 build 4700 
                                                      Mon Dec 18 14:18:49 2023

HI-TECH Software Omniscient Code Generator build 4700
     1  0000                     opt subtitle "HI-TECH Software Omniscient Code 
                                 Generator build 4700"
     2                           
     3                           	processor	16F877A
     4                           clrc	macro
     5                           	bcf	status,0
     6  0000                     	endm
     7                           clrz	macro
     8                           	bcf	status,2
     9  0000                     	endm
    10                           setc	macro
    11                           	bsf	status,0
    12  0000                     	endm
    13                           setz	macro
    14                           	bsf	status,2
    15  0000                     	endm
    16                           skipc	macro
    17                           	btfss	status,0
    18  0000                     	endm
    19                           skipz	macro
    20                           	btfss	status,2
    21  0000                     	endm
    22                           skipnc	macro
    23                           	btfsc	status,0
    24  0000                     	endm
    25                           skipnz	macro
    26                           	btfsc	status,2
    27  0000                     	endm
    28  0000                     indf	equ	0
    29  0000                     indf0	equ	0
    30  0000                     pc	equ	2
    31  0000                     pcl	equ	2
    32  0000                     status	equ	3
    33  0000                     fsr	equ	4
    34  0000                     fsr0	equ	4
    35  0000                     c	equ	1
    36  0000                     z	equ	0
    37  0000                     pclath	equ	10
    38                           # 3 "D:\TechLand\MPLAB PROGRAMS\LED\TASK\TASK.c
                                 "
    39                           	psect config,class=CONFIG,delta=2 ;#
    40                           # 3 "D:\TechLand\MPLAB PROGRAMS\LED\TASK\TASK.c
                                 "
    41  2007  3D72               	dw 0X3D72 ;#
    42                           global __tempreg
    43  0000                     __tempreg	set	116
    44                           global __Lrdata_0, __Hrdata_0
    45  0000                     __Lrdata_0	equ	0x0
    46  0000                     __Hrdata_0	equ	0x1
    47                           global __Lramdata, __Lrdata_0, __Hramdata, __Hr
                                 data_0
    48  0000                     __Lramdata	set	__Lrdata_0
    49  0000                     __Hramdata	set	__Hrdata_0
    50                           	GLOBAL	__databank
    51  0000                     __databank	EQU	0
    52  0000                     _delay_i	equ	??_delay+0
    53                           	global	_delay_i
    54  0000                     _delay_a	equ	?_delay+0
    55                           	global	_delay_a
    56                           ;Data sizes: Strings 0, constant 0, data 0, bss
                                  0, persistent 0 stack 10
    57                           	global	_main
    58                           	global	??_main
    59                           	global	?_main
    60                           
    61                           ; *************** function _main **************
                                 *
    62                           ; Defined at:
    63                           ;		line 6 in file "D:\TechLand\MPLAB PROGRAMS\L
                                 ED\TASK\TASK.c"
    64                           ; Parameters:
    65                           ;		None
    66                           ; Auto variables:
    67                           ;		None
    68                           ; Return value:
    69                           ;		type: void 
    70                           ;		size: 0
    71                           ; Registers used:
    72                           ;		wreg, status,2, status,0, pclath, cstack
    73                           ; Tracked objects:
    74                           ;		On entry : BFF/0
    75                           ;		On exit  : 0/0
    76                           ;		Unchanged: 0/0
    77                           ; Data sizes:
    78                           ;		Autos:    0
    79                           ;		Params:   0
    80                           ;		Temp:     0
    81                           ;		Total:    0
    82                           ; This function calls:
    83                           ;		_delay
    84                           ; This function is called by:
    85                           ;		Startup code after reset
    86                           ; This function uses a non-reentrant model
    87                           ; 
    88                           	psect	maintext,class=CODE,delta=2
    89                           	file	"D:\TechLand\MPLAB PROGRAMS\LED\TASK\TASK
                                 .c"
    90                           	line	6
    91                           	psect	maintext
    92                           ;TASK.c: 3: asm("\tpsect config,class=CONFIG,de
                                 lta=2"); asm("\tdw ""0X3D72");
    93                           ;TASK.c: 4: void delay(unsigned int);
    94                           ;TASK.c: 5: void main()
    95                           ;TASK.c: 6: {
    96                           	
    97  0003                     _main:	
    98                           	opt stack 8
    99                           ; Regs used in _main: [wreg+status,2+status,0+p
                                 clath+cstack]
   100                           	line	7
   101                           ;TASK.c: 7: TRISB=0X00;
   102  0003  1003               	clrc
   103  0004  1683               	bsf	status, 5	;RP0=1, select bank1
   104  0005  1303               	bcf	status, 6	;RP1=0, select bank1
   105                           	
   106  0006  3000               	movlw	0
   107  0007  1803               	btfsc	status,0
   108  0008  3001               	movlw	1
   109  0009  0086               	movwf	(134)^080h	;volatile
   110                           	line	8
   111                           ;TASK.c: 8: TRISC=0X00;
   112  000A  1003               	clrc
   113                           	
   114  000B  3000               	movlw	0
   115  000C  1803               	btfsc	status,0
   116  000D  3001               	movlw	1
   117  000E  0087               	movwf	(135)^080h	;volatile
   118                           	line	9
   119                           ;TASK.c: 9: PORTB=0X00;
   120  000F  1003               	clrc
   121  0010  1283               	bcf	status, 5	;RP0=0, select bank0
   122  0011  1303               	bcf	status, 6	;RP1=0, select bank0
   123                           	
   124  0012  3000               	movlw	0
   125  0013  1803               	btfsc	status,0
   126  0014  3001               	movlw	1
   127  0015  0086               	movwf	(6)	;volatile
   128                           	line	10
   129                           ;TASK.c: 10: PORTC=0X00;
   130  0016  1003               	clrc
   131                           	
   132  0017  3000               	movlw	0
   133  0018  1803               	btfsc	status,0
   134  0019  3001               	movlw	1
   135  001A  0087               	movwf	(7)	;volatile
   136                           	line	11
   137                           ;TASK.c: 11: if(RC4==1)
   138  001B  1E07               	btfss	(60/8),(60)&7
   139  001C  281E               	goto	u731
   140  001D  281F               	goto	u730
   141  001E                     u731:
   142  001E  283A               	goto	l2
   143  001F                     u730:
   144                           	line	13
   145                           ;TASK.c: 12: {
   146                           ;TASK.c: 13: while(1)
   147                           	
   148  001F                     l4:	
   149                           	line	15
   150                           ;TASK.c: 14: {
   151                           ;TASK.c: 15: RB4=1;
   152  001F  1606               	bsf	(52/8),(52)&7
   153                           	line	16
   154                           ;TASK.c: 16: delay(500);
   155  0020  30F4               	movlw	low(01F4h)
   156                           	
   157  0021  00F0               	movwf	(?_delay)
   158  0022  3001               	movlw	high(01F4h)
   159  0023  00F1               	movwf	((?_delay))+1
   160  0024  120A  118A  27E2   	fcall	_delay
              120A  118A         
   161                           	line	19
   162                           ;TASK.c: 19: if(RC2==1)
   163  0029  1283               	bcf	status, 5	;RP0=0, select bank0
   164  002A  1303               	bcf	status, 6	;RP1=0, select bank0
   165  002B  1D07               	btfss	(58/8),(58)&7
   166  002C  282E               	goto	u741
   167  002D  282F               	goto	u740
   168  002E                     u741:
   169  002E  2839               	goto	l3
   170  002F                     u740:
   171                           	line	21
   172                           ;TASK.c: 20: {
   173                           ;TASK.c: 21: delay(2000);
   174  002F  30D0               	movlw	low(07D0h)
   175                           	
   176  0030  00F0               	movwf	(?_delay)
   177  0031  3007               	movlw	high(07D0h)
   178  0032  00F1               	movwf	((?_delay))+1
   179  0033  120A  118A  27E2   	fcall	_delay
              120A  118A         
   180                           	line	22
   181                           ;TASK.c: 22: break;
   182  0038  283A               	goto	l2
   183                           	line	25
   184                           	
   185  0039                     l3:	
   186                           	line	13
   187  0039  281F               	goto	l4
   188                           	line	26
   189                           	
   190  003A                     l2:	
   191                           	line	27
   192                           ;TASK.c: 23: }
   193                           ;TASK.c: 25: }
   194                           ;TASK.c: 26: }
   195                           ;TASK.c: 27: }
   196  003A                     l1:	
   197                           	global	start
   198  003A  120A  118A  2800   	ljmp	start
   199                           ; =============== function _main ends =========
                                 ======
   200                           
   201                           GLOBAL __end_of_main
   202  003D                     	__end_of_main:
   203                           	FNSIZE	_main,0,0
   204                           	signat	_main,88
   205                           	global	_delay
   206                           	global	??_delay
   207                           	global	?_delay
   208                           
   209                           ; *************** function _delay *************
                                 **
   210                           ; Defined at:
   211                           ;		line 29 in file "D:\TechLand\MPLAB PROGRAMS\
                                 LED\TASK\TASK.c"
   212                           ; Parameters:
   213                           ;		a           	offs:   0	type: unsigned int 
   214                           ; Auto variables:
   215                           ;		i           	       	type: int 
   216                           ; Return value:
   217                           ;		type: void 
   218                           ;		size: 0
   219                           ; Registers used:
   220                           ;		wreg
   221                           ; Tracked objects:
   222                           ;		On entry : 300/0
   223                           ;		On exit  : 0/0
   224                           ;		Unchanged: 0/0
   225                           ; Data sizes:
   226                           ;		Autos:    2
   227                           ;		Params:   2
   228                           ;		Temp:     2
   229                           ;		Total:    6
   230                           ; This function calls:
   231                           ;		__delay
   232                           ; This function is called by:
   233                           ;		_main
   234                           ; This function uses a non-reentrant model
   235                           ; 
   236                           	psect	text22,local,class=CODE,delta=2
   237                           	file	"D:\TechLand\MPLAB PROGRAMS\LED\TASK\TASK
                                 .c"
   238                           	line	29
   239                           ;TASK.c: 28: void delay(unsigned int a)
   240                           ;TASK.c: 29: {
   241                           	
   242  07E2                     _delay:	
   243                           	opt stack 7
   244                           ; Regs used in _delay: [wreg]
   245                           	line	30
   246                           ;TASK.c: 30: for(int i=0;i<a;i++)
   247  07E2  3000               	movlw	low(0)
   248                           	
   249  07E3  00F2               	movwf	(_delay_i)
   250  07E4  3000               	movlw	high(0)
   251  07E5  00F3               	movwf	((_delay_i))+1
   252  07E6  2FF5               	goto	l11
   253                           	line	31
   254                           	
   255  07E7                     l8:	
   256                           ;TASK.c: 31: _delay((unsigned long)((1)*(200000
                                 00/4000.0)));
   257                           	
   258  07E7  3007               	movlw	7
   259  07E8  00F5               movwf	(??_delay+2+0+1),f
   260  07E9  307D               	movlw	125
   261  07EA  00F4               movwf	(??_delay+2+0),f
   262  07EB                     u767:
   263  07EB  0BF4               	decfsz	(??_delay+2+0),f
   264  07EC  2FEB               	goto	u767
   265  07ED  0BF5               	decfsz	(??_delay+2+0+1),f
   266  07EE  2FEB               	goto	u767
   267                           
   268                           	line	30
   269                           	
   270  07EF  3001               	movlw	low(01h)
   271  07F0  07F2               	addwf	(_delay_i),f
   272  07F1  1803               	skipnc
   273  07F2  0AF3               	incf	(_delay_i+1),f
   274  07F3  3000               	movlw	high(01h)
   275  07F4  07F3               	addwf	(_delay_i+1),f
   276                           	
   277  07F5                     l11:	
   278                           	
   279                           	
   280  07F5  0871               	movf	(_delay_a+1),w
   281  07F6  0273               	subwf	(_delay_i+1),w
   282  07F7  1D03               	skipz
   283  07F8  2FFB               	goto	u755
   284  07F9  0870               	movf	(_delay_a),w
   285  07FA  0272               	subwf	(_delay_i),w
   286  07FB                     u755:
   287  07FB  1C03               	skipc
   288  07FC  2FFE               	goto	u751
   289  07FD  2FFF               	goto	u750
   290  07FE                     u751:
   291  07FE  2FE7               	goto	l8
   292  07FF                     u750:
   293                           	
   294  07FF                     l9:	
   295                           	line	32
   296                           ;TASK.c: 32: }
   297  07FF                     l7:	
   298  07FF  0008               	return
   299                           ; =============== function _delay ends ========
                                 =======
   300                           
   301                           GLOBAL __end_of_delay
   302  0800                     	__end_of_delay:
   303                           	FNSIZE	_delay,4,2
   304                           	signat	_delay,4216
   305                           	FNCALL	_main,_delay
   306                           	FNROOT	_main
   307                           	psect	strings,class=CODE,delta=2,reloc=256
   308                           	global	_ADCON0
   309                           	global	_ADCON0
   310  0000                     	_ADCON0	set	0x1F
   311                           
   312                           	global	_ADCON1
   313                           	global	_ADCON1
   314  0000                     	_ADCON1	set	0x9F
   315                           
   316                           	global	_ADRESH
   317                           	global	_ADRESH
   318  0000                     	_ADRESH	set	0x1E
   319                           
   320                           	global	_ADRESL
   321                           	global	_ADRESL
   322  0000                     	_ADRESL	set	0x9E
   323                           
   324                           	global	_CCP1CON
   325                           	global	_CCP1CON
   326  0000                     	_CCP1CON	set	0x17
   327                           
   328                           	global	_CCP2CON
   329                           	global	_CCP2CON
   330  0000                     	_CCP2CON	set	0x1D
   331                           
   332                           	global	_CCPR1H
   333                           	global	_CCPR1H
   334  0000                     	_CCPR1H	set	0x16
   335                           
   336                           	global	_CCPR1L
   337                           	global	_CCPR1L
   338  0000                     	_CCPR1L	set	0x15
   339                           
   340                           	global	_CCPR2H
   341                           	global	_CCPR2H
   342  0000                     	_CCPR2H	set	0x1C
   343                           
   344                           	global	_CCPR2L
   345                           	global	_CCPR2L
   346  0000                     	_CCPR2L	set	0x1B
   347                           
   348                           	global	_CMCON
   349                           	global	_CMCON
   350  0000                     	_CMCON	set	0x9C
   351                           
   352                           	global	_CVRCON
   353                           	global	_CVRCON
   354  0000                     	_CVRCON	set	0x9D
   355                           
   356                           	global	_EEADR
   357                           	global	_EEADR
   358  0000                     	_EEADR	set	0x10D
   359                           
   360                           	global	_EEADRH
   361                           	global	_EEADRH
   362  0000                     	_EEADRH	set	0x10F
   363                           
   364                           	global	_EEADRL
   365                           	global	_EEADRL
   366  0000                     	_EEADRL	set	0x10D
   367                           
   368                           	global	_EECON1
   369                           	global	_EECON1
   370  0000                     	_EECON1	set	0x18C
   371                           
   372                           	global	_EECON2
   373                           	global	_EECON2
   374  0000                     	_EECON2	set	0x18D
   375                           
   376                           	global	_EEDATA
   377                           	global	_EEDATA
   378  0000                     	_EEDATA	set	0x10C
   379                           
   380                           	global	_EEDATH
   381                           	global	_EEDATH
   382  0000                     	_EEDATH	set	0x10E
   383                           
   384                           	global	_FSR
   385                           	global	_FSR
   386  0000                     	_FSR	set	0x4
   387                           
   388                           	global	_INDF
   389                           	global	_INDF
   390  0000                     	_INDF	set	0x0
   391                           
   392                           	global	_INTCON
   393                           	global	_INTCON
   394  0000                     	_INTCON	set	0xB
   395                           
   396                           	global	_OPTION
   397                           	global	_OPTION
   398  0000                     	_OPTION	set	0x81
   399                           
   400                           	global	_PCL
   401                           	global	_PCL
   402  0000                     	_PCL	set	0x2
   403                           
   404                           	global	_PCLATH
   405                           	global	_PCLATH
   406  0000                     	_PCLATH	set	0xA
   407                           
   408                           	global	_PCON
   409                           	global	_PCON
   410  0000                     	_PCON	set	0x8E
   411                           
   412                           	global	_PIE1
   413                           	global	_PIE1
   414  0000                     	_PIE1	set	0x8C
   415                           
   416                           	global	_PIE2
   417                           	global	_PIE2
   418  0000                     	_PIE2	set	0x8D
   419                           
   420                           	global	_PIR1
   421                           	global	_PIR1
   422  0000                     	_PIR1	set	0xC
   423                           
   424                           	global	_PIR2
   425                           	global	_PIR2
   426  0000                     	_PIR2	set	0xD
   427                           
   428                           	global	_PORTA
   429                           	global	_PORTA
   430  0000                     	_PORTA	set	0x5
   431                           
   432                           	global	_PORTB
   433  0000                     	_PORTB	set	0x6
   434                           
   435                           	global	_PORTC
   436  0000                     	_PORTC	set	0x7
   437                           
   438                           	global	_PORTD
   439                           	global	_PORTD
   440  0000                     	_PORTD	set	0x8
   441                           
   442                           	global	_PORTE
   443                           	global	_PORTE
   444  0000                     	_PORTE	set	0x9
   445                           
   446                           	global	_PR2
   447                           	global	_PR2
   448  0000                     	_PR2	set	0x92
   449                           
   450                           	global	_RCREG
   451                           	global	_RCREG
   452  0000                     	_RCREG	set	0x1A
   453                           
   454                           	global	_RCSTA
   455                           	global	_RCSTA
   456  0000                     	_RCSTA	set	0x18
   457                           
   458                           	global	_SPBRG
   459                           	global	_SPBRG
   460  0000                     	_SPBRG	set	0x99
   461                           
   462                           	global	_SSPADD
   463                           	global	_SSPADD
   464  0000                     	_SSPADD	set	0x93
   465                           
   466                           	global	_SSPBUF
   467                           	global	_SSPBUF
   468  0000                     	_SSPBUF	set	0x13
   469                           
   470                           	global	_SSPCON
   471                           	global	_SSPCON
   472  0000                     	_SSPCON	set	0x14
   473                           
   474                           	global	_SSPCON2
   475                           	global	_SSPCON2
   476  0000                     	_SSPCON2	set	0x91
   477                           
   478                           	global	_SSPSTAT
   479                           	global	_SSPSTAT
   480  0000                     	_SSPSTAT	set	0x94
   481                           
   482                           	global	_STATUS
   483                           	global	_STATUS
   484  0000                     	_STATUS	set	0x3
   485                           
   486                           	global	_T1CON
   487                           	global	_T1CON
   488  0000                     	_T1CON	set	0x10
   489                           
   490                           	global	_T2CON
   491                           	global	_T2CON
   492  0000                     	_T2CON	set	0x12
   493                           
   494                           	global	_TMR0
   495                           	global	_TMR0
   496  0000                     	_TMR0	set	0x1
   497                           
   498                           	global	_TMR1H
   499                           	global	_TMR1H
   500  0000                     	_TMR1H	set	0xF
   501                           
   502                           	global	_TMR1L
   503                           	global	_TMR1L
   504  0000                     	_TMR1L	set	0xE
   505                           
   506                           	global	_TMR2
   507                           	global	_TMR2
   508  0000                     	_TMR2	set	0x11
   509                           
   510                           	global	_TRISA
   511                           	global	_TRISA
   512  0000                     	_TRISA	set	0x85
   513                           
   514                           	global	_TRISB
   515  0000                     	_TRISB	set	0x86
   516                           
   517                           	global	_TRISC
   518  0000                     	_TRISC	set	0x87
   519                           
   520                           	global	_TRISD
   521                           	global	_TRISD
   522  0000                     	_TRISD	set	0x88
   523                           
   524                           	global	_TRISE
   525                           	global	_TRISE
   526  0000                     	_TRISE	set	0x89
   527                           
   528                           	global	_TXREG
   529                           	global	_TXREG
   530  0000                     	_TXREG	set	0x19
   531                           
   532                           	global	_TXSTA
   533                           	global	_TXSTA
   534  0000                     	_TXSTA	set	0x98
   535                           
   536                           	global	_ACKDT
   537                           	global	_ACKDT
   538  0000                     	_ACKDT	set	0x48D	;byte address: 0x91
   539                           
   540                           	global	_ACKEN
   541                           	global	_ACKEN
   542  0000                     	_ACKEN	set	0x48C	;byte address: 0x91
   543                           
   544                           	global	_ACKSTAT
   545                           	global	_ACKSTAT
   546  0000                     	_ACKSTAT	set	0x48E	;byte address: 0x91
   547                           
   548                           	global	_ADCS0
   549                           	global	_ADCS0
   550  0000                     	_ADCS0	set	0xFE	;byte address: 0x1F
   551                           
   552                           	global	_ADCS1
   553                           	global	_ADCS1
   554  0000                     	_ADCS1	set	0xFF	;byte address: 0x1F
   555                           
   556                           	global	_ADCS2
   557                           	global	_ADCS2
   558  0000                     	_ADCS2	set	0x4FE	;byte address: 0x9F
   559                           
   560                           	global	_ADDEN
   561                           	global	_ADDEN
   562  0000                     	_ADDEN	set	0xC3	;byte address: 0x18
   563                           
   564                           	global	_ADFM
   565                           	global	_ADFM
   566  0000                     	_ADFM	set	0x4FF	;byte address: 0x9F
   567                           
   568                           	global	_ADGO
   569                           	global	_ADGO
   570  0000                     	_ADGO	set	0xFA	;byte address: 0x1F
   571                           
   572                           	global	_ADIE
   573                           	global	_ADIE
   574  0000                     	_ADIE	set	0x466	;byte address: 0x8C
   575                           
   576                           	global	_ADIF
   577                           	global	_ADIF
   578  0000                     	_ADIF	set	0x66	;byte address: 0xC
   579                           
   580                           	global	_ADON
   581                           	global	_ADON
   582  0000                     	_ADON	set	0xF8	;byte address: 0x1F
   583                           
   584                           	global	_BCLIE
   585                           	global	_BCLIE
   586  0000                     	_BCLIE	set	0x46B	;byte address: 0x8D
   587                           
   588                           	global	_BCLIF
   589                           	global	_BCLIF
   590  0000                     	_BCLIF	set	0x6B	;byte address: 0xD
   591                           
   592                           	global	_BF
   593                           	global	_BF
   594  0000                     	_BF	set	0x4A0	;byte address: 0x94
   595                           
   596                           	global	_BOR
   597                           	global	_BOR
   598  0000                     	_BOR	set	0x470	;byte address: 0x8E
   599                           
   600                           	global	_BRGH
   601                           	global	_BRGH
   602  0000                     	_BRGH	set	0x4C2	;byte address: 0x98
   603                           
   604                           	global	_C1INV
   605                           	global	_C1INV
   606  0000                     	_C1INV	set	0x4E4	;byte address: 0x9C
   607                           
   608                           	global	_C1OUT
   609                           	global	_C1OUT
   610  0000                     	_C1OUT	set	0x4E6	;byte address: 0x9C
   611                           
   612                           	global	_C2INV
   613                           	global	_C2INV
   614  0000                     	_C2INV	set	0x4E5	;byte address: 0x9C
   615                           
   616                           	global	_C2OUT
   617                           	global	_C2OUT
   618  0000                     	_C2OUT	set	0x4E7	;byte address: 0x9C
   619                           
   620                           	global	_CARRY
   621                           	global	_CARRY
   622  0000                     	_CARRY	set	0x18	;byte address: 0x3
   623                           
   624                           	global	_CCP1IE
   625                           	global	_CCP1IE
   626  0000                     	_CCP1IE	set	0x462	;byte address: 0x8C
   627                           
   628                           	global	_CCP1IF
   629                           	global	_CCP1IF
   630  0000                     	_CCP1IF	set	0x62	;byte address: 0xC
   631                           
   632                           	global	_CCP1M0
   633                           	global	_CCP1M0
   634  0000                     	_CCP1M0	set	0xB8	;byte address: 0x17
   635                           
   636                           	global	_CCP1M1
   637                           	global	_CCP1M1
   638  0000                     	_CCP1M1	set	0xB9	;byte address: 0x17
   639                           
   640                           	global	_CCP1M2
   641                           	global	_CCP1M2
   642  0000                     	_CCP1M2	set	0xBA	;byte address: 0x17
   643                           
   644                           	global	_CCP1M3
   645                           	global	_CCP1M3
   646  0000                     	_CCP1M3	set	0xBB	;byte address: 0x17
   647                           
   648                           	global	_CCP1X
   649                           	global	_CCP1X
   650  0000                     	_CCP1X	set	0xBD	;byte address: 0x17
   651                           
   652                           	global	_CCP1Y
   653                           	global	_CCP1Y
   654  0000                     	_CCP1Y	set	0xBC	;byte address: 0x17
   655                           
   656                           	global	_CCP2IE
   657                           	global	_CCP2IE
   658  0000                     	_CCP2IE	set	0x468	;byte address: 0x8D
   659                           
   660                           	global	_CCP2IF
   661                           	global	_CCP2IF
   662  0000                     	_CCP2IF	set	0x68	;byte address: 0xD
   663                           
   664                           	global	_CCP2M0
   665                           	global	_CCP2M0
   666  0000                     	_CCP2M0	set	0xE8	;byte address: 0x1D
   667                           
   668                           	global	_CCP2M1
   669                           	global	_CCP2M1
   670  0000                     	_CCP2M1	set	0xE9	;byte address: 0x1D
   671                           
   672                           	global	_CCP2M2
   673                           	global	_CCP2M2
   674  0000                     	_CCP2M2	set	0xEA	;byte address: 0x1D
   675                           
   676                           	global	_CCP2M3
   677                           	global	_CCP2M3
   678  0000                     	_CCP2M3	set	0xEB	;byte address: 0x1D
   679                           
   680                           	global	_CCP2X
   681                           	global	_CCP2X
   682  0000                     	_CCP2X	set	0xED	;byte address: 0x1D
   683                           
   684                           	global	_CCP2Y
   685                           	global	_CCP2Y
   686  0000                     	_CCP2Y	set	0xEC	;byte address: 0x1D
   687                           
   688                           	global	_CHS0
   689                           	global	_CHS0
   690  0000                     	_CHS0	set	0xFB	;byte address: 0x1F
   691                           
   692                           	global	_CHS1
   693                           	global	_CHS1
   694  0000                     	_CHS1	set	0xFC	;byte address: 0x1F
   695                           
   696                           	global	_CHS2
   697                           	global	_CHS2
   698  0000                     	_CHS2	set	0xFD	;byte address: 0x1F
   699                           
   700                           	global	_CIS
   701                           	global	_CIS
   702  0000                     	_CIS	set	0x4E3	;byte address: 0x9C
   703                           
   704                           	global	_CKE
   705                           	global	_CKE
   706  0000                     	_CKE	set	0x4A6	;byte address: 0x94
   707                           
   708                           	global	_CKP
   709                           	global	_CKP
   710  0000                     	_CKP	set	0xA4	;byte address: 0x14
   711                           
   712                           	global	_CM0
   713                           	global	_CM0
   714  0000                     	_CM0	set	0x4E0	;byte address: 0x9C
   715                           
   716                           	global	_CM1
   717                           	global	_CM1
   718  0000                     	_CM1	set	0x4E1	;byte address: 0x9C
   719                           
   720                           	global	_CM2
   721                           	global	_CM2
   722  0000                     	_CM2	set	0x4E2	;byte address: 0x9C
   723                           
   724                           	global	_CMIE
   725                           	global	_CMIE
   726  0000                     	_CMIE	set	0x46E	;byte address: 0x8D
   727                           
   728                           	global	_CMIF
   729                           	global	_CMIF
   730  0000                     	_CMIF	set	0x6E	;byte address: 0xD
   731                           
   732                           	global	_CREN
   733                           	global	_CREN
   734  0000                     	_CREN	set	0xC4	;byte address: 0x18
   735                           
   736                           	global	_CSRC
   737                           	global	_CSRC
   738  0000                     	_CSRC	set	0x4C7	;byte address: 0x98
   739                           
   740                           	global	_CVR0
   741                           	global	_CVR0
   742  0000                     	_CVR0	set	0x4E8	;byte address: 0x9D
   743                           
   744                           	global	_CVR1
   745                           	global	_CVR1
   746  0000                     	_CVR1	set	0x4E9	;byte address: 0x9D
   747                           
   748                           	global	_CVR2
   749                           	global	_CVR2
   750  0000                     	_CVR2	set	0x4EA	;byte address: 0x9D
   751                           
   752                           	global	_CVR3
   753                           	global	_CVR3
   754  0000                     	_CVR3	set	0x4EB	;byte address: 0x9D
   755                           
   756                           	global	_CVREN
   757                           	global	_CVREN
   758  0000                     	_CVREN	set	0x4EF	;byte address: 0x9D
   759                           
   760                           	global	_CVROE
   761                           	global	_CVROE
   762  0000                     	_CVROE	set	0x4EE	;byte address: 0x9D
   763                           
   764                           	global	_CVRR
   765                           	global	_CVRR
   766  0000                     	_CVRR	set	0x4ED	;byte address: 0x9D
   767                           
   768                           	global	_DA
   769                           	global	_DA
   770  0000                     	_DA	set	0x4A5	;byte address: 0x94
   771                           
   772                           	global	_DC
   773                           	global	_DC
   774  0000                     	_DC	set	0x19	;byte address: 0x3
   775                           
   776                           	global	_EEIE
   777                           	global	_EEIE
   778  0000                     	_EEIE	set	0x46C	;byte address: 0x8D
   779                           
   780                           	global	_EEIF
   781                           	global	_EEIF
   782  0000                     	_EEIF	set	0x6C	;byte address: 0xD
   783                           
   784                           	global	_EEPGD
   785                           	global	_EEPGD
   786  0000                     	_EEPGD	set	0xC67	;byte address: 0x18C
   787                           
   788                           	global	_FERR
   789                           	global	_FERR
   790  0000                     	_FERR	set	0xC2	;byte address: 0x18
   791                           
   792                           	global	_GCEN
   793                           	global	_GCEN
   794  0000                     	_GCEN	set	0x48F	;byte address: 0x91
   795                           
   796                           	global	_GIE
   797                           	global	_GIE
   798  0000                     	_GIE	set	0x5F	;byte address: 0xB
   799                           
   800                           	global	_GODONE
   801                           	global	_GODONE
   802  0000                     	_GODONE	set	0xFA	;byte address: 0x1F
   803                           
   804                           	global	_IBF
   805                           	global	_IBF
   806  0000                     	_IBF	set	0x44F	;byte address: 0x89
   807                           
   808                           	global	_IBOV
   809                           	global	_IBOV
   810  0000                     	_IBOV	set	0x44D	;byte address: 0x89
   811                           
   812                           	global	_INTE
   813                           	global	_INTE
   814  0000                     	_INTE	set	0x5C	;byte address: 0xB
   815                           
   816                           	global	_INTEDG
   817                           	global	_INTEDG
   818  0000                     	_INTEDG	set	0x40E	;byte address: 0x81
   819                           
   820                           	global	_INTF
   821                           	global	_INTF
   822  0000                     	_INTF	set	0x59	;byte address: 0xB
   823                           
   824                           	global	_IRP
   825                           	global	_IRP
   826  0000                     	_IRP	set	0x1F	;byte address: 0x3
   827                           
   828                           	global	_OBF
   829                           	global	_OBF
   830  0000                     	_OBF	set	0x44E	;byte address: 0x89
   831                           
   832                           	global	_OERR
   833                           	global	_OERR
   834  0000                     	_OERR	set	0xC1	;byte address: 0x18
   835                           
   836                           	global	_PCFG0
   837                           	global	_PCFG0
   838  0000                     	_PCFG0	set	0x4F8	;byte address: 0x9F
   839                           
   840                           	global	_PCFG1
   841                           	global	_PCFG1
   842  0000                     	_PCFG1	set	0x4F9	;byte address: 0x9F
   843                           
   844                           	global	_PCFG2
   845                           	global	_PCFG2
   846  0000                     	_PCFG2	set	0x4FA	;byte address: 0x9F
   847                           
   848                           	global	_PCFG3
   849                           	global	_PCFG3
   850  0000                     	_PCFG3	set	0x4FB	;byte address: 0x9F
   851                           
   852                           	global	_PD
   853                           	global	_PD
   854  0000                     	_PD	set	0x1B	;byte address: 0x3
   855                           
   856                           	global	_PEIE
   857                           	global	_PEIE
   858  0000                     	_PEIE	set	0x5E	;byte address: 0xB
   859                           
   860                           	global	_PEN
   861                           	global	_PEN
   862  0000                     	_PEN	set	0x48A	;byte address: 0x91
   863                           
   864                           	global	_POR
   865                           	global	_POR
   866  0000                     	_POR	set	0x471	;byte address: 0x8E
   867                           
   868                           	global	_PS0
   869                           	global	_PS0
   870  0000                     	_PS0	set	0x408	;byte address: 0x81
   871                           
   872                           	global	_PS1
   873                           	global	_PS1
   874  0000                     	_PS1	set	0x409	;byte address: 0x81
   875                           
   876                           	global	_PS2
   877                           	global	_PS2
   878  0000                     	_PS2	set	0x40A	;byte address: 0x81
   879                           
   880                           	global	_PSA
   881                           	global	_PSA
   882  0000                     	_PSA	set	0x40B	;byte address: 0x81
   883                           
   884                           	global	_PSPIE
   885                           	global	_PSPIE
   886  0000                     	_PSPIE	set	0x467	;byte address: 0x8C
   887                           
   888                           	global	_PSPIF
   889                           	global	_PSPIF
   890  0000                     	_PSPIF	set	0x67	;byte address: 0xC
   891                           
   892                           	global	_PSPMODE
   893                           	global	_PSPMODE
   894  0000                     	_PSPMODE	set	0x44C	;byte address: 0x89
   895                           
   896                           	global	_RA0
   897                           	global	_RA0
   898  0000                     	_RA0	set	0x28	;byte address: 0x5
   899                           
   900                           	global	_RA1
   901                           	global	_RA1
   902  0000                     	_RA1	set	0x29	;byte address: 0x5
   903                           
   904                           	global	_RA2
   905                           	global	_RA2
   906  0000                     	_RA2	set	0x2A	;byte address: 0x5
   907                           
   908                           	global	_RA3
   909                           	global	_RA3
   910  0000                     	_RA3	set	0x2B	;byte address: 0x5
   911                           
   912                           	global	_RA4
   913                           	global	_RA4
   914  0000                     	_RA4	set	0x2C	;byte address: 0x5
   915                           
   916                           	global	_RA5
   917                           	global	_RA5
   918  0000                     	_RA5	set	0x2D	;byte address: 0x5
   919                           
   920                           	global	_RB0
   921                           	global	_RB0
   922  0000                     	_RB0	set	0x30	;byte address: 0x6
   923                           
   924                           	global	_RB1
   925                           	global	_RB1
   926  0000                     	_RB1	set	0x31	;byte address: 0x6
   927                           
   928                           	global	_RB2
   929                           	global	_RB2
   930  0000                     	_RB2	set	0x32	;byte address: 0x6
   931                           
   932                           	global	_RB3
   933                           	global	_RB3
   934  0000                     	_RB3	set	0x33	;byte address: 0x6
   935                           
   936                           	global	_RB4
   937  0000                     	_RB4	set	0x34	;byte address: 0x6
   938                           
   939                           	global	_RB5
   940                           	global	_RB5
   941  0000                     	_RB5	set	0x35	;byte address: 0x6
   942                           
   943                           	global	_RB6
   944                           	global	_RB6
   945  0000                     	_RB6	set	0x36	;byte address: 0x6
   946                           
   947                           	global	_RB7
   948                           	global	_RB7
   949  0000                     	_RB7	set	0x37	;byte address: 0x6
   950                           
   951                           	global	_RBIE
   952                           	global	_RBIE
   953  0000                     	_RBIE	set	0x5B	;byte address: 0xB
   954                           
   955                           	global	_RBIF
   956                           	global	_RBIF
   957  0000                     	_RBIF	set	0x58	;byte address: 0xB
   958                           
   959                           	global	_RBPU
   960                           	global	_RBPU
   961  0000                     	_RBPU	set	0x40F	;byte address: 0x81
   962                           
   963                           	global	_RC0
   964                           	global	_RC0
   965  0000                     	_RC0	set	0x38	;byte address: 0x7
   966                           
   967                           	global	_RC1
   968                           	global	_RC1
   969  0000                     	_RC1	set	0x39	;byte address: 0x7
   970                           
   971                           	global	_RC2
   972  0000                     	_RC2	set	0x3A	;byte address: 0x7
   973                           
   974                           	global	_RC3
   975                           	global	_RC3
   976  0000                     	_RC3	set	0x3B	;byte address: 0x7
   977                           
   978                           	global	_RC4
   979  0000                     	_RC4	set	0x3C	;byte address: 0x7
   980                           
   981                           	global	_RC5
   982                           	global	_RC5
   983  0000                     	_RC5	set	0x3D	;byte address: 0x7
   984                           
   985                           	global	_RC6
   986                           	global	_RC6
   987  0000                     	_RC6	set	0x3E	;byte address: 0x7
   988                           
   989                           	global	_RC7
   990                           	global	_RC7
   991  0000                     	_RC7	set	0x3F	;byte address: 0x7
   992                           
   993                           	global	_RCEN
   994                           	global	_RCEN
   995  0000                     	_RCEN	set	0x48B	;byte address: 0x91
   996                           
   997                           	global	_RCIE
   998                           	global	_RCIE
   999  0000                     	_RCIE	set	0x465	;byte address: 0x8C
  1000                           
  1001                           	global	_RCIF
  1002                           	global	_RCIF
  1003  0000                     	_RCIF	set	0x65	;byte address: 0xC
  1004                           
  1005                           	global	_RD
  1006                           	global	_RD
  1007  0000                     	_RD	set	0xC60	;byte address: 0x18C
  1008                           
  1009                           	global	_RD0
  1010                           	global	_RD0
  1011  0000                     	_RD0	set	0x40	;byte address: 0x8
  1012                           
  1013                           	global	_RD1
  1014                           	global	_RD1
  1015  0000                     	_RD1	set	0x41	;byte address: 0x8
  1016                           
  1017                           	global	_RD2
  1018                           	global	_RD2
  1019  0000                     	_RD2	set	0x42	;byte address: 0x8
  1020                           
  1021                           	global	_RD3
  1022                           	global	_RD3
  1023  0000                     	_RD3	set	0x43	;byte address: 0x8
  1024                           
  1025                           	global	_RD4
  1026                           	global	_RD4
  1027  0000                     	_RD4	set	0x44	;byte address: 0x8
  1028                           
  1029                           	global	_RD5
  1030                           	global	_RD5
  1031  0000                     	_RD5	set	0x45	;byte address: 0x8
  1032                           
  1033                           	global	_RD6
  1034                           	global	_RD6
  1035  0000                     	_RD6	set	0x46	;byte address: 0x8
  1036                           
  1037                           	global	_RD7
  1038                           	global	_RD7
  1039  0000                     	_RD7	set	0x47	;byte address: 0x8
  1040                           
  1041                           	global	_RE0
  1042                           	global	_RE0
  1043  0000                     	_RE0	set	0x48	;byte address: 0x9
  1044                           
  1045                           	global	_RE1
  1046                           	global	_RE1
  1047  0000                     	_RE1	set	0x49	;byte address: 0x9
  1048                           
  1049                           	global	_RE2
  1050                           	global	_RE2
  1051  0000                     	_RE2	set	0x4A	;byte address: 0x9
  1052                           
  1053                           	global	_RP0
  1054                           	global	_RP0
  1055  0000                     	_RP0	set	0x1D	;byte address: 0x3
  1056                           
  1057                           	global	_RP1
  1058                           	global	_RP1
  1059  0000                     	_RP1	set	0x1E	;byte address: 0x3
  1060                           
  1061                           	global	_RSEN
  1062                           	global	_RSEN
  1063  0000                     	_RSEN	set	0x489	;byte address: 0x91
  1064                           
  1065                           	global	_RW
  1066                           	global	_RW
  1067  0000                     	_RW	set	0x4A2	;byte address: 0x94
  1068                           
  1069                           	global	_RX9
  1070                           	global	_RX9
  1071  0000                     	_RX9	set	0xC6	;byte address: 0x18
  1072                           
  1073                           	global	_RX9D
  1074                           	global	_RX9D
  1075  0000                     	_RX9D	set	0xC0	;byte address: 0x18
  1076                           
  1077                           	global	_SEN
  1078                           	global	_SEN
  1079  0000                     	_SEN	set	0x488	;byte address: 0x91
  1080                           
  1081                           	global	_SMP
  1082                           	global	_SMP
  1083  0000                     	_SMP	set	0x4A7	;byte address: 0x94
  1084                           
  1085                           	global	_SPEN
  1086                           	global	_SPEN
  1087  0000                     	_SPEN	set	0xC7	;byte address: 0x18
  1088                           
  1089                           	global	_SREN
  1090                           	global	_SREN
  1091  0000                     	_SREN	set	0xC5	;byte address: 0x18
  1092                           
  1093                           	global	_SSPEN
  1094                           	global	_SSPEN
  1095  0000                     	_SSPEN	set	0xA5	;byte address: 0x14
  1096                           
  1097                           	global	_SSPIE
  1098                           	global	_SSPIE
  1099  0000                     	_SSPIE	set	0x463	;byte address: 0x8C
  1100                           
  1101                           	global	_SSPIF
  1102                           	global	_SSPIF
  1103  0000                     	_SSPIF	set	0x63	;byte address: 0xC
  1104                           
  1105                           	global	_SSPM0
  1106                           	global	_SSPM0
  1107  0000                     	_SSPM0	set	0xA0	;byte address: 0x14
  1108                           
  1109                           	global	_SSPM1
  1110                           	global	_SSPM1
  1111  0000                     	_SSPM1	set	0xA1	;byte address: 0x14
  1112                           
  1113                           	global	_SSPM2
  1114                           	global	_SSPM2
  1115  0000                     	_SSPM2	set	0xA2	;byte address: 0x14
  1116                           
  1117                           	global	_SSPM3
  1118                           	global	_SSPM3
  1119  0000                     	_SSPM3	set	0xA3	;byte address: 0x14
  1120                           
  1121                           	global	_SSPOV
  1122                           	global	_SSPOV
  1123  0000                     	_SSPOV	set	0xA6	;byte address: 0x14
  1124                           
  1125                           	global	_START
  1126                           	global	_START
  1127  0000                     	_START	set	0x4A3	;byte address: 0x94
  1128                           
  1129                           	global	_STOP
  1130                           	global	_STOP
  1131  0000                     	_STOP	set	0x4A4	;byte address: 0x94
  1132                           
  1133                           	global	_SYNC
  1134                           	global	_SYNC
  1135  0000                     	_SYNC	set	0x4C4	;byte address: 0x98
  1136                           
  1137                           	global	_T0CS
  1138                           	global	_T0CS
  1139  0000                     	_T0CS	set	0x40D	;byte address: 0x81
  1140                           
  1141                           	global	_T0IE
  1142                           	global	_T0IE
  1143  0000                     	_T0IE	set	0x5D	;byte address: 0xB
  1144                           
  1145                           	global	_T0IF
  1146                           	global	_T0IF
  1147  0000                     	_T0IF	set	0x5A	;byte address: 0xB
  1148                           
  1149                           	global	_T0SE
  1150                           	global	_T0SE
  1151  0000                     	_T0SE	set	0x40C	;byte address: 0x81
  1152                           
  1153                           	global	_T1CKPS0
  1154                           	global	_T1CKPS0
  1155  0000                     	_T1CKPS0	set	0x84	;byte address: 0x10
  1156                           
  1157                           	global	_T1CKPS1
  1158                           	global	_T1CKPS1
  1159  0000                     	_T1CKPS1	set	0x85	;byte address: 0x10
  1160                           
  1161                           	global	_T1OSCEN
  1162                           	global	_T1OSCEN
  1163  0000                     	_T1OSCEN	set	0x83	;byte address: 0x10
  1164                           
  1165                           	global	_T1SYNC
  1166                           	global	_T1SYNC
  1167  0000                     	_T1SYNC	set	0x82	;byte address: 0x10
  1168                           
  1169                           	global	_T2CKPS0
  1170                           	global	_T2CKPS0
  1171  0000                     	_T2CKPS0	set	0x90	;byte address: 0x12
  1172                           
  1173                           	global	_T2CKPS1
  1174                           	global	_T2CKPS1
  1175  0000                     	_T2CKPS1	set	0x91	;byte address: 0x12
  1176                           
  1177                           	global	_TMR0IE
  1178                           	global	_TMR0IE
  1179  0000                     	_TMR0IE	set	0x5D	;byte address: 0xB
  1180                           
  1181                           	global	_TMR0IF
  1182                           	global	_TMR0IF
  1183  0000                     	_TMR0IF	set	0x5A	;byte address: 0xB
  1184                           
  1185                           	global	_TMR1CS
  1186                           	global	_TMR1CS
  1187  0000                     	_TMR1CS	set	0x81	;byte address: 0x10
  1188                           
  1189                           	global	_TMR1IE
  1190                           	global	_TMR1IE
  1191  0000                     	_TMR1IE	set	0x460	;byte address: 0x8C
  1192                           
  1193                           	global	_TMR1IF
  1194                           	global	_TMR1IF
  1195  0000                     	_TMR1IF	set	0x60	;byte address: 0xC
  1196                           
  1197                           	global	_TMR1ON
  1198                           	global	_TMR1ON
  1199  0000                     	_TMR1ON	set	0x80	;byte address: 0x10
  1200                           
  1201                           	global	_TMR2IE
  1202                           	global	_TMR2IE
  1203  0000                     	_TMR2IE	set	0x461	;byte address: 0x8C
  1204+                          
  1205+                          	global	_TMR2IF
  1206+                          	global	_TMR2IF
  1207+ 0000                     	_TMR2IF	set	0x61	;byte address: 0xC
  1208+                          
  1209+                          	global	_TMR2ON
  1210+                          	global	_TMR2ON
  1211+ 0000                     	_TMR2ON	set	0x92	;byte address: 0x12
  1212                           
  1213                           	global	_TO
  1214                           	global	_TO
  1215  0000                     	_TO	set	0x1C	;byte address: 0x3
  1216                           
  1217                           	global	_TOUTPS0
  1218                           	global	_TOUTPS0
  1219  0000                     	_TOUTPS0	set	0x93	;byte address: 0x12
  1220                           
  1221                           	global	_TOUTPS1
  1222                           	global	_TOUTPS1
  1223  0000                     	_TOUTPS1	set	0x94	;byte address: 0x12
  1224                           
  1225                           	global	_TOUTPS2
  1226                           	global	_TOUTPS2
  1227  0000                     	_TOUTPS2	set	0x95	;byte address: 0x12
  1228                           
  1229                           	global	_TOUTPS3
  1230                           	global	_TOUTPS3
  1231  0000                     	_TOUTPS3	set	0x96	;byte address: 0x12
  1232                           
  1233                           	global	_TRISA0
  1234                           	global	_TRISA0
  1235  0000                     	_TRISA0	set	0x428	;byte address: 0x85
  1236                           
  1237                           	global	_TRISA1
  1238                           	global	_TRISA1
  1239  0000                     	_TRISA1	set	0x429	;byte address: 0x85
  1240                           
  1241                           	global	_TRISA2
  1242                           	global	_TRISA2
  1243  0000                     	_TRISA2	set	0x42A	;byte address: 0x85
  1244                           
  1245                           	global	_TRISA3
  1246                           	global	_TRISA3
  1247  0000                     	_TRISA3	set	0x42B	;byte address: 0x85
  1248                           
  1249                           	global	_TRISA4
  1250                           	global	_TRISA4
  1251  0000                     	_TRISA4	set	0x42C	;byte address: 0x85
  1252                           
  1253                           	global	_TRISA5
  1254                           	global	_TRISA5
  1255  0000                     	_TRISA5	set	0x42D	;byte address: 0x85
  1256                           
  1257                           	global	_TRISB0
  1258                           	global	_TRISB0
  1259  0000                     	_TRISB0	set	0x430	;byte address: 0x86
  1260                           
  1261                           	global	_TRISB1
  1262                           	global	_TRISB1
  1263  0000                     	_TRISB1	set	0x431	;byte address: 0x86
  1264                           
  1265                           	global	_TRISB2
  1266                           	global	_TRISB2
  1267  0000                     	_TRISB2	set	0x432	;byte address: 0x86
  1268                           
  1269                           	global	_TRISB3
  1270                           	global	_TRISB3
  1271  0000                     	_TRISB3	set	0x433	;byte address: 0x86
  1272                           
  1273                           	global	_TRISB4
  1274                           	global	_TRISB4
  1275  0000                     	_TRISB4	set	0x434	;byte address: 0x86
  1276                           
  1277                           	global	_TRISB5
  1278                           	global	_TRISB5
  1279  0000                     	_TRISB5	set	0x435	;byte address: 0x86
  1280                           
  1281                           	global	_TRISB6
  1282                           	global	_TRISB6
  1283  0000                     	_TRISB6	set	0x436	;byte address: 0x86
  1284                           
  1285                           	global	_TRISB7
  1286                           	global	_TRISB7
  1287  0000                     	_TRISB7	set	0x437	;byte address: 0x86
  1288                           
  1289                           	global	_TRISC0
  1290                           	global	_TRISC0
  1291  0000                     	_TRISC0	set	0x438	;byte address: 0x87
  1292                           
  1293                           	global	_TRISC1
  1294                           	global	_TRISC1
  1295  0000                     	_TRISC1	set	0x439	;byte address: 0x87
  1296                           
  1297                           	global	_TRISC2
  1298                           	global	_TRISC2
  1299  0000                     	_TRISC2	set	0x43A	;byte address: 0x87
  1300                           
  1301                           	global	_TRISC3
  1302                           	global	_TRISC3
  1303  0000                     	_TRISC3	set	0x43B	;byte address: 0x87
  1304                           
  1305                           	global	_TRISC4
  1306                           	global	_TRISC4
  1307  0000                     	_TRISC4	set	0x43C	;byte address: 0x87
  1308                           
  1309                           	global	_TRISC5
  1310                           	global	_TRISC5
  1311  0000                     	_TRISC5	set	0x43D	;byte address: 0x87
  1312                           
  1313                           	global	_TRISC6
  1314                           	global	_TRISC6
  1315  0000                     	_TRISC6	set	0x43E	;byte address: 0x87
  1316                           
  1317                           	global	_TRISC7
  1318                           	global	_TRISC7
  1319  0000                     	_TRISC7	set	0x43F	;byte address: 0x87
  1320                           
  1321                           	global	_TRISD0
  1322                           	global	_TRISD0
  1323  0000                     	_TRISD0	set	0x440	;byte address: 0x88
  1324                           
  1325                           	global	_TRISD1
  1326                           	global	_TRISD1
  1327  0000                     	_TRISD1	set	0x441	;byte address: 0x88
  1328                           
  1329                           	global	_TRISD2
  1330                           	global	_TRISD2
  1331  0000                     	_TRISD2	set	0x442	;byte address: 0x88
  1332                           
  1333                           	global	_TRISD3
  1334                           	global	_TRISD3
  1335  0000                     	_TRISD3	set	0x443	;byte address: 0x88
  1336                           
  1337                           	global	_TRISD4
  1338                           	global	_TRISD4
  1339  0000                     	_TRISD4	set	0x444	;byte address: 0x88
  1340                           
  1341                           	global	_TRISD5
  1342                           	global	_TRISD5
  1343  0000                     	_TRISD5	set	0x445	;byte address: 0x88
  1344                           
  1345                           	global	_TRISD6
  1346                           	global	_TRISD6
  1347  0000                     	_TRISD6	set	0x446	;byte address: 0x88
  1348                           
  1349                           	global	_TRISD7
  1350                           	global	_TRISD7
  1351  0000                     	_TRISD7	set	0x447	;byte address: 0x88
  1352                           
  1353                           	global	_TRISE0
  1354                           	global	_TRISE0
  1355  0000                     	_TRISE0	set	0x448	;byte address: 0x89
  1356                           
  1357                           	global	_TRISE1
  1358                           	global	_TRISE1
  1359  0000                     	_TRISE1	set	0x449	;byte address: 0x89
  1360                           
  1361                           	global	_TRISE2
  1362                           	global	_TRISE2
  1363  0000                     	_TRISE2	set	0x44A	;byte address: 0x89
  1364                           
  1365                           	global	_TRMT
  1366                           	global	_TRMT
  1367  0000                     	_TRMT	set	0x4C1	;byte address: 0x98
  1368                           
  1369                           	global	_TX9
  1370                           	global	_TX9
  1371  0000                     	_TX9	set	0x4C6	;byte address: 0x98
  1372                           
  1373                           	global	_TX9D
  1374                           	global	_TX9D
  1375  0000                     	_TX9D	set	0x4C0	;byte address: 0x98
  1376                           
  1377                           	global	_TXEN
  1378                           	global	_TXEN
  1379  0000                     	_TXEN	set	0x4C5	;byte address: 0x98
  1380                           
  1381                           	global	_TXIE
  1382                           	global	_TXIE
  1383  0000                     	_TXIE	set	0x464	;byte address: 0x8C
  1384                           
  1385                           	global	_TXIF
  1386                           	global	_TXIF
  1387  0000                     	_TXIF	set	0x64	;byte address: 0xC
  1388                           
  1389                           	global	_UA
  1390                           	global	_UA
  1391  0000                     	_UA	set	0x4A1	;byte address: 0x94
  1392                           
  1393                           	global	_WCOL
  1394                           	global	_WCOL
  1395  0000                     	_WCOL	set	0xA7	;byte address: 0x14
  1396                           
  1397                           	global	_WR
  1398                           	global	_WR
  1399  0000                     	_WR	set	0xC61	;byte address: 0x18C
  1400                           
  1401                           	global	_WREN
  1402                           	global	_WREN
  1403  0000                     	_WREN	set	0xC62	;byte address: 0x18C
  1404                           
  1405                           	global	_WRERR
  1406                           	global	_WRERR
  1407  0000                     	_WRERR	set	0xC63	;byte address: 0x18C
  1408                           
  1409                           	global	_ZERO
  1410                           	global	_ZERO
  1411  0000                     	_ZERO	set	0x1A	;byte address: 0x3
  1412                           
  1413                           	PSECT	fnautoc,class=COMMON,space=1
  1414                           	FNCONF	fnautoc,??,?
  1415                           apbank macro
  1416                           	; no bank selection necessary for common memor
                                 y
  1417  0070                     	endm


HI-TECH Software PICC Macro Assembler V9.65PL1 build 4700 
Symbol Table                                          Mon Dec 18 14:18:49 2023

            l1 003A              l2 003A              l3 0039  
            l4 001F              l7 07FF              l8 07E7  
            l9 07FF      __Lrdata_0 0000      __Lramdata 0000  
           l11 07F5             _DA 04A5             _BF 04A0  
           _DC 0019             _PD 001B             _RD 0C60  
           _UA 04A1             _TO 001C             _RW 04A2  
           _WR 0C61            _CM0 04E0            _CM1 04E1  
          _CM2 04E2            _CKE 04A6            _IBF 044F  
          _CIS 04E3            _CKP 00A4            _GIE 005F  
          _BOR 0470            _RA0 0028            _RA1 0029  
          _RB0 0030            _RA2 002A            _RB1 0031  
          _RA3 002B            _RC0 0038            _RB2 0032  
          _RA4 002C            _RC1 0039            _RB3 0033  
          _RA5 002D            _RD0 0040            _RC2 003A  
          _RB4 0034            _RD1 0041            _RC3 003B  
          _RB5 0035            _RE0 0048            _RD2 0042  
          _RC4 003C            _RB6 0036            _RE1 0049  
          _RD3 0043            _RC5 003D            _RB7 0037  
          _RE2 004A            _RD4 0044            _RC6 003E  
          _RD5 0045            _RC7 003F            _RD6 0046  
          _OBF 044E            _RD7 0047            _FSR 0004  
          _PCL 0002            _PS0 0408            _PR2 0092  
          _PS1 0409            _RP0 001D            _PS2 040A  
          _PEN 048A            _IRP 001F            _RP1 001E  
          u730 001F            u731 001E            _SEN 0488  
          u740 002F            u741 002E            u750 07FF  
          _PSA 040B            u751 07FE            u755 07FB  
          u767 07EB            _POR 0471            _RX9 00C6  
          _SMP 04A7            _TX9 04C6        ??_delay 0072  
         _ADIE 0466           _ADIF 0066           _ADFM 04FF  
         _ADGO 00FA       __tempreg 0074           _ADON 00F8  
         _CHS0 00FB           _CHS1 00FC           _CHS2 00FD  
         _EEIE 046C           _EEIF 006C           _GCEN 048F  
         _CMIE 046E           _CMIF 006E           _BRGH 04C2  
         _T0IE 005D           _T0IF 005A           _CREN 00C4  
         _T0CS 040D           _FERR 00C2           _IBOV 044D  
         _CVR0 04E8           _CVR1 04E9           _CVR2 04EA  
         _CVR3 04EB           _T0SE 040C           _CSRC 04C7  
         _INDF 0000           _PIE1 008C           _PIE2 008D  
         _CVRR 04ED           _PEIE 005E           _INTE 005C  
         _INTF 0059           _RBIE 005B           _RBIF 0058  
         _RCIE 0465           _RCIF 0065           _RCEN 048B  
         _PCON 008E           _PIR1 000C           _PIR2 000D  
         _OERR 00C1           _RBPU 040F           _RX9D 00C0  
         _TMR0 0001           _TMR2 0011           _WCOL 00A7  
         _SPEN 00C7           _RSEN 0489      __databank 0000  
         _TX9D 04C0           _SREN 00C5           _TRMT 04C1  
         _STOP 04A4           _ZERO 001A           _TXIE 0464  
         _WREN 0C62           _TXIF 0064           _TXEN 04C5  
         _SYNC 04C4           _main 0003           start 0000  
      _CCP1CON 0017        _CCP2CON 001D        _ACKSTAT 048E  
        _C1INV 04E4          _C2INV 04E5          _C1OUT 04E6  
        _C2OUT 04E7          _ADCS0 00FE          _ADCS1 00FF  
        _ADCS2 04FE          _ADDEN 00C3          ?_main 0070  
        _ACKEN 048C          _ACKDT 048D          _BCLIE 046B  
        _BCLIF 006B          _CCP1X 00BD          _CCP1Y 00BC  
        _CCP2X 00ED          _CCP2Y 00EC          _EEADR 010D  
__end_of_delay 0800          _CARRY 0018          _EEPGD 0C67  
        _CMCON 009C          _T1CON 0010          _T2CON 0012  
      _T1CKPS0 0084        _T1CKPS1 0085          _PCFG0 04F8  
        _PCFG1 04F9          _PCFG2 04FA          _PCFG3 04FB  
      _T2CKPS0 0090        _T2CKPS1 0091          _CVREN 04EF  
        _CVROE 04EE          _RCREG 001A          _RCSTA 0018  
        _TMR1H 000F          _TMR1L 000E          _SPBRG 0099  
        _PORTA 0005          _PORTB 0006        _T1OSCEN 0083  
        _PORTC 0007          _PORTD 0008          _PORTE 0009  
        _PSPIE 0467          _PSPIF 0067          _START 04A3  
        _SSPM0 00A0          _SSPM1 00A1          _SSPM2 00A2  
        _SSPM3 00A3          _TRISA 0085          _TRISB 0086  
        _TRISC 0087          _TRISD 0088          _SSPIE 0463  
        _TRISE 0089          _SSPIF 0063          _SSPEN 00A5  
        _SSPOV 00A6          _WRERR 0C63          _TXREG 0019  
        _TXSTA 0098          _delay 07E2        _PSPMODE 044C  
      _SSPCON2 0091        _SSPSTAT 0094        _TOUTPS0 0093  
      _TOUTPS1 0094        _TOUTPS2 0095        _TOUTPS3 0096  
        status 0003        _delay_a 0070        _delay_i 0072  
       ??_main 0070         ?_delay 0070         _ADCON0 001F  
       _ADCON1 009F         _CCP1M0 00B8         _CCP1M1 00B9  
       _CCP1M2 00BA         _CCP1M3 00BB         _CCP2M0 00E8  
       _CCP2M1 00E9         _CCP2M2 00EA         _CCP2M3 00EB  
       _CCP1IE 0462         _CCP1IF 0062         _CCP2IE 0468  
       _CCP2IF 0068         _ADRESH 001E         _EEADRH 010F  
       _ADRESL 009E         _EEADRL 010D         _EEDATA 010C  
       _CCPR1H 0016         _EEDATH 010E         _CCPR2H 001C  
       _CCPR1L 0015         _CCPR2L 001B         _EECON1 018C  
       _EECON2 018D   __end_of_main 003D         _GODONE 00FA  
       _CVRCON 009D         _T1SYNC 0082         _INTEDG 040E  
       _PCLATH 000A         _INTCON 000B         _TMR0IE 005D  
       _TMR0IF 005A         _TMR1IE 0460         _TMR1IF 0060  
       _TMR1CS 0081         _TMR2IE 0461         _TMR2IF 0061  
       _TMR1ON 0080         _OPTION 0081         _TMR2ON 0092  
       _SSPADD 0093         _TRISA0 0428         _TRISA1 0429  
       _TRISB0 0430         _TRISA2 042A         _TRISB1 0431  
       _TRISA3 042B         _TRISC0 0438         _TRISB2 0432  
       _TRISA4 042C         _TRISC1 0439         _TRISB3 0433  
       _TRISA5 042D         _TRISD0 0440         _TRISC2 043A  
       _TRISB4 0434         _TRISD1 0441         _TRISC3 043B  
       _TRISB5 0435         _TRISE0 0448         _TRISD2 0442  
       _TRISC4 043C         _TRISB6 0436         _TRISE1 0449  
       _TRISD3 0443         _TRISC5 043D         _TRISB7 0437  
       _TRISE2 044A         _TRISD4 0444         _TRISC6 043E  
       _TRISD5 0445         _TRISC7 043F         _TRISD6 0446  
       _TRISD7 0447         _STATUS 0003         _SSPCON 0014  
       _SSPBUF 0013      __Hrdata_0 0001      __Hramdata 0001  
