

HI-TECH Software PICC Macro Assembler V9.65PL1 build 4700 
                                                      Mon Dec 04 11:18:22 2023

HI-TECH Software Omniscient Code Generator build 4700
     1  0000                     opt subtitle "HI-TECH Software Omniscient Code 
                                 Generator build 4700"
     2                           
     3                           	processor	16F877A
     4                           clrc	macro
     5                           	bcf	status,0
     6  0000                     	endm
     7                           clrz	macro
     8                           	bcf	status,2
     9  0000                     	endm
    10                           setc	macro
    11                           	bsf	status,0
    12  0000                     	endm
    13                           setz	macro
    14                           	bsf	status,2
    15  0000                     	endm
    16                           skipc	macro
    17                           	btfss	status,0
    18  0000                     	endm
    19                           skipz	macro
    20                           	btfss	status,2
    21  0000                     	endm
    22                           skipnc	macro
    23                           	btfsc	status,0
    24  0000                     	endm
    25                           skipnz	macro
    26                           	btfsc	status,2
    27  0000                     	endm
    28  0000                     indf	equ	0
    29  0000                     indf0	equ	0
    30  0000                     pc	equ	2
    31  0000                     pcl	equ	2
    32  0000                     status	equ	3
    33  0000                     fsr	equ	4
    34  0000                     fsr0	equ	4
    35  0000                     c	equ	1
    36  0000                     z	equ	0
    37  0000                     pclath	equ	10
    38                           # 3 "C:\TechLand\MPLAB PROGRAMS\LED\LED USING S
                                 WITCH (+5V)\LED USING SWITCH +5V.c"
    39                           	psect config,class=CONFIG,delta=2 ;#
    40                           # 3 "C:\TechLand\MPLAB PROGRAMS\LED\LED USING S
                                 WITCH (+5V)\LED USING SWITCH +5V.c"
    41  2007  3D72               	dw 0X3D72 ;#
    42                           global __tempreg
    43  0000                     __tempreg	set	118
    44                           global __Lrdata_0, __Hrdata_0
    45  0000                     __Lrdata_0	equ	0x0
    46  0000                     __Hrdata_0	equ	0x1
    47                           global __Lramdata, __Lrdata_0, __Hramdata, __Hr
                                 data_0
    48  0000                     __Lramdata	set	__Lrdata_0
    49  0000                     __Hramdata	set	__Hrdata_0
    50                           	GLOBAL	__databank
    51  0000                     __databank	EQU	0
    52  0000                     _delay_i	equ	??_delay+0
    53                           	global	_delay_i
    54                           ;Data sizes: Strings 0, constant 0, data 0, bss
                                  0, persistent 0 stack 8
    55                           	global	_main
    56                           	global	??_main
    57                           	global	?_main
    58                           
    59                           ; *************** function _main **************
                                 *
    60                           ; Defined at:
    61                           ;		line 6 in file "C:\TechLand\MPLAB PROGRAMS\L
                                 ED\LED USING SWITCH (+5V)\LED USING SWITCH +5V.
                                 c"
    62                           ; Parameters:
    63                           ;		None
    64                           ; Auto variables:
    65                           ;		None
    66                           ; Return value:
    67                           ;		type: void 
    68                           ;		size: 0
    69                           ; Registers used:
    70                           ;		wreg, status,2, status,0, pclath, cstack
    71                           ; Tracked objects:
    72                           ;		On entry : BFF/0
    73                           ;		On exit  : 0/0
    74                           ;		Unchanged: 0/0
    75                           ; Data sizes:
    76                           ;		Autos:    0
    77                           ;		Params:   0
    78                           ;		Temp:     0
    79                           ;		Total:    0
    80                           ; This function calls:
    81                           ;		_delay
    82                           ; This function is called by:
    83                           ;		Startup code after reset
    84                           ; This function uses a non-reentrant model
    85                           ; 
    86                           	psect	maintext,class=CODE,delta=2
    87                           	file	"C:\TechLand\MPLAB PROGRAMS\LED\LED USING
                                  SWITCH (+5V)\LED USING SWITCH +5V.c"
    88                           	line	6
    89                           	psect	maintext
    90                           ;LED USING SWITCH +5V.c: 3: asm("\tpsect config
                                 ,class=CONFIG,delta=2"); asm("\tdw ""0X3D72");
    91                           ;LED USING SWITCH +5V.c: 4: void delay();
    92                           ;LED USING SWITCH +5V.c: 5: void main()
    93                           ;LED USING SWITCH +5V.c: 6: {
    94                           	
    95  0003                     _main:	
    96                           	opt stack 8
    97                           ; Regs used in _main: [wreg+status,2+status,0+p
                                 clath+cstack]
    98                           	line	7
    99                           ;LED USING SWITCH +5V.c: 7: TRISB=0X00;
   100  0003  1003               	clrc
   101  0004  1683               	bsf	status, 5	;RP0=1, select bank1
   102  0005  1303               	bcf	status, 6	;RP1=0, select bank1
   103                           	
   104  0006  3000               	movlw	0
   105  0007  1803               	btfsc	status,0
   106  0008  3001               	movlw	1
   107  0009  0086               	movwf	(134)^080h	;volatile
   108                           	line	8
   109                           ;LED USING SWITCH +5V.c: 8: TRISC=0X00;
   110  000A  1003               	clrc
   111                           	
   112  000B  3000               	movlw	0
   113  000C  1803               	btfsc	status,0
   114  000D  3001               	movlw	1
   115  000E  0087               	movwf	(135)^080h	;volatile
   116                           	line	9
   117                           ;LED USING SWITCH +5V.c: 9: PORTB=0X00;
   118  000F  1003               	clrc
   119  0010  1283               	bcf	status, 5	;RP0=0, select bank0
   120  0011  1303               	bcf	status, 6	;RP1=0, select bank0
   121                           	
   122  0012  3000               	movlw	0
   123  0013  1803               	btfsc	status,0
   124  0014  3001               	movlw	1
   125  0015  0086               	movwf	(6)	;volatile
   126                           	line	10
   127                           ;LED USING SWITCH +5V.c: 10: PORTC=0X00;
   128  0016  1003               	clrc
   129                           	
   130  0017  3000               	movlw	0
   131  0018  1803               	btfsc	status,0
   132  0019  3001               	movlw	1
   133  001A  0087               	movwf	(7)	;volatile
   134                           	line	11
   135                           ;LED USING SWITCH +5V.c: 11: if(RC4==1)
   136  001B  1E07               	btfss	(60/8),(60)&7
   137  001C  281E               	goto	u731
   138  001D  281F               	goto	u730
   139  001E                     u731:
   140  001E  2830               	goto	l2
   141  001F                     u730:
   142                           	line	13
   143                           ;LED USING SWITCH +5V.c: 12: {
   144                           ;LED USING SWITCH +5V.c: 13: while(1)
   145                           	
   146  001F                     l4:	
   147                           	line	15
   148                           ;LED USING SWITCH +5V.c: 14: {
   149                           ;LED USING SWITCH +5V.c: 15: RB4=1;
   150  001F  1283               	bcf	status, 5	;RP0=0, select bank0
   151  0020  1303               	bcf	status, 6	;RP1=0, select bank0
   152  0021  1606               	bsf	(52/8),(52)&7
   153                           	line	16
   154                           ;LED USING SWITCH +5V.c: 16: delay();
   155  0022  120A  118A  27DE   	fcall	_delay
              120A  118A         
   156                           	line	17
   157                           ;LED USING SWITCH +5V.c: 17: RB4=0;
   158  0027  1283               	bcf	status, 5	;RP0=0, select bank0
   159  0028  1303               	bcf	status, 6	;RP1=0, select bank0
   160  0029  1206               	bcf	(52/8),(52)&7
   161                           	line	18
   162                           ;LED USING SWITCH +5V.c: 18: delay();
   163  002A  120A  118A  27DE   	fcall	_delay
              120A  118A         
   164                           	line	19
   165                           	
   166  002F                     l3:	
   167                           	line	13
   168  002F  281F               	goto	l4
   169                           	line	20
   170                           	
   171  0030                     l2:	
   172                           	line	21
   173                           ;LED USING SWITCH +5V.c: 19: }
   174                           ;LED USING SWITCH +5V.c: 20: }
   175                           ;LED USING SWITCH +5V.c: 21: }
   176  0030                     l1:	
   177                           	global	start
   178  0030  120A  118A  2800   	ljmp	start
   179                           ; =============== function _main ends =========
                                 ======
   180                           
   181                           GLOBAL __end_of_main
   182  0033                     	__end_of_main:
   183                           	FNSIZE	_main,0,0
   184                           	signat	_main,88
   185                           	global	_delay
   186                           	global	??_delay
   187                           	global	?_delay
   188                           
   189                           ; *************** function _delay *************
                                 **
   190                           ; Defined at:
   191                           ;		line 23 in file "C:\TechLand\MPLAB PROGRAMS\
                                 LED\LED USING SWITCH (+5V)\LED USING SWITCH +5V
                                 .c"
   192                           ; Parameters:
   193                           ;		None
   194                           ; Auto variables:
   195                           ;		i           	       	type: int 
   196                           ; Return value:
   197                           ;		type: void 
   198                           ;		size: 0
   199                           ; Registers used:
   200                           ;		wreg
   201                           ; Tracked objects:
   202                           ;		On entry : 300/0
   203                           ;		On exit  : 0/0
   204                           ;		Unchanged: 0/0
   205                           ; Data sizes:
   206                           ;		Autos:    2
   207                           ;		Params:   0
   208                           ;		Temp:     2
   209                           ;		Total:    4
   210                           ; This function calls:
   211                           ;		__delay
   212                           ; This function is called by:
   213                           ;		_main
   214                           ; This function uses a non-reentrant model
   215                           ; 
   216                           	psect	text22,local,class=CODE,delta=2
   217                           	file	"C:\TechLand\MPLAB PROGRAMS\LED\LED USING
                                  SWITCH (+5V)\LED USING SWITCH +5V.c"
   218                           	line	23
   219                           ;LED USING SWITCH +5V.c: 22: void delay()
   220                           ;LED USING SWITCH +5V.c: 23: {
   221                           	
   222  07DE                     _delay:	
   223                           	opt stack 7
   224                           ; Regs used in _delay: [wreg]
   225                           	line	24
   226                           ;LED USING SWITCH +5V.c: 24: for(int i=0;i<40;i
                                 ++)
   227  07DE  3000               	movlw	low(0)
   228                           	
   229  07DF  00F0               	movwf	(_delay_i)
   230  07E0  3000               	movlw	high(0)
   231  07E1  00F1               	movwf	((_delay_i))+1
   232  07E2  2FE3               	goto	l7
   233                           	line	25
   234                           	
   235  07E3                     l7:	
   236                           ;LED USING SWITCH +5V.c: 25: _delay((unsigned l
                                 ong)((10)*(20000000/4000.0)));
   237                           	
   238  07E3  3041               	movlw	65
   239  07E4  00F3               movwf	(??_delay+2+0+1),f
   240  07E5  30EE               	movlw	238
   241  07E6  00F2               movwf	(??_delay+2+0),f
   242  07E7                     u767:
   243  07E7  0BF2               	decfsz	(??_delay+2+0),f
   244  07E8  2FE7               	goto	u767
   245  07E9  0BF3               	decfsz	(??_delay+2+0+1),f
   246  07EA  2FE7               	goto	u767
   247  07EB  0064               	clrwdt
   248                           
   249                           	line	24
   250                           	
   251  07EC  3001               	movlw	low(01h)
   252  07ED  07F0               	addwf	(_delay_i),f
   253  07EE  1803               	skipnc
   254  07EF  0AF1               	incf	(_delay_i+1),f
   255  07F0  3000               	movlw	high(01h)
   256  07F1  07F1               	addwf	(_delay_i+1),f
   257                           	
   258  07F2  0871               	movf	(_delay_i+1),w
   259  07F3  3A80               	xorlw	80h
   260  07F4  00F2               	movwf	(??_delay+2+0)
   261  07F5  3080               	movlw	(high(028h))^80h
   262  07F6  0272               	subwf	(??_delay+2+0),w
   263  07F7  1D03               	skipz
   264  07F8  2FFB               	goto	u7510
   265  07F9                     u7515:
   266  07F9  3028               	movlw	low(028h)
   267  07FA  0270               	subwf	(_delay_i),w
   268  07FB                     u7510:
   269                           
   270  07FB  1C03               	skipc
   271  07FC  2FFE               	goto	u751
   272  07FD  2FFF               	goto	u750
   273  07FE                     u751:
   274  07FE  2FE3               	goto	l7
   275  07FF                     u750:
   276                           	
   277  07FF                     l8:	
   278                           	line	26
   279                           ;LED USING SWITCH +5V.c: 26: }
   280  07FF                     l6:	
   281  07FF  0008               	return
   282                           ; =============== function _delay ends ========
                                 =======
   283                           
   284                           GLOBAL __end_of_delay
   285  0800                     	__end_of_delay:
   286                           	FNSIZE	_delay,4,0
   287                           	signat	_delay,88
   288                           	FNCALL	_main,_delay
   289                           	FNROOT	_main
   290                           	psect	strings,class=CODE,delta=2,reloc=256
   291                           	global	_ADCON0
   292                           	global	_ADCON0
   293  0000                     	_ADCON0	set	0x1F
   294                           
   295                           	global	_ADCON1
   296                           	global	_ADCON1
   297  0000                     	_ADCON1	set	0x9F
   298                           
   299                           	global	_ADRESH
   300                           	global	_ADRESH
   301  0000                     	_ADRESH	set	0x1E
   302                           
   303                           	global	_ADRESL
   304                           	global	_ADRESL
   305  0000                     	_ADRESL	set	0x9E
   306                           
   307                           	global	_CCP1CON
   308                           	global	_CCP1CON
   309  0000                     	_CCP1CON	set	0x17
   310                           
   311                           	global	_CCP2CON
   312                           	global	_CCP2CON
   313  0000                     	_CCP2CON	set	0x1D
   314                           
   315                           	global	_CCPR1H
   316                           	global	_CCPR1H
   317  0000                     	_CCPR1H	set	0x16
   318                           
   319                           	global	_CCPR1L
   320                           	global	_CCPR1L
   321  0000                     	_CCPR1L	set	0x15
   322                           
   323                           	global	_CCPR2H
   324                           	global	_CCPR2H
   325  0000                     	_CCPR2H	set	0x1C
   326                           
   327                           	global	_CCPR2L
   328                           	global	_CCPR2L
   329  0000                     	_CCPR2L	set	0x1B
   330                           
   331                           	global	_CMCON
   332                           	global	_CMCON
   333  0000                     	_CMCON	set	0x9C
   334                           
   335                           	global	_CVRCON
   336                           	global	_CVRCON
   337  0000                     	_CVRCON	set	0x9D
   338                           
   339                           	global	_EEADR
   340                           	global	_EEADR
   341  0000                     	_EEADR	set	0x10D
   342                           
   343                           	global	_EEADRH
   344                           	global	_EEADRH
   345  0000                     	_EEADRH	set	0x10F
   346                           
   347                           	global	_EEADRL
   348                           	global	_EEADRL
   349  0000                     	_EEADRL	set	0x10D
   350                           
   351                           	global	_EECON1
   352                           	global	_EECON1
   353  0000                     	_EECON1	set	0x18C
   354                           
   355                           	global	_EECON2
   356                           	global	_EECON2
   357  0000                     	_EECON2	set	0x18D
   358                           
   359                           	global	_EEDATA
   360                           	global	_EEDATA
   361  0000                     	_EEDATA	set	0x10C
   362                           
   363                           	global	_EEDATH
   364                           	global	_EEDATH
   365  0000                     	_EEDATH	set	0x10E
   366                           
   367                           	global	_FSR
   368                           	global	_FSR
   369  0000                     	_FSR	set	0x4
   370                           
   371                           	global	_INDF
   372                           	global	_INDF
   373  0000                     	_INDF	set	0x0
   374                           
   375                           	global	_INTCON
   376                           	global	_INTCON
   377  0000                     	_INTCON	set	0xB
   378                           
   379                           	global	_OPTION
   380                           	global	_OPTION
   381  0000                     	_OPTION	set	0x81
   382                           
   383                           	global	_PCL
   384                           	global	_PCL
   385  0000                     	_PCL	set	0x2
   386                           
   387                           	global	_PCLATH
   388                           	global	_PCLATH
   389  0000                     	_PCLATH	set	0xA
   390                           
   391                           	global	_PCON
   392                           	global	_PCON
   393  0000                     	_PCON	set	0x8E
   394                           
   395                           	global	_PIE1
   396                           	global	_PIE1
   397  0000                     	_PIE1	set	0x8C
   398                           
   399                           	global	_PIE2
   400                           	global	_PIE2
   401  0000                     	_PIE2	set	0x8D
   402                           
   403                           	global	_PIR1
   404                           	global	_PIR1
   405  0000                     	_PIR1	set	0xC
   406+                          
   407+                          	global	_PIR2
   408+                          	global	_PIR2
   409+ 0000                     	_PIR2	set	0xD
   410                           
   411                           	global	_PORTA
   412                           	global	_PORTA
   413  0000                     	_PORTA	set	0x5
   414                           
   415                           	global	_PORTB
   416  0000                     	_PORTB	set	0x6
   417                           
   418                           	global	_PORTC
   419  0000                     	_PORTC	set	0x7
   420                           
   421                           	global	_PORTD
   422                           	global	_PORTD
   423  0000                     	_PORTD	set	0x8
   424                           
   425                           	global	_PORTE
   426                           	global	_PORTE
   427  0000                     	_PORTE	set	0x9
   428                           
   429                           	global	_PR2
   430                           	global	_PR2
   431  0000                     	_PR2	set	0x92
   432                           
   433                           	global	_RCREG
   434                           	global	_RCREG
   435  0000                     	_RCREG	set	0x1A
   436                           
   437                           	global	_RCSTA
   438                           	global	_RCSTA
   439  0000                     	_RCSTA	set	0x18
   440                           
   441                           	global	_SPBRG
   442                           	global	_SPBRG
   443  0000                     	_SPBRG	set	0x99
   444                           
   445                           	global	_SSPADD
   446                           	global	_SSPADD
   447  0000                     	_SSPADD	set	0x93
   448                           
   449                           	global	_SSPBUF
   450                           	global	_SSPBUF
   451  0000                     	_SSPBUF	set	0x13
   452                           
   453                           	global	_SSPCON
   454                           	global	_SSPCON
   455  0000                     	_SSPCON	set	0x14
   456                           
   457                           	global	_SSPCON2
   458                           	global	_SSPCON2
   459  0000                     	_SSPCON2	set	0x91
   460                           
   461                           	global	_SSPSTAT
   462                           	global	_SSPSTAT
   463  0000                     	_SSPSTAT	set	0x94
   464                           
   465                           	global	_STATUS
   466                           	global	_STATUS
   467  0000                     	_STATUS	set	0x3
   468                           
   469                           	global	_T1CON
   470                           	global	_T1CON
   471  0000                     	_T1CON	set	0x10
   472                           
   473                           	global	_T2CON
   474                           	global	_T2CON
   475  0000                     	_T2CON	set	0x12
   476                           
   477                           	global	_TMR0
   478                           	global	_TMR0
   479  0000                     	_TMR0	set	0x1
   480                           
   481                           	global	_TMR1H
   482                           	global	_TMR1H
   483  0000                     	_TMR1H	set	0xF
   484                           
   485                           	global	_TMR1L
   486                           	global	_TMR1L
   487  0000                     	_TMR1L	set	0xE
   488                           
   489                           	global	_TMR2
   490                           	global	_TMR2
   491  0000                     	_TMR2	set	0x11
   492                           
   493                           	global	_TRISA
   494                           	global	_TRISA
   495  0000                     	_TRISA	set	0x85
   496                           
   497                           	global	_TRISB
   498  0000                     	_TRISB	set	0x86
   499                           
   500                           	global	_TRISC
   501  0000                     	_TRISC	set	0x87
   502                           
   503                           	global	_TRISD
   504                           	global	_TRISD
   505  0000                     	_TRISD	set	0x88
   506                           
   507                           	global	_TRISE
   508                           	global	_TRISE
   509  0000                     	_TRISE	set	0x89
   510                           
   511                           	global	_TXREG
   512                           	global	_TXREG
   513  0000                     	_TXREG	set	0x19
   514                           
   515                           	global	_TXSTA
   516                           	global	_TXSTA
   517  0000                     	_TXSTA	set	0x98
   518                           
   519                           	global	_ACKDT
   520                           	global	_ACKDT
   521  0000                     	_ACKDT	set	0x48D	;byte address: 0x91
   522                           
   523                           	global	_ACKEN
   524                           	global	_ACKEN
   525  0000                     	_ACKEN	set	0x48C	;byte address: 0x91
   526                           
   527                           	global	_ACKSTAT
   528                           	global	_ACKSTAT
   529  0000                     	_ACKSTAT	set	0x48E	;byte address: 0x91
   530                           
   531                           	global	_ADCS0
   532                           	global	_ADCS0
   533  0000                     	_ADCS0	set	0xFE	;byte address: 0x1F
   534                           
   535                           	global	_ADCS1
   536                           	global	_ADCS1
   537  0000                     	_ADCS1	set	0xFF	;byte address: 0x1F
   538                           
   539                           	global	_ADCS2
   540                           	global	_ADCS2
   541  0000                     	_ADCS2	set	0x4FE	;byte address: 0x9F
   542                           
   543                           	global	_ADDEN
   544                           	global	_ADDEN
   545  0000                     	_ADDEN	set	0xC3	;byte address: 0x18
   546                           
   547                           	global	_ADFM
   548                           	global	_ADFM
   549  0000                     	_ADFM	set	0x4FF	;byte address: 0x9F
   550                           
   551                           	global	_ADGO
   552                           	global	_ADGO
   553  0000                     	_ADGO	set	0xFA	;byte address: 0x1F
   554                           
   555                           	global	_ADIE
   556                           	global	_ADIE
   557  0000                     	_ADIE	set	0x466	;byte address: 0x8C
   558                           
   559                           	global	_ADIF
   560                           	global	_ADIF
   561  0000                     	_ADIF	set	0x66	;byte address: 0xC
   562                           
   563                           	global	_ADON
   564                           	global	_ADON
   565  0000                     	_ADON	set	0xF8	;byte address: 0x1F
   566                           
   567                           	global	_BCLIE
   568                           	global	_BCLIE
   569  0000                     	_BCLIE	set	0x46B	;byte address: 0x8D
   570                           
   571                           	global	_BCLIF
   572                           	global	_BCLIF
   573  0000                     	_BCLIF	set	0x6B	;byte address: 0xD
   574                           
   575                           	global	_BF
   576                           	global	_BF
   577  0000                     	_BF	set	0x4A0	;byte address: 0x94
   578                           
   579                           	global	_BOR
   580                           	global	_BOR
   581  0000                     	_BOR	set	0x470	;byte address: 0x8E
   582                           
   583                           	global	_BRGH
   584                           	global	_BRGH
   585  0000                     	_BRGH	set	0x4C2	;byte address: 0x98
   586                           
   587                           	global	_C1INV
   588                           	global	_C1INV
   589  0000                     	_C1INV	set	0x4E4	;byte address: 0x9C
   590                           
   591                           	global	_C1OUT
   592                           	global	_C1OUT
   593  0000                     	_C1OUT	set	0x4E6	;byte address: 0x9C
   594                           
   595                           	global	_C2INV
   596                           	global	_C2INV
   597  0000                     	_C2INV	set	0x4E5	;byte address: 0x9C
   598                           
   599                           	global	_C2OUT
   600                           	global	_C2OUT
   601  0000                     	_C2OUT	set	0x4E7	;byte address: 0x9C
   602                           
   603                           	global	_CARRY
   604                           	global	_CARRY
   605  0000                     	_CARRY	set	0x18	;byte address: 0x3
   606                           
   607                           	global	_CCP1IE
   608                           	global	_CCP1IE
   609  0000                     	_CCP1IE	set	0x462	;byte address: 0x8C
   610                           
   611                           	global	_CCP1IF
   612                           	global	_CCP1IF
   613  0000                     	_CCP1IF	set	0x62	;byte address: 0xC
   614                           
   615                           	global	_CCP1M0
   616                           	global	_CCP1M0
   617  0000                     	_CCP1M0	set	0xB8	;byte address: 0x17
   618                           
   619                           	global	_CCP1M1
   620                           	global	_CCP1M1
   621  0000                     	_CCP1M1	set	0xB9	;byte address: 0x17
   622                           
   623                           	global	_CCP1M2
   624                           	global	_CCP1M2
   625  0000                     	_CCP1M2	set	0xBA	;byte address: 0x17
   626                           
   627                           	global	_CCP1M3
   628                           	global	_CCP1M3
   629  0000                     	_CCP1M3	set	0xBB	;byte address: 0x17
   630                           
   631                           	global	_CCP1X
   632                           	global	_CCP1X
   633  0000                     	_CCP1X	set	0xBD	;byte address: 0x17
   634                           
   635                           	global	_CCP1Y
   636                           	global	_CCP1Y
   637  0000                     	_CCP1Y	set	0xBC	;byte address: 0x17
   638                           
   639                           	global	_CCP2IE
   640                           	global	_CCP2IE
   641  0000                     	_CCP2IE	set	0x468	;byte address: 0x8D
   642                           
   643                           	global	_CCP2IF
   644                           	global	_CCP2IF
   645  0000                     	_CCP2IF	set	0x68	;byte address: 0xD
   646                           
   647                           	global	_CCP2M0
   648                           	global	_CCP2M0
   649  0000                     	_CCP2M0	set	0xE8	;byte address: 0x1D
   650                           
   651                           	global	_CCP2M1
   652                           	global	_CCP2M1
   653  0000                     	_CCP2M1	set	0xE9	;byte address: 0x1D
   654                           
   655                           	global	_CCP2M2
   656                           	global	_CCP2M2
   657  0000                     	_CCP2M2	set	0xEA	;byte address: 0x1D
   658                           
   659                           	global	_CCP2M3
   660                           	global	_CCP2M3
   661  0000                     	_CCP2M3	set	0xEB	;byte address: 0x1D
   662                           
   663                           	global	_CCP2X
   664                           	global	_CCP2X
   665  0000                     	_CCP2X	set	0xED	;byte address: 0x1D
   666                           
   667                           	global	_CCP2Y
   668                           	global	_CCP2Y
   669  0000                     	_CCP2Y	set	0xEC	;byte address: 0x1D
   670                           
   671                           	global	_CHS0
   672                           	global	_CHS0
   673  0000                     	_CHS0	set	0xFB	;byte address: 0x1F
   674                           
   675                           	global	_CHS1
   676                           	global	_CHS1
   677  0000                     	_CHS1	set	0xFC	;byte address: 0x1F
   678                           
   679                           	global	_CHS2
   680                           	global	_CHS2
   681  0000                     	_CHS2	set	0xFD	;byte address: 0x1F
   682                           
   683                           	global	_CIS
   684                           	global	_CIS
   685  0000                     	_CIS	set	0x4E3	;byte address: 0x9C
   686                           
   687                           	global	_CKE
   688                           	global	_CKE
   689  0000                     	_CKE	set	0x4A6	;byte address: 0x94
   690                           
   691                           	global	_CKP
   692                           	global	_CKP
   693  0000                     	_CKP	set	0xA4	;byte address: 0x14
   694                           
   695                           	global	_CM0
   696                           	global	_CM0
   697  0000                     	_CM0	set	0x4E0	;byte address: 0x9C
   698                           
   699                           	global	_CM1
   700                           	global	_CM1
   701  0000                     	_CM1	set	0x4E1	;byte address: 0x9C
   702                           
   703                           	global	_CM2
   704                           	global	_CM2
   705  0000                     	_CM2	set	0x4E2	;byte address: 0x9C
   706                           
   707                           	global	_CMIE
   708                           	global	_CMIE
   709  0000                     	_CMIE	set	0x46E	;byte address: 0x8D
   710                           
   711                           	global	_CMIF
   712                           	global	_CMIF
   713  0000                     	_CMIF	set	0x6E	;byte address: 0xD
   714                           
   715                           	global	_CREN
   716                           	global	_CREN
   717  0000                     	_CREN	set	0xC4	;byte address: 0x18
   718                           
   719                           	global	_CSRC
   720                           	global	_CSRC
   721  0000                     	_CSRC	set	0x4C7	;byte address: 0x98
   722                           
   723                           	global	_CVR0
   724                           	global	_CVR0
   725  0000                     	_CVR0	set	0x4E8	;byte address: 0x9D
   726                           
   727                           	global	_CVR1
   728                           	global	_CVR1
   729  0000                     	_CVR1	set	0x4E9	;byte address: 0x9D
   730                           
   731                           	global	_CVR2
   732                           	global	_CVR2
   733  0000                     	_CVR2	set	0x4EA	;byte address: 0x9D
   734                           
   735                           	global	_CVR3
   736                           	global	_CVR3
   737  0000                     	_CVR3	set	0x4EB	;byte address: 0x9D
   738                           
   739                           	global	_CVREN
   740                           	global	_CVREN
   741  0000                     	_CVREN	set	0x4EF	;byte address: 0x9D
   742                           
   743                           	global	_CVROE
   744                           	global	_CVROE
   745  0000                     	_CVROE	set	0x4EE	;byte address: 0x9D
   746                           
   747                           	global	_CVRR
   748                           	global	_CVRR
   749  0000                     	_CVRR	set	0x4ED	;byte address: 0x9D
   750                           
   751                           	global	_DA
   752                           	global	_DA
   753  0000                     	_DA	set	0x4A5	;byte address: 0x94
   754                           
   755                           	global	_DC
   756                           	global	_DC
   757  0000                     	_DC	set	0x19	;byte address: 0x3
   758                           
   759                           	global	_EEIE
   760                           	global	_EEIE
   761  0000                     	_EEIE	set	0x46C	;byte address: 0x8D
   762                           
   763                           	global	_EEIF
   764                           	global	_EEIF
   765  0000                     	_EEIF	set	0x6C	;byte address: 0xD
   766                           
   767                           	global	_EEPGD
   768                           	global	_EEPGD
   769  0000                     	_EEPGD	set	0xC67	;byte address: 0x18C
   770                           
   771                           	global	_FERR
   772                           	global	_FERR
   773  0000                     	_FERR	set	0xC2	;byte address: 0x18
   774                           
   775                           	global	_GCEN
   776                           	global	_GCEN
   777  0000                     	_GCEN	set	0x48F	;byte address: 0x91
   778                           
   779                           	global	_GIE
   780                           	global	_GIE
   781  0000                     	_GIE	set	0x5F	;byte address: 0xB
   782                           
   783                           	global	_GODONE
   784                           	global	_GODONE
   785  0000                     	_GODONE	set	0xFA	;byte address: 0x1F
   786                           
   787                           	global	_IBF
   788                           	global	_IBF
   789  0000                     	_IBF	set	0x44F	;byte address: 0x89
   790                           
   791                           	global	_IBOV
   792                           	global	_IBOV
   793  0000                     	_IBOV	set	0x44D	;byte address: 0x89
   794                           
   795                           	global	_INTE
   796                           	global	_INTE
   797  0000                     	_INTE	set	0x5C	;byte address: 0xB
   798                           
   799                           	global	_INTEDG
   800                           	global	_INTEDG
   801  0000                     	_INTEDG	set	0x40E	;byte address: 0x81
   802                           
   803                           	global	_INTF
   804                           	global	_INTF
   805  0000                     	_INTF	set	0x59	;byte address: 0xB
   806                           
   807                           	global	_IRP
   808                           	global	_IRP
   809  0000                     	_IRP	set	0x1F	;byte address: 0x3
   810                           
   811                           	global	_OBF
   812                           	global	_OBF
   813  0000                     	_OBF	set	0x44E	;byte address: 0x89
   814                           
   815                           	global	_OERR
   816                           	global	_OERR
   817  0000                     	_OERR	set	0xC1	;byte address: 0x18
   818                           
   819                           	global	_PCFG0
   820                           	global	_PCFG0
   821  0000                     	_PCFG0	set	0x4F8	;byte address: 0x9F
   822                           
   823                           	global	_PCFG1
   824                           	global	_PCFG1
   825  0000                     	_PCFG1	set	0x4F9	;byte address: 0x9F
   826                           
   827                           	global	_PCFG2
   828                           	global	_PCFG2
   829  0000                     	_PCFG2	set	0x4FA	;byte address: 0x9F
   830                           
   831                           	global	_PCFG3
   832                           	global	_PCFG3
   833  0000                     	_PCFG3	set	0x4FB	;byte address: 0x9F
   834                           
   835                           	global	_PD
   836                           	global	_PD
   837  0000                     	_PD	set	0x1B	;byte address: 0x3
   838                           
   839                           	global	_PEIE
   840                           	global	_PEIE
   841  0000                     	_PEIE	set	0x5E	;byte address: 0xB
   842                           
   843                           	global	_PEN
   844                           	global	_PEN
   845  0000                     	_PEN	set	0x48A	;byte address: 0x91
   846                           
   847                           	global	_POR
   848                           	global	_POR
   849  0000                     	_POR	set	0x471	;byte address: 0x8E
   850                           
   851                           	global	_PS0
   852                           	global	_PS0
   853  0000                     	_PS0	set	0x408	;byte address: 0x81
   854                           
   855                           	global	_PS1
   856                           	global	_PS1
   857  0000                     	_PS1	set	0x409	;byte address: 0x81
   858                           
   859                           	global	_PS2
   860                           	global	_PS2
   861  0000                     	_PS2	set	0x40A	;byte address: 0x81
   862                           
   863                           	global	_PSA
   864                           	global	_PSA
   865  0000                     	_PSA	set	0x40B	;byte address: 0x81
   866                           
   867                           	global	_PSPIE
   868                           	global	_PSPIE
   869  0000                     	_PSPIE	set	0x467	;byte address: 0x8C
   870                           
   871                           	global	_PSPIF
   872                           	global	_PSPIF
   873  0000                     	_PSPIF	set	0x67	;byte address: 0xC
   874                           
   875                           	global	_PSPMODE
   876                           	global	_PSPMODE
   877  0000                     	_PSPMODE	set	0x44C	;byte address: 0x89
   878                           
   879                           	global	_RA0
   880                           	global	_RA0
   881  0000                     	_RA0	set	0x28	;byte address: 0x5
   882                           
   883                           	global	_RA1
   884                           	global	_RA1
   885  0000                     	_RA1	set	0x29	;byte address: 0x5
   886                           
   887                           	global	_RA2
   888                           	global	_RA2
   889  0000                     	_RA2	set	0x2A	;byte address: 0x5
   890                           
   891                           	global	_RA3
   892                           	global	_RA3
   893  0000                     	_RA3	set	0x2B	;byte address: 0x5
   894                           
   895                           	global	_RA4
   896                           	global	_RA4
   897  0000                     	_RA4	set	0x2C	;byte address: 0x5
   898                           
   899                           	global	_RA5
   900                           	global	_RA5
   901  0000                     	_RA5	set	0x2D	;byte address: 0x5
   902                           
   903                           	global	_RB0
   904                           	global	_RB0
   905  0000                     	_RB0	set	0x30	;byte address: 0x6
   906                           
   907                           	global	_RB1
   908                           	global	_RB1
   909  0000                     	_RB1	set	0x31	;byte address: 0x6
   910                           
   911                           	global	_RB2
   912                           	global	_RB2
   913  0000                     	_RB2	set	0x32	;byte address: 0x6
   914                           
   915                           	global	_RB3
   916                           	global	_RB3
   917  0000                     	_RB3	set	0x33	;byte address: 0x6
   918                           
   919                           	global	_RB4
   920  0000                     	_RB4	set	0x34	;byte address: 0x6
   921                           
   922                           	global	_RB5
   923                           	global	_RB5
   924  0000                     	_RB5	set	0x35	;byte address: 0x6
   925                           
   926                           	global	_RB6
   927                           	global	_RB6
   928  0000                     	_RB6	set	0x36	;byte address: 0x6
   929                           
   930                           	global	_RB7
   931                           	global	_RB7
   932  0000                     	_RB7	set	0x37	;byte address: 0x6
   933                           
   934                           	global	_RBIE
   935                           	global	_RBIE
   936  0000                     	_RBIE	set	0x5B	;byte address: 0xB
   937                           
   938                           	global	_RBIF
   939                           	global	_RBIF
   940  0000                     	_RBIF	set	0x58	;byte address: 0xB
   941                           
   942                           	global	_RBPU
   943                           	global	_RBPU
   944  0000                     	_RBPU	set	0x40F	;byte address: 0x81
   945                           
   946                           	global	_RC0
   947                           	global	_RC0
   948  0000                     	_RC0	set	0x38	;byte address: 0x7
   949                           
   950                           	global	_RC1
   951                           	global	_RC1
   952  0000                     	_RC1	set	0x39	;byte address: 0x7
   953                           
   954                           	global	_RC2
   955                           	global	_RC2
   956  0000                     	_RC2	set	0x3A	;byte address: 0x7
   957                           
   958                           	global	_RC3
   959                           	global	_RC3
   960  0000                     	_RC3	set	0x3B	;byte address: 0x7
   961                           
   962                           	global	_RC4
   963  0000                     	_RC4	set	0x3C	;byte address: 0x7
   964                           
   965                           	global	_RC5
   966                           	global	_RC5
   967  0000                     	_RC5	set	0x3D	;byte address: 0x7
   968                           
   969                           	global	_RC6
   970                           	global	_RC6
   971  0000                     	_RC6	set	0x3E	;byte address: 0x7
   972                           
   973                           	global	_RC7
   974                           	global	_RC7
   975  0000                     	_RC7	set	0x3F	;byte address: 0x7
   976                           
   977                           	global	_RCEN
   978                           	global	_RCEN
   979  0000                     	_RCEN	set	0x48B	;byte address: 0x91
   980                           
   981                           	global	_RCIE
   982                           	global	_RCIE
   983  0000                     	_RCIE	set	0x465	;byte address: 0x8C
   984                           
   985                           	global	_RCIF
   986                           	global	_RCIF
   987  0000                     	_RCIF	set	0x65	;byte address: 0xC
   988                           
   989                           	global	_RD
   990                           	global	_RD
   991  0000                     	_RD	set	0xC60	;byte address: 0x18C
   992                           
   993                           	global	_RD0
   994                           	global	_RD0
   995  0000                     	_RD0	set	0x40	;byte address: 0x8
   996                           
   997                           	global	_RD1
   998                           	global	_RD1
   999  0000                     	_RD1	set	0x41	;byte address: 0x8
  1000                           
  1001                           	global	_RD2
  1002                           	global	_RD2
  1003  0000                     	_RD2	set	0x42	;byte address: 0x8
  1004                           
  1005                           	global	_RD3
  1006                           	global	_RD3
  1007  0000                     	_RD3	set	0x43	;byte address: 0x8
  1008                           
  1009                           	global	_RD4
  1010                           	global	_RD4
  1011  0000                     	_RD4	set	0x44	;byte address: 0x8
  1012                           
  1013                           	global	_RD5
  1014                           	global	_RD5
  1015  0000                     	_RD5	set	0x45	;byte address: 0x8
  1016                           
  1017                           	global	_RD6
  1018                           	global	_RD6
  1019  0000                     	_RD6	set	0x46	;byte address: 0x8
  1020                           
  1021                           	global	_RD7
  1022                           	global	_RD7
  1023  0000                     	_RD7	set	0x47	;byte address: 0x8
  1024                           
  1025                           	global	_RE0
  1026                           	global	_RE0
  1027  0000                     	_RE0	set	0x48	;byte address: 0x9
  1028                           
  1029                           	global	_RE1
  1030                           	global	_RE1
  1031  0000                     	_RE1	set	0x49	;byte address: 0x9
  1032                           
  1033                           	global	_RE2
  1034                           	global	_RE2
  1035  0000                     	_RE2	set	0x4A	;byte address: 0x9
  1036                           
  1037                           	global	_RP0
  1038                           	global	_RP0
  1039  0000                     	_RP0	set	0x1D	;byte address: 0x3
  1040                           
  1041                           	global	_RP1
  1042                           	global	_RP1
  1043  0000                     	_RP1	set	0x1E	;byte address: 0x3
  1044                           
  1045                           	global	_RSEN
  1046                           	global	_RSEN
  1047  0000                     	_RSEN	set	0x489	;byte address: 0x91
  1048                           
  1049                           	global	_RW
  1050                           	global	_RW
  1051  0000                     	_RW	set	0x4A2	;byte address: 0x94
  1052                           
  1053                           	global	_RX9
  1054                           	global	_RX9
  1055  0000                     	_RX9	set	0xC6	;byte address: 0x18
  1056                           
  1057                           	global	_RX9D
  1058                           	global	_RX9D
  1059  0000                     	_RX9D	set	0xC0	;byte address: 0x18
  1060                           
  1061                           	global	_SEN
  1062                           	global	_SEN
  1063  0000                     	_SEN	set	0x488	;byte address: 0x91
  1064                           
  1065                           	global	_SMP
  1066                           	global	_SMP
  1067  0000                     	_SMP	set	0x4A7	;byte address: 0x94
  1068                           
  1069                           	global	_SPEN
  1070                           	global	_SPEN
  1071  0000                     	_SPEN	set	0xC7	;byte address: 0x18
  1072                           
  1073                           	global	_SREN
  1074                           	global	_SREN
  1075  0000                     	_SREN	set	0xC5	;byte address: 0x18
  1076                           
  1077                           	global	_SSPEN
  1078                           	global	_SSPEN
  1079  0000                     	_SSPEN	set	0xA5	;byte address: 0x14
  1080                           
  1081                           	global	_SSPIE
  1082                           	global	_SSPIE
  1083  0000                     	_SSPIE	set	0x463	;byte address: 0x8C
  1084                           
  1085                           	global	_SSPIF
  1086                           	global	_SSPIF
  1087  0000                     	_SSPIF	set	0x63	;byte address: 0xC
  1088                           
  1089                           	global	_SSPM0
  1090                           	global	_SSPM0
  1091  0000                     	_SSPM0	set	0xA0	;byte address: 0x14
  1092                           
  1093                           	global	_SSPM1
  1094                           	global	_SSPM1
  1095  0000                     	_SSPM1	set	0xA1	;byte address: 0x14
  1096                           
  1097                           	global	_SSPM2
  1098                           	global	_SSPM2
  1099  0000                     	_SSPM2	set	0xA2	;byte address: 0x14
  1100                           
  1101                           	global	_SSPM3
  1102                           	global	_SSPM3
  1103  0000                     	_SSPM3	set	0xA3	;byte address: 0x14
  1104                           
  1105                           	global	_SSPOV
  1106                           	global	_SSPOV
  1107  0000                     	_SSPOV	set	0xA6	;byte address: 0x14
  1108                           
  1109                           	global	_START
  1110                           	global	_START
  1111  0000                     	_START	set	0x4A3	;byte address: 0x94
  1112                           
  1113                           	global	_STOP
  1114                           	global	_STOP
  1115  0000                     	_STOP	set	0x4A4	;byte address: 0x94
  1116                           
  1117                           	global	_SYNC
  1118                           	global	_SYNC
  1119  0000                     	_SYNC	set	0x4C4	;byte address: 0x98
  1120                           
  1121                           	global	_T0CS
  1122                           	global	_T0CS
  1123  0000                     	_T0CS	set	0x40D	;byte address: 0x81
  1124                           
  1125                           	global	_T0IE
  1126                           	global	_T0IE
  1127  0000                     	_T0IE	set	0x5D	;byte address: 0xB
  1128                           
  1129                           	global	_T0IF
  1130                           	global	_T0IF
  1131  0000                     	_T0IF	set	0x5A	;byte address: 0xB
  1132                           
  1133                           	global	_T0SE
  1134                           	global	_T0SE
  1135  0000                     	_T0SE	set	0x40C	;byte address: 0x81
  1136                           
  1137                           	global	_T1CKPS0
  1138                           	global	_T1CKPS0
  1139  0000                     	_T1CKPS0	set	0x84	;byte address: 0x10
  1140                           
  1141                           	global	_T1CKPS1
  1142                           	global	_T1CKPS1
  1143  0000                     	_T1CKPS1	set	0x85	;byte address: 0x10
  1144                           
  1145                           	global	_T1OSCEN
  1146                           	global	_T1OSCEN
  1147  0000                     	_T1OSCEN	set	0x83	;byte address: 0x10
  1148                           
  1149                           	global	_T1SYNC
  1150                           	global	_T1SYNC
  1151  0000                     	_T1SYNC	set	0x82	;byte address: 0x10
  1152                           
  1153                           	global	_T2CKPS0
  1154                           	global	_T2CKPS0
  1155  0000                     	_T2CKPS0	set	0x90	;byte address: 0x12
  1156                           
  1157                           	global	_T2CKPS1
  1158                           	global	_T2CKPS1
  1159  0000                     	_T2CKPS1	set	0x91	;byte address: 0x12
  1160                           
  1161                           	global	_TMR0IE
  1162                           	global	_TMR0IE
  1163  0000                     	_TMR0IE	set	0x5D	;byte address: 0xB
  1164                           
  1165                           	global	_TMR0IF
  1166                           	global	_TMR0IF
  1167  0000                     	_TMR0IF	set	0x5A	;byte address: 0xB
  1168                           
  1169                           	global	_TMR1CS
  1170                           	global	_TMR1CS
  1171  0000                     	_TMR1CS	set	0x81	;byte address: 0x10
  1172                           
  1173                           	global	_TMR1IE
  1174                           	global	_TMR1IE
  1175  0000                     	_TMR1IE	set	0x460	;byte address: 0x8C
  1176                           
  1177                           	global	_TMR1IF
  1178                           	global	_TMR1IF
  1179  0000                     	_TMR1IF	set	0x60	;byte address: 0xC
  1180                           
  1181                           	global	_TMR1ON
  1182                           	global	_TMR1ON
  1183  0000                     	_TMR1ON	set	0x80	;byte address: 0x10
  1184                           
  1185                           	global	_TMR2IE
  1186                           	global	_TMR2IE
  1187  0000                     	_TMR2IE	set	0x461	;byte address: 0x8C
  1188                           
  1189                           	global	_TMR2IF
  1190                           	global	_TMR2IF
  1191  0000                     	_TMR2IF	set	0x61	;byte address: 0xC
  1192                           
  1193                           	global	_TMR2ON
  1194                           	global	_TMR2ON
  1195  0000                     	_TMR2ON	set	0x92	;byte address: 0x12
  1196                           
  1197                           	global	_TO
  1198                           	global	_TO
  1199  0000                     	_TO	set	0x1C	;byte address: 0x3
  1200                           
  1201                           	global	_TOUTPS0
  1202                           	global	_TOUTPS0
  1203  0000                     	_TOUTPS0	set	0x93	;byte address: 0x12
  1204                           
  1205                           	global	_TOUTPS1
  1206                           	global	_TOUTPS1
  1207  0000                     	_TOUTPS1	set	0x94	;byte address: 0x12
  1208                           
  1209                           	global	_TOUTPS2
  1210                           	global	_TOUTPS2
  1211  0000                     	_TOUTPS2	set	0x95	;byte address: 0x12
  1212                           
  1213                           	global	_TOUTPS3
  1214                           	global	_TOUTPS3
  1215  0000                     	_TOUTPS3	set	0x96	;byte address: 0x12
  1216                           
  1217                           	global	_TRISA0
  1218                           	global	_TRISA0
  1219  0000                     	_TRISA0	set	0x428	;byte address: 0x85
  1220                           
  1221                           	global	_TRISA1
  1222                           	global	_TRISA1
  1223  0000                     	_TRISA1	set	0x429	;byte address: 0x85
  1224                           
  1225                           	global	_TRISA2
  1226                           	global	_TRISA2
  1227  0000                     	_TRISA2	set	0x42A	;byte address: 0x85
  1228                           
  1229                           	global	_TRISA3
  1230                           	global	_TRISA3
  1231  0000                     	_TRISA3	set	0x42B	;byte address: 0x85
  1232                           
  1233                           	global	_TRISA4
  1234                           	global	_TRISA4
  1235  0000                     	_TRISA4	set	0x42C	;byte address: 0x85
  1236                           
  1237                           	global	_TRISA5
  1238                           	global	_TRISA5
  1239  0000                     	_TRISA5	set	0x42D	;byte address: 0x85
  1240                           
  1241                           	global	_TRISB0
  1242                           	global	_TRISB0
  1243  0000                     	_TRISB0	set	0x430	;byte address: 0x86
  1244                           
  1245                           	global	_TRISB1
  1246                           	global	_TRISB1
  1247  0000                     	_TRISB1	set	0x431	;byte address: 0x86
  1248                           
  1249                           	global	_TRISB2
  1250                           	global	_TRISB2
  1251  0000                     	_TRISB2	set	0x432	;byte address: 0x86
  1252                           
  1253                           	global	_TRISB3
  1254                           	global	_TRISB3
  1255  0000                     	_TRISB3	set	0x433	;byte address: 0x86
  1256                           
  1257                           	global	_TRISB4
  1258                           	global	_TRISB4
  1259  0000                     	_TRISB4	set	0x434	;byte address: 0x86
  1260                           
  1261                           	global	_TRISB5
  1262                           	global	_TRISB5
  1263  0000                     	_TRISB5	set	0x435	;byte address: 0x86
  1264                           
  1265                           	global	_TRISB6
  1266                           	global	_TRISB6
  1267  0000                     	_TRISB6	set	0x436	;byte address: 0x86
  1268                           
  1269                           	global	_TRISB7
  1270                           	global	_TRISB7
  1271  0000                     	_TRISB7	set	0x437	;byte address: 0x86
  1272                           
  1273                           	global	_TRISC0
  1274                           	global	_TRISC0
  1275  0000                     	_TRISC0	set	0x438	;byte address: 0x87
  1276                           
  1277                           	global	_TRISC1
  1278                           	global	_TRISC1
  1279  0000                     	_TRISC1	set	0x439	;byte address: 0x87
  1280                           
  1281                           	global	_TRISC2
  1282                           	global	_TRISC2
  1283  0000                     	_TRISC2	set	0x43A	;byte address: 0x87
  1284                           
  1285                           	global	_TRISC3
  1286                           	global	_TRISC3
  1287  0000                     	_TRISC3	set	0x43B	;byte address: 0x87
  1288                           
  1289                           	global	_TRISC4
  1290                           	global	_TRISC4
  1291  0000                     	_TRISC4	set	0x43C	;byte address: 0x87
  1292                           
  1293                           	global	_TRISC5
  1294                           	global	_TRISC5
  1295  0000                     	_TRISC5	set	0x43D	;byte address: 0x87
  1296                           
  1297                           	global	_TRISC6
  1298                           	global	_TRISC6
  1299  0000                     	_TRISC6	set	0x43E	;byte address: 0x87
  1300                           
  1301                           	global	_TRISC7
  1302                           	global	_TRISC7
  1303  0000                     	_TRISC7	set	0x43F	;byte address: 0x87
  1304                           
  1305                           	global	_TRISD0
  1306                           	global	_TRISD0
  1307  0000                     	_TRISD0	set	0x440	;byte address: 0x88
  1308                           
  1309                           	global	_TRISD1
  1310                           	global	_TRISD1
  1311  0000                     	_TRISD1	set	0x441	;byte address: 0x88
  1312                           
  1313                           	global	_TRISD2
  1314                           	global	_TRISD2
  1315  0000                     	_TRISD2	set	0x442	;byte address: 0x88
  1316                           
  1317                           	global	_TRISD3
  1318                           	global	_TRISD3
  1319  0000                     	_TRISD3	set	0x443	;byte address: 0x88
  1320                           
  1321                           	global	_TRISD4
  1322                           	global	_TRISD4
  1323  0000                     	_TRISD4	set	0x444	;byte address: 0x88
  1324                           
  1325                           	global	_TRISD5
  1326                           	global	_TRISD5
  1327  0000                     	_TRISD5	set	0x445	;byte address: 0x88
  1328                           
  1329                           	global	_TRISD6
  1330                           	global	_TRISD6
  1331  0000                     	_TRISD6	set	0x446	;byte address: 0x88
  1332                           
  1333                           	global	_TRISD7
  1334                           	global	_TRISD7
  1335  0000                     	_TRISD7	set	0x447	;byte address: 0x88
  1336                           
  1337                           	global	_TRISE0
  1338                           	global	_TRISE0
  1339  0000                     	_TRISE0	set	0x448	;byte address: 0x89
  1340                           
  1341                           	global	_TRISE1
  1342                           	global	_TRISE1
  1343  0000                     	_TRISE1	set	0x449	;byte address: 0x89
  1344                           
  1345                           	global	_TRISE2
  1346                           	global	_TRISE2
  1347  0000                     	_TRISE2	set	0x44A	;byte address: 0x89
  1348                           
  1349                           	global	_TRMT
  1350                           	global	_TRMT
  1351  0000                     	_TRMT	set	0x4C1	;byte address: 0x98
  1352                           
  1353                           	global	_TX9
  1354                           	global	_TX9
  1355  0000                     	_TX9	set	0x4C6	;byte address: 0x98
  1356                           
  1357                           	global	_TX9D
  1358                           	global	_TX9D
  1359  0000                     	_TX9D	set	0x4C0	;byte address: 0x98
  1360                           
  1361                           	global	_TXEN
  1362                           	global	_TXEN
  1363  0000                     	_TXEN	set	0x4C5	;byte address: 0x98
  1364                           
  1365                           	global	_TXIE
  1366                           	global	_TXIE
  1367  0000                     	_TXIE	set	0x464	;byte address: 0x8C
  1368                           
  1369                           	global	_TXIF
  1370                           	global	_TXIF
  1371  0000                     	_TXIF	set	0x64	;byte address: 0xC
  1372                           
  1373                           	global	_UA
  1374                           	global	_UA
  1375  0000                     	_UA	set	0x4A1	;byte address: 0x94
  1376                           
  1377                           	global	_WCOL
  1378                           	global	_WCOL
  1379  0000                     	_WCOL	set	0xA7	;byte address: 0x14
  1380                           
  1381                           	global	_WR
  1382                           	global	_WR
  1383  0000                     	_WR	set	0xC61	;byte address: 0x18C
  1384                           
  1385                           	global	_WREN
  1386                           	global	_WREN
  1387  0000                     	_WREN	set	0xC62	;byte address: 0x18C
  1388                           
  1389                           	global	_WRERR
  1390                           	global	_WRERR
  1391  0000                     	_WRERR	set	0xC63	;byte address: 0x18C
  1392                           
  1393                           	global	_ZERO
  1394                           	global	_ZERO
  1395  0000                     	_ZERO	set	0x1A	;byte address: 0x3
  1396                           
  1397                           	PSECT	fnautoc,class=COMMON,space=1
  1398                           	FNCONF	fnautoc,??,?
  1399                           apbank macro
  1400                           	; no bank selection necessary for common memor
                                 y
  1401  0070                     	endm


HI-TECH Software PICC Macro Assembler V9.65PL1 build 4700 
Symbol Table                                          Mon Dec 04 11:18:22 2023

            l1 0030              l2 0030              l3 002F  
            l4 001F              l6 07FF              l7 07E3  
            l8 07FF      __Lrdata_0 0000      __Lramdata 0000  
           _DA 04A5             _BF 04A0             _DC 0019  
           _PD 001B             _RD 0C60             _UA 04A1  
           _TO 001C             _RW 04A2             _WR 0C61  
          _CM0 04E0            _CM1 04E1            _CM2 04E2  
          _CKE 04A6            _IBF 044F            _CIS 04E3  
          _CKP 00A4            _GIE 005F            _BOR 0470  
          _RA0 0028            _RA1 0029            _RB0 0030  
          _RA2 002A            _RB1 0031            _RA3 002B  
          _RC0 0038            _RB2 0032            _RA4 002C  
          _RC1 0039            _RB3 0033            _RA5 002D  
          _RD0 0040            _RC2 003A            _RB4 0034  
          _RD1 0041            _RC3 003B            _RB5 0035  
          _RE0 0048            _RD2 0042            _RC4 003C  
          _RB6 0036            _RE1 0049            _RD3 0043  
          _RC5 003D            _RB7 0037            _RE2 004A  
          _RD4 0044            _RC6 003E            _RD5 0045  
          _RC7 003F            _RD6 0046            _OBF 044E  
          _RD7 0047            _FSR 0004            _PCL 0002  
          _PS0 0408            _PR2 0092            _PS1 0409  
          _RP0 001D            _PS2 040A            _PEN 048A  
          _IRP 001F            _RP1 001E            u730 001F  
          u731 001E            _SEN 0488            u750 07FF  
          _PSA 040B            u751 07FE            u767 07E7  
          _POR 0471            _RX9 00C6            _SMP 04A7  
          _TX9 04C6        ??_delay 0070           _ADIE 0466  
         _ADIF 0066           _ADFM 04FF           _ADGO 00FA  
     __tempreg 0076           _ADON 00F8           _CHS0 00FB  
         _CHS1 00FC           _CHS2 00FD           _EEIE 046C  
         _EEIF 006C           _GCEN 048F           _CMIE 046E  
         _CMIF 006E           _BRGH 04C2           _T0IE 005D  
         _T0IF 005A           _CREN 00C4           _T0CS 040D  
         _FERR 00C2           _IBOV 044D           _CVR0 04E8  
         _CVR1 04E9           _CVR2 04EA           _CVR3 04EB  
         _T0SE 040C           _CSRC 04C7           _INDF 0000  
         _PIE1 008C           _PIE2 008D           _CVRR 04ED  
         _PEIE 005E           _INTE 005C           _INTF 0059  
         _RBIE 005B           _RBIF 0058           _RCIE 0465  
         _RCIF 0065           _RCEN 048B           _PCON 008E  
         _PIR1 000C           _PIR2 000D           u7510 07FB  
         _OERR 00C1           u7515 07F9           _RBPU 040F  
         _RX9D 00C0           _TMR0 0001           _TMR2 0011  
         _WCOL 00A7           _SPEN 00C7           _RSEN 0489  
    __databank 0000           _TX9D 04C0           _SREN 00C5  
         _TRMT 04C1           _STOP 04A4           _ZERO 001A  
         _TXIE 0464           _WREN 0C62           _TXIF 0064  
         _TXEN 04C5           _SYNC 04C4           _main 0003  
         start 0000        _CCP1CON 0017        _CCP2CON 001D  
      _ACKSTAT 048E          _C1INV 04E4          _C2INV 04E5  
        _C1OUT 04E6          _C2OUT 04E7          _ADCS0 00FE  
        _ADCS1 00FF          _ADCS2 04FE          _ADDEN 00C3  
        ?_main 0070          _ACKEN 048C          _ACKDT 048D  
        _BCLIE 046B          _BCLIF 006B          _CCP1X 00BD  
        _CCP1Y 00BC          _CCP2X 00ED          _CCP2Y 00EC  
        _EEADR 010D  __end_of_delay 0800          _CARRY 0018  
        _EEPGD 0C67          _CMCON 009C          _T1CON 0010  
        _T2CON 0012        _T1CKPS0 0084        _T1CKPS1 0085  
        _PCFG0 04F8          _PCFG1 04F9          _PCFG2 04FA  
        _PCFG3 04FB        _T2CKPS0 0090        _T2CKPS1 0091  
        _CVREN 04EF          _CVROE 04EE          _RCREG 001A  
        _RCSTA 0018          _TMR1H 000F          _TMR1L 000E  
        _SPBRG 0099          _PORTA 0005          _PORTB 0006  
      _T1OSCEN 0083          _PORTC 0007          _PORTD 0008  
        _PORTE 0009          _PSPIE 0467          _PSPIF 0067  
        _START 04A3          _SSPM0 00A0          _SSPM1 00A1  
        _SSPM2 00A2          _SSPM3 00A3          _TRISA 0085  
        _TRISB 0086          _TRISC 0087          _TRISD 0088  
        _SSPIE 0463          _TRISE 0089          _SSPIF 0063  
        _SSPEN 00A5          _SSPOV 00A6          _WRERR 0C63  
        _TXREG 0019          _TXSTA 0098          _delay 07DE  
      _PSPMODE 044C        _SSPCON2 0091        _SSPSTAT 0094  
      _TOUTPS0 0093        _TOUTPS1 0094        _TOUTPS2 0095  
      _TOUTPS3 0096          status 0003        _delay_i 0070  
       ??_main 0070         ?_delay 0070         _ADCON0 001F  
       _ADCON1 009F         _CCP1M0 00B8         _CCP1M1 00B9  
       _CCP1M2 00BA         _CCP1M3 00BB         _CCP2M0 00E8  
       _CCP2M1 00E9         _CCP2M2 00EA         _CCP2M3 00EB  
       _CCP1IE 0462         _CCP1IF 0062         _CCP2IE 0468  
       _CCP2IF 0068         _ADRESH 001E         _EEADRH 010F  
       _ADRESL 009E         _EEADRL 010D         _EEDATA 010C  
       _CCPR1H 0016         _EEDATH 010E         _CCPR2H 001C  
       _CCPR1L 0015         _CCPR2L 001B         _EECON1 018C  
       _EECON2 018D   __end_of_main 0033         _GODONE 00FA  
       _CVRCON 009D         _T1SYNC 0082         _INTEDG 040E  
       _PCLATH 000A         _INTCON 000B         _TMR0IE 005D  
       _TMR0IF 005A         _TMR1IE 0460         _TMR1IF 0060  
       _TMR1CS 0081         _TMR2IE 0461         _TMR2IF 0061  
       _TMR1ON 0080         _OPTION 0081         _TMR2ON 0092  
       _SSPADD 0093         _TRISA0 0428         _TRISA1 0429  
       _TRISB0 0430         _TRISA2 042A         _TRISB1 0431  
       _TRISA3 042B         _TRISC0 0438         _TRISB2 0432  
       _TRISA4 042C         _TRISC1 0439         _TRISB3 0433  
       _TRISA5 042D         _TRISD0 0440         _TRISC2 043A  
       _TRISB4 0434         _TRISD1 0441         _TRISC3 043B  
       _TRISB5 0435         _TRISE0 0448         _TRISD2 0442  
       _TRISC4 043C         _TRISB6 0436         _TRISE1 0449  
       _TRISD3 0443         _TRISC5 043D         _TRISB7 0437  
       _TRISE2 044A         _TRISD4 0444         _TRISC6 043E  
       _TRISD5 0445         _TRISC7 043F         _TRISD6 0446  
       _TRISD7 0447         _STATUS 0003         _SSPCON 0014  
       _SSPBUF 0013      __Hrdata_0 0001      __Hramdata 0001  
