

HI-TECH Software PICC Macro Assembler V9.65PL1 build 4700 
                                                      Fri Nov 24 14:21:08 2023


     1                           
     2                           	; HI-TECH C PRO for the PIC10/12/16 MCU family
                                  V9.65PL1
     3                           	; Copyright (C) 1984-2009 HI-TECH Software
     4                           
     5                           	; Auto-generated runtime startup code for fina
                                 l link stage.
     6                           
     7                           	;
     8                           	; Compiler options:
     9                           	;
    10                           	; -oRIGHT SHIFT USING SWITCH(+5V).cof \
    11                           	; -mRIGHT SHIFT USING SWITCH(+5V).map --summar
                                 y=default \
    12                           	; --output=default RIGHT SHIFT USING SWITCH(+5
                                 V).p1 --chip=16F877A -P \
    13                           	; --runtime=default --opt=default -D__DEBUG=1 
                                 -g --asmlist \
    14                           	; --errformat=Error   [%n] %f; %l.%c %s --msgf
                                 ormat=Advisory[%n] %s \
    15                           	; --warnformat=Warning [%n] %f; %l.%c %s
    16                           	;
    17                           
    18                           
    19                           	processor	16F877A
    20                           
    21                           	global	_main,start,_exit,reset_vec
    22                           	fnroot	_main
    23                           	psect	config,class=CONFIG,delta=2
    24                           	psect	idloc,class=IDLOC,delta=2
    25                           	psect	rbss_0,class=BANK0,space=1
    26                           	psect	rbss_1,class=BANK1,space=1
    27                           	psect	rbss_2,class=BANK2,space=1
    28                           	psect	rbss_3,class=BANK3,space=1
    29                           	psect	rdata_0,class=BANK0,space=1
    30                           	psect	rdata_1,class=BANK1,space=1
    31                           	psect	rdata_2,class=BANK2,space=1
    32                           	psect	rdata_3,class=BANK3,space=1
    33                           	psect	nvram,class=BANK0,space=1
    34                           	psect	nvram_1,class=BANK1,space=1
    35                           	psect	nvram_2,class=BANK2,space=1
    36                           	psect	nvram_3,class=BANK3,space=1
    37                           	psect	nvbit_0,class=BANK0,bit,space=1
    38                           	psect	nvbit_1,class=BANK1,bit,space=1
    39                           	psect	nvbit_2,class=BANK2,bit,space=1
    40                           	psect	nvbit_3,class=BANK3,bit,space=1
    41                           	psect	temp,ovrld,class=BANK0,space=1
    42                           	psect	struct,ovrld,class=BANK0,space=1
    43                           	psect	code,class=CODE,delta=2
    44                           	psect	rbit_0,class=BANK0,bit,space=1
    45                           	psect	ptbit_0,class=BANK0,bit,space=1
    46                           	psect	rbit_1,class=BANK1,bit,space=1
    47                           	psect	rbit_2,class=BANK2,bit,space=1
    48                           	psect	rbit_3,class=BANK3,bit,space=1
    49                           	psect	pstrings,class=CODE,delta=2
    50                           	psect	powerup,class=CODE,delta=2
    51                           	psect	reset_vec,class=CODE,delta=2
    52                           	psect	maintext,class=CODE,delta=2
    53  0000                     	C	set	0
    54  0000                     	Z	set	2
    55  0000                     	PCL	set	2
    56  0000                     	INDF	set	0
    57                           
    58                           	psect	fnautoc,class=COMMON,space=1
    59                           	psect	common,class=COMMON,space=1
    60                           	psect	fnauto0,class=BANK0,space=1
    61                           	psect	fnauto1,class=BANK1,space=1
    62                           	psect	fnauto2,class=BANK2,space=1
    63                           	psect	fnauto3,class=BANK3,space=1
    64  0000                     	STATUS	equ	3
    65  0000                     	PCLATH	equ	0Ah
    66                           
    67                           	psect	eeprom_data,class=EEDATA,delta=2,space=2
    68                           	psect	idata,class=CODE,delta=2
    69                           	psect	idata_0,class=CODE,delta=2
    70                           	psect	idata_1,class=CODE,delta=2
    71                           	psect	idata_2,class=CODE,delta=2
    72                           	psect	idata_3,class=CODE,delta=2
    73                           	psect	intcode,class=CODE,delta=2
    74                           	psect	intret,class=CODE,delta=2
    75                           	psect	intentry,class=CODE,delta=2
    76                           	global	intlevel0,intlevel1,intlevel2, intlevel
                                 3, intlevel4, intlevel5
    77  0000                     intlevel0:
    78  0000                     intlevel1:
    79  0000                     intlevel2:
    80  0000                     intlevel3:
    81  0000                     intlevel4:
    82  0000                     intlevel5:
    83                           	psect	intsave,class=BANK0,space=1
    84                           	psect	intsave_1,class=BANK1,space=1
    85                           	psect	intsave_2,class=BANK2,space=1
    86                           	psect	intsave_3,class=BANK3,space=1
    87                           	psect	init,class=CODE,delta=2
    88                           	psect	init23,class=CODE,delta=2
    89                           	psect	text,class=CODE,delta=2
    90                           	psect	end_init,class=CODE,delta=2
    91                           	psect	clrtext,class=CODE,delta=2
    92                           	psect	float_text0,class=CODE,delta=2,size=2048
    93                           	psect	float_text1,class=CODE,delta=2,size=2048
    94                           	psect	float_text2,class=CODE,delta=2,size=2048
    95                           	psect	float_text3,class=CODE,delta=2,size=2048
    96                           	psect	float_text4,class=CODE,delta=2,size=2048
    97  0000                     	FSR	set	4
    98                           	psect	strings,class=CODE,delta=2,reloc=256
    99                           
   100                           	psect	reset_vec
   101  0000                     reset_vec:
   102                           	; No powerup routine
   103                           	; No interrupt routine
   104                           
   105                           
   106                           	psect	init
   107  0000                     start
   108  0000                     _exit
   109                           
   110                           ;----------------------------------------------
                                 ---------------------------------
   111                           ;		Clear (zero) uninitialized global variables
   112                           
   113                           ;	No RAM objects to clear in bank 0
   114                           ;	No RAM objects to clear in bank 1
   115                           ;	No RAM objects to clear in bank 2
   116                           ;	No RAM objects to clear in bank 3
   117                           ;	No RAM objects to clear in common bank
   118                           
   119                           ;----------------------------------------------
                                 ---------------------------------
   120                           	psect	end_init
   121  0000  120A  118A  2803   	ljmp _main


HI-TECH Software PICC Macro Assembler V9.65PL1 build 4700 
Symbol Table                                          Fri Nov 24 14:21:08 2023

      _main 0003        _exit 0000        start 0000    intlevel0 0000  
  intlevel1 0000    intlevel2 0000    intlevel3 0000    intlevel4 0000  
  intlevel5 0000    reset_vec 0000  
