

HI-TECH Software PICC Macro Assembler V9.65PL1 build 4700 
                                                      Mon Dec 04 11:27:16 2023

HI-TECH Software Omniscient Code Generator build 4700
     1  0000                     opt subtitle "HI-TECH Software Omniscient Code 
                                 Generator build 4700"
     2                           
     3                           	processor	16F877A
     4                           clrc	macro
     5                           	bcf	status,0
     6  0000                     	endm
     7                           clrz	macro
     8                           	bcf	status,2
     9  0000                     	endm
    10                           setc	macro
    11                           	bsf	status,0
    12  0000                     	endm
    13                           setz	macro
    14                           	bsf	status,2
    15  0000                     	endm
    16                           skipc	macro
    17                           	btfss	status,0
    18  0000                     	endm
    19                           skipz	macro
    20                           	btfss	status,2
    21  0000                     	endm
    22                           skipnc	macro
    23                           	btfsc	status,0
    24  0000                     	endm
    25                           skipnz	macro
    26                           	btfsc	status,2
    27  0000                     	endm
    28  0000                     indf	equ	0
    29  0000                     indf0	equ	0
    30  0000                     pc	equ	2
    31  0000                     pcl	equ	2
    32  0000                     status	equ	3
    33  0000                     fsr	equ	4
    34  0000                     fsr0	equ	4
    35  0000                     c	equ	1
    36  0000                     z	equ	0
    37  0000                     pclath	equ	10
    38                           # 3 "C:\TechLand\MPLAB PROGRAMS\LED\LEFT SHIFT\
                                 LEFT SHHIFT.c"
    39                           	psect config,class=CONFIG,delta=2 ;#
    40                           # 3 "C:\TechLand\MPLAB PROGRAMS\LED\LEFT SHIFT\
                                 LEFT SHHIFT.c"
    41  2007  3D72               	dw 0x3D72 ;#
    42                           global __tempreg
    43  0000                     __tempreg	set	115
    44                           global __Lrdata_0, __Hrdata_0
    45  0000                     __Lrdata_0	equ	0x0
    46  0000                     __Hrdata_0	equ	0x1
    47                           global __Lramdata, __Lrdata_0, __Hramdata, __Hr
                                 data_0
    48  0000                     __Lramdata	set	__Lrdata_0
    49  0000                     __Hramdata	set	__Hrdata_0
    50                           	GLOBAL	__databank
    51  0000                     __databank	EQU	0
    52  0000                     _main_i	equ	??_main+0
    53                           	global	_main_i
    54  0000                     _delay_i	equ	??_delay+0
    55                           	global	_delay_i
    56                           ;Data sizes: Strings 0, constant 0, data 0, bss
                                  0, persistent 0 stack 11
    57                           	global	_main
    58                           	global	??_main
    59                           	global	?_main
    60                           
    61                           ; *************** function _main **************
                                 *
    62                           ; Defined at:
    63                           ;		line 6 in file "C:\TechLand\MPLAB PROGRAMS\L
                                 ED\LEFT SHIFT\LEFT SHHIFT.c"
    64                           ; Parameters:
    65                           ;		None
    66                           ; Auto variables:
    67                           ;		i           	       	type: int 
    68                           ; Return value:
    69                           ;		type: void 
    70                           ;		size: 0
    71                           ; Registers used:
    72                           ;		wreg, status,2, status,0, pclath, cstack
    73                           ; Tracked objects:
    74                           ;		On entry : BFF/0
    75                           ;		On exit  : 0/0
    76                           ;		Unchanged: 0/0
    77                           ; Data sizes:
    78                           ;		Autos:    2
    79                           ;		Params:   0
    80                           ;		Temp:     1
    81                           ;		Total:    3
    82                           ; This function calls:
    83                           ;		_delay
    84                           ; This function is called by:
    85                           ;		Startup code after reset
    86                           ; This function uses a non-reentrant model
    87                           ; 
    88                           	psect	maintext,class=CODE,delta=2
    89                           	file	"C:\TechLand\MPLAB PROGRAMS\LED\LEFT SHIF
                                 T\LEFT SHHIFT.c"
    90                           	line	6
    91                           	psect	maintext
    92                           ;LEFT SHHIFT.c: 3: asm("\tpsect config,class=CO
                                 NFIG,delta=2"); asm("\tdw ""0x3D72");
    93                           ;LEFT SHHIFT.c: 4: void delay();
    94                           ;LEFT SHHIFT.c: 5: void main()
    95                           ;LEFT SHHIFT.c: 6: {
    96                           	
    97  0003                     _main:	
    98                           	opt stack 8
    99                           ; Regs used in _main: [wreg+status,2+status,0+p
                                 clath+cstack]
   100                           	line	7
   101                           ;LEFT SHHIFT.c: 7: TRISB=0x00;
   102  0003  1003               	clrc
   103  0004  1683               	bsf	status, 5	;RP0=1, select bank1
   104  0005  1303               	bcf	status, 6	;RP1=0, select bank1
   105                           	
   106  0006  3000               	movlw	0
   107  0007  1803               	btfsc	status,0
   108  0008  3001               	movlw	1
   109  0009  0086               	movwf	(134)^080h	;volatile
   110                           	line	8
   111                           ;LEFT SHHIFT.c: 8: PORTB=0x01;
   112  000A  3001               	movlw	(01h)
   113  000B  1283               	bcf	status, 5	;RP0=0, select bank0
   114  000C  1303               	bcf	status, 6	;RP1=0, select bank0
   115                           	
   116  000D  0086               	movwf	(6)	;volatile
   117                           	line	9
   118                           ;LEFT SHHIFT.c: 9: delay();
   119  000E  120A  118A  27DE   	fcall	_delay
              120A  118A         
   120                           	line	10
   121                           ;LEFT SHHIFT.c: 10: for(int i=0;i<8;i++)
   122  0013  3000               	movlw	low(0)
   123                           	
   124  0014  00F0               	movwf	(_main_i)
   125  0015  3000               	movlw	high(0)
   126  0016  00F1               	movwf	((_main_i))+1
   127  0017  2818               	goto	l2
   128                           	line	11
   129                           	
   130  0018                     l2:	
   131                           	line	12
   132                           ;LEFT SHHIFT.c: 11: {
   133                           ;LEFT SHHIFT.c: 12: PORTB=PORTB<<1;
   134  0018  1283               	bcf	status, 5	;RP0=0, select bank0
   135  0019  1303               	bcf	status, 6	;RP1=0, select bank0
   136                           	
   137  001A  0806               	movf	(6),w	;volatile
   138  001B  00F2               	movwf	(??_main+2+0)
   139  001C  0772               	addwf	(??_main+2+0),w
   140                           	
   141  001D  0086               	movwf	(6)	;volatile
   142                           	line	13
   143                           ;LEFT SHHIFT.c: 13: delay();
   144  001E  120A  118A  27DE   	fcall	_delay
              120A  118A         
   145                           	line	10
   146                           	
   147  0023  3001               	movlw	low(01h)
   148  0024  07F0               	addwf	(_main_i),f
   149  0025  1803               	skipnc
   150  0026  0AF1               	incf	(_main_i+1),f
   151  0027  3000               	movlw	high(01h)
   152  0028  07F1               	addwf	(_main_i+1),f
   153                           	
   154  0029  0871               	movf	(_main_i+1),w
   155  002A  3A80               	xorlw	80h
   156  002B  00F2               	movwf	(??_main+2+0)
   157  002C  3080               	movlw	(high(08h))^80h
   158  002D  0272               	subwf	(??_main+2+0),w
   159  002E  1D03               	skipz
   160  002F  2832               	goto	u7610
   161  0030                     u7615:
   162  0030  3008               	movlw	low(08h)
   163  0031  0270               	subwf	(_main_i),w
   164  0032                     u7610:
   165                           
   166  0032  1C03               	skipc
   167  0033  2835               	goto	u761
   168  0034  2836               	goto	u760
   169  0035                     u761:
   170  0035  2818               	goto	l2
   171  0036                     u760:
   172                           	
   173  0036                     l3:	
   174                           	line	15
   175                           ;LEFT SHHIFT.c: 14: }
   176                           ;LEFT SHHIFT.c: 15: }
   177  0036                     l1:	
   178                           	global	start
   179  0036  120A  118A  2800   	ljmp	start
   180                           ; =============== function _main ends =========
                                 ======
   181                           
   182                           GLOBAL __end_of_main
   183  0039                     	__end_of_main:
   184                           	FNSIZE	_main,3,0
   185                           	signat	_main,88
   186                           	global	_delay
   187                           	global	??_delay
   188                           	global	?_delay
   189                           
   190                           ; *************** function _delay *************
                                 **
   191                           ; Defined at:
   192                           ;		line 17 in file "C:\TechLand\MPLAB PROGRAMS\
                                 LED\LEFT SHIFT\LEFT SHHIFT.c"
   193                           ; Parameters:
   194                           ;		None
   195                           ; Auto variables:
   196                           ;		i           	       	type: int 
   197                           ; Return value:
   198                           ;		type: void 
   199                           ;		size: 0
   200                           ; Registers used:
   201                           ;		wreg
   202                           ; Tracked objects:
   203                           ;		On entry : 300/0
   204                           ;		On exit  : 0/0
   205                           ;		Unchanged: 0/0
   206                           ; Data sizes:
   207                           ;		Autos:    2
   208                           ;		Params:   0
   209                           ;		Temp:     2
   210                           ;		Total:    4
   211                           ; This function calls:
   212                           ;		__delay
   213                           ; This function is called by:
   214                           ;		_main
   215                           ; This function uses a non-reentrant model
   216                           ; 
   217                           	psect	text22,local,class=CODE,delta=2
   218                           	file	"C:\TechLand\MPLAB PROGRAMS\LED\LEFT SHIF
                                 T\LEFT SHHIFT.c"
   219                           	line	17
   220                           ;LEFT SHHIFT.c: 16: void delay()
   221                           ;LEFT SHHIFT.c: 17: {
   222                           	
   223  07DE                     _delay:	
   224                           	opt stack 7
   225                           ; Regs used in _delay: [wreg]
   226                           	line	18
   227                           ;LEFT SHHIFT.c: 18: for(int i =0;i<40;i++)
   228  07DE  3000               	movlw	low(0)
   229                           	
   230  07DF  00F3               	movwf	(_delay_i)
   231  07E0  3000               	movlw	high(0)
   232  07E1  00F4               	movwf	((_delay_i))+1
   233  07E2  2FE3               	goto	l6
   234                           	line	19
   235                           	
   236  07E3                     l6:	
   237                           ;LEFT SHHIFT.c: 19: _delay((unsigned long)((10)
                                 *(20000000/4000.0)));
   238                           	
   239  07E3  3041               	movlw	65
   240  07E4  00F6               movwf	(??_delay+2+0+1),f
   241  07E5  30EE               	movlw	238
   242  07E6  00F5               movwf	(??_delay+2+0),f
   243  07E7                     u797:
   244  07E7  0BF5               	decfsz	(??_delay+2+0),f
   245  07E8  2FE7               	goto	u797
   246  07E9  0BF6               	decfsz	(??_delay+2+0+1),f
   247  07EA  2FE7               	goto	u797
   248  07EB  0064               	clrwdt
   249                           
   250                           	line	18
   251                           	
   252  07EC  3001               	movlw	low(01h)
   253  07ED  07F3               	addwf	(_delay_i),f
   254  07EE  1803               	skipnc
   255  07EF  0AF4               	incf	(_delay_i+1),f
   256+ 07F0  3000               	movlw	high(01h)
   257  07F1  07F4               	addwf	(_delay_i+1),f
   258                           	
   259  07F2  0874               	movf	(_delay_i+1),w
   260  07F3  3A80               	xorlw	80h
   261  07F4  00F5               	movwf	(??_delay+2+0)
   262  07F5  3080               	movlw	(high(028h))^80h
   263  07F6  0275               	subwf	(??_delay+2+0),w
   264  07F7  1D03               	skipz
   265  07F8  2FFB               	goto	u7810
   266  07F9                     u7815:
   267  07F9  3028               	movlw	low(028h)
   268  07FA  0273               	subwf	(_delay_i),w
   269  07FB                     u7810:
   270                           
   271  07FB  1C03               	skipc
   272  07FC  2FFE               	goto	u781
   273  07FD  2FFF               	goto	u780
   274  07FE                     u781:
   275  07FE  2FE3               	goto	l6
   276  07FF                     u780:
   277                           	
   278  07FF                     l7:	
   279                           	line	20
   280                           ;LEFT SHHIFT.c: 20: }
   281  07FF                     l5:	
   282  07FF  0008               	return
   283                           ; =============== function _delay ends ========
                                 =======
   284                           
   285                           GLOBAL __end_of_delay
   286  0800                     	__end_of_delay:
   287                           	FNSIZE	_delay,4,0
   288                           	signat	_delay,88
   289                           	FNCALL	_main,_delay
   290                           	FNROOT	_main
   291                           	psect	strings,class=CODE,delta=2,reloc=256
   292                           	global	_ADCON0
   293                           	global	_ADCON0
   294  0000                     	_ADCON0	set	0x1F
   295                           
   296                           	global	_ADCON1
   297                           	global	_ADCON1
   298  0000                     	_ADCON1	set	0x9F
   299                           
   300                           	global	_ADRESH
   301                           	global	_ADRESH
   302  0000                     	_ADRESH	set	0x1E
   303                           
   304                           	global	_ADRESL
   305                           	global	_ADRESL
   306  0000                     	_ADRESL	set	0x9E
   307                           
   308                           	global	_CCP1CON
   309                           	global	_CCP1CON
   310  0000                     	_CCP1CON	set	0x17
   311                           
   312                           	global	_CCP2CON
   313                           	global	_CCP2CON
   314  0000                     	_CCP2CON	set	0x1D
   315                           
   316                           	global	_CCPR1H
   317                           	global	_CCPR1H
   318  0000                     	_CCPR1H	set	0x16
   319                           
   320                           	global	_CCPR1L
   321                           	global	_CCPR1L
   322  0000                     	_CCPR1L	set	0x15
   323                           
   324                           	global	_CCPR2H
   325                           	global	_CCPR2H
   326  0000                     	_CCPR2H	set	0x1C
   327                           
   328                           	global	_CCPR2L
   329                           	global	_CCPR2L
   330  0000                     	_CCPR2L	set	0x1B
   331                           
   332                           	global	_CMCON
   333                           	global	_CMCON
   334  0000                     	_CMCON	set	0x9C
   335                           
   336                           	global	_CVRCON
   337                           	global	_CVRCON
   338  0000                     	_CVRCON	set	0x9D
   339                           
   340                           	global	_EEADR
   341                           	global	_EEADR
   342  0000                     	_EEADR	set	0x10D
   343                           
   344                           	global	_EEADRH
   345                           	global	_EEADRH
   346  0000                     	_EEADRH	set	0x10F
   347                           
   348                           	global	_EEADRL
   349                           	global	_EEADRL
   350  0000                     	_EEADRL	set	0x10D
   351                           
   352                           	global	_EECON1
   353                           	global	_EECON1
   354  0000                     	_EECON1	set	0x18C
   355                           
   356                           	global	_EECON2
   357                           	global	_EECON2
   358  0000                     	_EECON2	set	0x18D
   359                           
   360                           	global	_EEDATA
   361                           	global	_EEDATA
   362  0000                     	_EEDATA	set	0x10C
   363                           
   364                           	global	_EEDATH
   365                           	global	_EEDATH
   366  0000                     	_EEDATH	set	0x10E
   367                           
   368                           	global	_FSR
   369                           	global	_FSR
   370  0000                     	_FSR	set	0x4
   371                           
   372                           	global	_INDF
   373                           	global	_INDF
   374  0000                     	_INDF	set	0x0
   375                           
   376                           	global	_INTCON
   377                           	global	_INTCON
   378  0000                     	_INTCON	set	0xB
   379                           
   380                           	global	_OPTION
   381                           	global	_OPTION
   382  0000                     	_OPTION	set	0x81
   383                           
   384                           	global	_PCL
   385                           	global	_PCL
   386  0000                     	_PCL	set	0x2
   387                           
   388                           	global	_PCLATH
   389                           	global	_PCLATH
   390  0000                     	_PCLATH	set	0xA
   391                           
   392                           	global	_PCON
   393                           	global	_PCON
   394  0000                     	_PCON	set	0x8E
   395                           
   396                           	global	_PIE1
   397                           	global	_PIE1
   398  0000                     	_PIE1	set	0x8C
   399                           
   400                           	global	_PIE2
   401                           	global	_PIE2
   402  0000                     	_PIE2	set	0x8D
   403                           
   404                           	global	_PIR1
   405                           	global	_PIR1
   406  0000                     	_PIR1	set	0xC
   407                           
   408                           	global	_PIR2
   409                           	global	_PIR2
   410  0000                     	_PIR2	set	0xD
   411                           
   412                           	global	_PORTA
   413                           	global	_PORTA
   414  0000                     	_PORTA	set	0x5
   415                           
   416                           	global	_PORTB
   417  0000                     	_PORTB	set	0x6
   418                           
   419                           	global	_PORTC
   420                           	global	_PORTC
   421  0000                     	_PORTC	set	0x7
   422                           
   423                           	global	_PORTD
   424                           	global	_PORTD
   425  0000                     	_PORTD	set	0x8
   426                           
   427                           	global	_PORTE
   428                           	global	_PORTE
   429  0000                     	_PORTE	set	0x9
   430                           
   431                           	global	_PR2
   432                           	global	_PR2
   433  0000                     	_PR2	set	0x92
   434                           
   435                           	global	_RCREG
   436                           	global	_RCREG
   437  0000                     	_RCREG	set	0x1A
   438                           
   439                           	global	_RCSTA
   440                           	global	_RCSTA
   441  0000                     	_RCSTA	set	0x18
   442                           
   443                           	global	_SPBRG
   444                           	global	_SPBRG
   445  0000                     	_SPBRG	set	0x99
   446                           
   447                           	global	_SSPADD
   448                           	global	_SSPADD
   449  0000                     	_SSPADD	set	0x93
   450                           
   451                           	global	_SSPBUF
   452                           	global	_SSPBUF
   453  0000                     	_SSPBUF	set	0x13
   454                           
   455                           	global	_SSPCON
   456                           	global	_SSPCON
   457  0000                     	_SSPCON	set	0x14
   458                           
   459                           	global	_SSPCON2
   460                           	global	_SSPCON2
   461  0000                     	_SSPCON2	set	0x91
   462                           
   463                           	global	_SSPSTAT
   464                           	global	_SSPSTAT
   465  0000                     	_SSPSTAT	set	0x94
   466                           
   467                           	global	_STATUS
   468                           	global	_STATUS
   469  0000                     	_STATUS	set	0x3
   470                           
   471                           	global	_T1CON
   472                           	global	_T1CON
   473  0000                     	_T1CON	set	0x10
   474                           
   475                           	global	_T2CON
   476                           	global	_T2CON
   477  0000                     	_T2CON	set	0x12
   478                           
   479                           	global	_TMR0
   480                           	global	_TMR0
   481  0000                     	_TMR0	set	0x1
   482                           
   483                           	global	_TMR1H
   484                           	global	_TMR1H
   485  0000                     	_TMR1H	set	0xF
   486                           
   487                           	global	_TMR1L
   488                           	global	_TMR1L
   489  0000                     	_TMR1L	set	0xE
   490                           
   491                           	global	_TMR2
   492                           	global	_TMR2
   493  0000                     	_TMR2	set	0x11
   494                           
   495                           	global	_TRISA
   496                           	global	_TRISA
   497  0000                     	_TRISA	set	0x85
   498                           
   499                           	global	_TRISB
   500  0000                     	_TRISB	set	0x86
   501                           
   502                           	global	_TRISC
   503                           	global	_TRISC
   504  0000                     	_TRISC	set	0x87
   505                           
   506                           	global	_TRISD
   507                           	global	_TRISD
   508  0000                     	_TRISD	set	0x88
   509                           
   510                           	global	_TRISE
   511                           	global	_TRISE
   512  0000                     	_TRISE	set	0x89
   513                           
   514                           	global	_TXREG
   515                           	global	_TXREG
   516  0000                     	_TXREG	set	0x19
   517                           
   518                           	global	_TXSTA
   519                           	global	_TXSTA
   520  0000                     	_TXSTA	set	0x98
   521                           
   522                           	global	_ACKDT
   523                           	global	_ACKDT
   524  0000                     	_ACKDT	set	0x48D	;byte address: 0x91
   525                           
   526                           	global	_ACKEN
   527                           	global	_ACKEN
   528  0000                     	_ACKEN	set	0x48C	;byte address: 0x91
   529                           
   530                           	global	_ACKSTAT
   531                           	global	_ACKSTAT
   532  0000                     	_ACKSTAT	set	0x48E	;byte address: 0x91
   533                           
   534                           	global	_ADCS0
   535                           	global	_ADCS0
   536  0000                     	_ADCS0	set	0xFE	;byte address: 0x1F
   537                           
   538                           	global	_ADCS1
   539                           	global	_ADCS1
   540  0000                     	_ADCS1	set	0xFF	;byte address: 0x1F
   541                           
   542                           	global	_ADCS2
   543                           	global	_ADCS2
   544  0000                     	_ADCS2	set	0x4FE	;byte address: 0x9F
   545                           
   546                           	global	_ADDEN
   547                           	global	_ADDEN
   548  0000                     	_ADDEN	set	0xC3	;byte address: 0x18
   549                           
   550                           	global	_ADFM
   551                           	global	_ADFM
   552  0000                     	_ADFM	set	0x4FF	;byte address: 0x9F
   553                           
   554                           	global	_ADGO
   555                           	global	_ADGO
   556  0000                     	_ADGO	set	0xFA	;byte address: 0x1F
   557                           
   558                           	global	_ADIE
   559                           	global	_ADIE
   560  0000                     	_ADIE	set	0x466	;byte address: 0x8C
   561                           
   562                           	global	_ADIF
   563                           	global	_ADIF
   564  0000                     	_ADIF	set	0x66	;byte address: 0xC
   565                           
   566                           	global	_ADON
   567                           	global	_ADON
   568  0000                     	_ADON	set	0xF8	;byte address: 0x1F
   569                           
   570                           	global	_BCLIE
   571                           	global	_BCLIE
   572  0000                     	_BCLIE	set	0x46B	;byte address: 0x8D
   573                           
   574                           	global	_BCLIF
   575                           	global	_BCLIF
   576  0000                     	_BCLIF	set	0x6B	;byte address: 0xD
   577                           
   578                           	global	_BF
   579                           	global	_BF
   580  0000                     	_BF	set	0x4A0	;byte address: 0x94
   581                           
   582                           	global	_BOR
   583                           	global	_BOR
   584  0000                     	_BOR	set	0x470	;byte address: 0x8E
   585                           
   586                           	global	_BRGH
   587                           	global	_BRGH
   588  0000                     	_BRGH	set	0x4C2	;byte address: 0x98
   589                           
   590                           	global	_C1INV
   591                           	global	_C1INV
   592  0000                     	_C1INV	set	0x4E4	;byte address: 0x9C
   593                           
   594                           	global	_C1OUT
   595                           	global	_C1OUT
   596  0000                     	_C1OUT	set	0x4E6	;byte address: 0x9C
   597                           
   598                           	global	_C2INV
   599                           	global	_C2INV
   600  0000                     	_C2INV	set	0x4E5	;byte address: 0x9C
   601                           
   602                           	global	_C2OUT
   603                           	global	_C2OUT
   604  0000                     	_C2OUT	set	0x4E7	;byte address: 0x9C
   605                           
   606                           	global	_CARRY
   607                           	global	_CARRY
   608  0000                     	_CARRY	set	0x18	;byte address: 0x3
   609                           
   610                           	global	_CCP1IE
   611                           	global	_CCP1IE
   612  0000                     	_CCP1IE	set	0x462	;byte address: 0x8C
   613                           
   614                           	global	_CCP1IF
   615                           	global	_CCP1IF
   616  0000                     	_CCP1IF	set	0x62	;byte address: 0xC
   617                           
   618                           	global	_CCP1M0
   619                           	global	_CCP1M0
   620  0000                     	_CCP1M0	set	0xB8	;byte address: 0x17
   621                           
   622                           	global	_CCP1M1
   623                           	global	_CCP1M1
   624  0000                     	_CCP1M1	set	0xB9	;byte address: 0x17
   625                           
   626                           	global	_CCP1M2
   627                           	global	_CCP1M2
   628  0000                     	_CCP1M2	set	0xBA	;byte address: 0x17
   629                           
   630                           	global	_CCP1M3
   631                           	global	_CCP1M3
   632  0000                     	_CCP1M3	set	0xBB	;byte address: 0x17
   633                           
   634                           	global	_CCP1X
   635                           	global	_CCP1X
   636  0000                     	_CCP1X	set	0xBD	;byte address: 0x17
   637                           
   638                           	global	_CCP1Y
   639                           	global	_CCP1Y
   640  0000                     	_CCP1Y	set	0xBC	;byte address: 0x17
   641                           
   642                           	global	_CCP2IE
   643                           	global	_CCP2IE
   644  0000                     	_CCP2IE	set	0x468	;byte address: 0x8D
   645                           
   646                           	global	_CCP2IF
   647                           	global	_CCP2IF
   648  0000                     	_CCP2IF	set	0x68	;byte address: 0xD
   649                           
   650                           	global	_CCP2M0
   651                           	global	_CCP2M0
   652  0000                     	_CCP2M0	set	0xE8	;byte address: 0x1D
   653                           
   654                           	global	_CCP2M1
   655                           	global	_CCP2M1
   656  0000                     	_CCP2M1	set	0xE9	;byte address: 0x1D
   657                           
   658                           	global	_CCP2M2
   659                           	global	_CCP2M2
   660  0000                     	_CCP2M2	set	0xEA	;byte address: 0x1D
   661                           
   662                           	global	_CCP2M3
   663                           	global	_CCP2M3
   664  0000                     	_CCP2M3	set	0xEB	;byte address: 0x1D
   665                           
   666                           	global	_CCP2X
   667                           	global	_CCP2X
   668  0000                     	_CCP2X	set	0xED	;byte address: 0x1D
   669                           
   670                           	global	_CCP2Y
   671                           	global	_CCP2Y
   672  0000                     	_CCP2Y	set	0xEC	;byte address: 0x1D
   673                           
   674                           	global	_CHS0
   675                           	global	_CHS0
   676  0000                     	_CHS0	set	0xFB	;byte address: 0x1F
   677                           
   678                           	global	_CHS1
   679                           	global	_CHS1
   680  0000                     	_CHS1	set	0xFC	;byte address: 0x1F
   681                           
   682                           	global	_CHS2
   683                           	global	_CHS2
   684  0000                     	_CHS2	set	0xFD	;byte address: 0x1F
   685                           
   686                           	global	_CIS
   687                           	global	_CIS
   688  0000                     	_CIS	set	0x4E3	;byte address: 0x9C
   689                           
   690                           	global	_CKE
   691                           	global	_CKE
   692  0000                     	_CKE	set	0x4A6	;byte address: 0x94
   693                           
   694                           	global	_CKP
   695                           	global	_CKP
   696  0000                     	_CKP	set	0xA4	;byte address: 0x14
   697                           
   698                           	global	_CM0
   699                           	global	_CM0
   700  0000                     	_CM0	set	0x4E0	;byte address: 0x9C
   701                           
   702                           	global	_CM1
   703                           	global	_CM1
   704  0000                     	_CM1	set	0x4E1	;byte address: 0x9C
   705                           
   706                           	global	_CM2
   707                           	global	_CM2
   708  0000                     	_CM2	set	0x4E2	;byte address: 0x9C
   709                           
   710                           	global	_CMIE
   711                           	global	_CMIE
   712  0000                     	_CMIE	set	0x46E	;byte address: 0x8D
   713                           
   714                           	global	_CMIF
   715                           	global	_CMIF
   716  0000                     	_CMIF	set	0x6E	;byte address: 0xD
   717                           
   718                           	global	_CREN
   719                           	global	_CREN
   720  0000                     	_CREN	set	0xC4	;byte address: 0x18
   721                           
   722                           	global	_CSRC
   723                           	global	_CSRC
   724  0000                     	_CSRC	set	0x4C7	;byte address: 0x98
   725                           
   726                           	global	_CVR0
   727                           	global	_CVR0
   728  0000                     	_CVR0	set	0x4E8	;byte address: 0x9D
   729                           
   730                           	global	_CVR1
   731                           	global	_CVR1
   732  0000                     	_CVR1	set	0x4E9	;byte address: 0x9D
   733                           
   734                           	global	_CVR2
   735                           	global	_CVR2
   736  0000                     	_CVR2	set	0x4EA	;byte address: 0x9D
   737                           
   738                           	global	_CVR3
   739                           	global	_CVR3
   740  0000                     	_CVR3	set	0x4EB	;byte address: 0x9D
   741                           
   742                           	global	_CVREN
   743                           	global	_CVREN
   744  0000                     	_CVREN	set	0x4EF	;byte address: 0x9D
   745                           
   746                           	global	_CVROE
   747                           	global	_CVROE
   748  0000                     	_CVROE	set	0x4EE	;byte address: 0x9D
   749                           
   750                           	global	_CVRR
   751                           	global	_CVRR
   752  0000                     	_CVRR	set	0x4ED	;byte address: 0x9D
   753                           
   754                           	global	_DA
   755                           	global	_DA
   756  0000                     	_DA	set	0x4A5	;byte address: 0x94
   757                           
   758                           	global	_DC
   759                           	global	_DC
   760  0000                     	_DC	set	0x19	;byte address: 0x3
   761                           
   762                           	global	_EEIE
   763                           	global	_EEIE
   764  0000                     	_EEIE	set	0x46C	;byte address: 0x8D
   765                           
   766                           	global	_EEIF
   767                           	global	_EEIF
   768  0000                     	_EEIF	set	0x6C	;byte address: 0xD
   769                           
   770                           	global	_EEPGD
   771                           	global	_EEPGD
   772  0000                     	_EEPGD	set	0xC67	;byte address: 0x18C
   773                           
   774                           	global	_FERR
   775                           	global	_FERR
   776  0000                     	_FERR	set	0xC2	;byte address: 0x18
   777                           
   778                           	global	_GCEN
   779                           	global	_GCEN
   780  0000                     	_GCEN	set	0x48F	;byte address: 0x91
   781                           
   782                           	global	_GIE
   783                           	global	_GIE
   784  0000                     	_GIE	set	0x5F	;byte address: 0xB
   785                           
   786                           	global	_GODONE
   787                           	global	_GODONE
   788  0000                     	_GODONE	set	0xFA	;byte address: 0x1F
   789                           
   790                           	global	_IBF
   791                           	global	_IBF
   792  0000                     	_IBF	set	0x44F	;byte address: 0x89
   793                           
   794                           	global	_IBOV
   795                           	global	_IBOV
   796  0000                     	_IBOV	set	0x44D	;byte address: 0x89
   797                           
   798                           	global	_INTE
   799                           	global	_INTE
   800  0000                     	_INTE	set	0x5C	;byte address: 0xB
   801                           
   802                           	global	_INTEDG
   803                           	global	_INTEDG
   804  0000                     	_INTEDG	set	0x40E	;byte address: 0x81
   805                           
   806                           	global	_INTF
   807                           	global	_INTF
   808  0000                     	_INTF	set	0x59	;byte address: 0xB
   809                           
   810                           	global	_IRP
   811                           	global	_IRP
   812  0000                     	_IRP	set	0x1F	;byte address: 0x3
   813                           
   814                           	global	_OBF
   815                           	global	_OBF
   816  0000                     	_OBF	set	0x44E	;byte address: 0x89
   817                           
   818                           	global	_OERR
   819                           	global	_OERR
   820  0000                     	_OERR	set	0xC1	;byte address: 0x18
   821                           
   822                           	global	_PCFG0
   823                           	global	_PCFG0
   824  0000                     	_PCFG0	set	0x4F8	;byte address: 0x9F
   825                           
   826                           	global	_PCFG1
   827                           	global	_PCFG1
   828  0000                     	_PCFG1	set	0x4F9	;byte address: 0x9F
   829                           
   830                           	global	_PCFG2
   831                           	global	_PCFG2
   832  0000                     	_PCFG2	set	0x4FA	;byte address: 0x9F
   833                           
   834                           	global	_PCFG3
   835                           	global	_PCFG3
   836  0000                     	_PCFG3	set	0x4FB	;byte address: 0x9F
   837                           
   838                           	global	_PD
   839                           	global	_PD
   840  0000                     	_PD	set	0x1B	;byte address: 0x3
   841                           
   842                           	global	_PEIE
   843                           	global	_PEIE
   844  0000                     	_PEIE	set	0x5E	;byte address: 0xB
   845                           
   846                           	global	_PEN
   847                           	global	_PEN
   848  0000                     	_PEN	set	0x48A	;byte address: 0x91
   849                           
   850                           	global	_POR
   851                           	global	_POR
   852  0000                     	_POR	set	0x471	;byte address: 0x8E
   853                           
   854                           	global	_PS0
   855                           	global	_PS0
   856  0000                     	_PS0	set	0x408	;byte address: 0x81
   857                           
   858                           	global	_PS1
   859                           	global	_PS1
   860  0000                     	_PS1	set	0x409	;byte address: 0x81
   861                           
   862                           	global	_PS2
   863                           	global	_PS2
   864  0000                     	_PS2	set	0x40A	;byte address: 0x81
   865                           
   866                           	global	_PSA
   867                           	global	_PSA
   868  0000                     	_PSA	set	0x40B	;byte address: 0x81
   869                           
   870                           	global	_PSPIE
   871                           	global	_PSPIE
   872  0000                     	_PSPIE	set	0x467	;byte address: 0x8C
   873                           
   874                           	global	_PSPIF
   875                           	global	_PSPIF
   876  0000                     	_PSPIF	set	0x67	;byte address: 0xC
   877                           
   878                           	global	_PSPMODE
   879                           	global	_PSPMODE
   880  0000                     	_PSPMODE	set	0x44C	;byte address: 0x89
   881                           
   882                           	global	_RA0
   883                           	global	_RA0
   884  0000                     	_RA0	set	0x28	;byte address: 0x5
   885                           
   886                           	global	_RA1
   887                           	global	_RA1
   888  0000                     	_RA1	set	0x29	;byte address: 0x5
   889                           
   890                           	global	_RA2
   891                           	global	_RA2
   892  0000                     	_RA2	set	0x2A	;byte address: 0x5
   893                           
   894                           	global	_RA3
   895                           	global	_RA3
   896  0000                     	_RA3	set	0x2B	;byte address: 0x5
   897                           
   898                           	global	_RA4
   899                           	global	_RA4
   900  0000                     	_RA4	set	0x2C	;byte address: 0x5
   901                           
   902                           	global	_RA5
   903                           	global	_RA5
   904  0000                     	_RA5	set	0x2D	;byte address: 0x5
   905                           
   906                           	global	_RB0
   907                           	global	_RB0
   908  0000                     	_RB0	set	0x30	;byte address: 0x6
   909                           
   910                           	global	_RB1
   911                           	global	_RB1
   912  0000                     	_RB1	set	0x31	;byte address: 0x6
   913                           
   914                           	global	_RB2
   915                           	global	_RB2
   916  0000                     	_RB2	set	0x32	;byte address: 0x6
   917                           
   918                           	global	_RB3
   919                           	global	_RB3
   920  0000                     	_RB3	set	0x33	;byte address: 0x6
   921                           
   922                           	global	_RB4
   923                           	global	_RB4
   924  0000                     	_RB4	set	0x34	;byte address: 0x6
   925                           
   926                           	global	_RB5
   927                           	global	_RB5
   928  0000                     	_RB5	set	0x35	;byte address: 0x6
   929                           
   930                           	global	_RB6
   931                           	global	_RB6
   932  0000                     	_RB6	set	0x36	;byte address: 0x6
   933                           
   934                           	global	_RB7
   935                           	global	_RB7
   936  0000                     	_RB7	set	0x37	;byte address: 0x6
   937                           
   938                           	global	_RBIE
   939                           	global	_RBIE
   940  0000                     	_RBIE	set	0x5B	;byte address: 0xB
   941                           
   942                           	global	_RBIF
   943                           	global	_RBIF
   944  0000                     	_RBIF	set	0x58	;byte address: 0xB
   945                           
   946                           	global	_RBPU
   947                           	global	_RBPU
   948  0000                     	_RBPU	set	0x40F	;byte address: 0x81
   949                           
   950                           	global	_RC0
   951                           	global	_RC0
   952  0000                     	_RC0	set	0x38	;byte address: 0x7
   953                           
   954                           	global	_RC1
   955                           	global	_RC1
   956  0000                     	_RC1	set	0x39	;byte address: 0x7
   957                           
   958                           	global	_RC2
   959                           	global	_RC2
   960  0000                     	_RC2	set	0x3A	;byte address: 0x7
   961                           
   962                           	global	_RC3
   963                           	global	_RC3
   964  0000                     	_RC3	set	0x3B	;byte address: 0x7
   965                           
   966                           	global	_RC4
   967                           	global	_RC4
   968  0000                     	_RC4	set	0x3C	;byte address: 0x7
   969                           
   970                           	global	_RC5
   971                           	global	_RC5
   972  0000                     	_RC5	set	0x3D	;byte address: 0x7
   973                           
   974                           	global	_RC6
   975                           	global	_RC6
   976  0000                     	_RC6	set	0x3E	;byte address: 0x7
   977                           
   978                           	global	_RC7
   979                           	global	_RC7
   980  0000                     	_RC7	set	0x3F	;byte address: 0x7
   981                           
   982                           	global	_RCEN
   983                           	global	_RCEN
   984  0000                     	_RCEN	set	0x48B	;byte address: 0x91
   985                           
   986                           	global	_RCIE
   987                           	global	_RCIE
   988  0000                     	_RCIE	set	0x465	;byte address: 0x8C
   989                           
   990                           	global	_RCIF
   991                           	global	_RCIF
   992  0000                     	_RCIF	set	0x65	;byte address: 0xC
   993                           
   994                           	global	_RD
   995                           	global	_RD
   996  0000                     	_RD	set	0xC60	;byte address: 0x18C
   997                           
   998                           	global	_RD0
   999                           	global	_RD0
  1000  0000                     	_RD0	set	0x40	;byte address: 0x8
  1001                           
  1002                           	global	_RD1
  1003                           	global	_RD1
  1004  0000                     	_RD1	set	0x41	;byte address: 0x8
  1005                           
  1006                           	global	_RD2
  1007                           	global	_RD2
  1008  0000                     	_RD2	set	0x42	;byte address: 0x8
  1009                           
  1010                           	global	_RD3
  1011                           	global	_RD3
  1012  0000                     	_RD3	set	0x43	;byte address: 0x8
  1013                           
  1014                           	global	_RD4
  1015                           	global	_RD4
  1016  0000                     	_RD4	set	0x44	;byte address: 0x8
  1017                           
  1018                           	global	_RD5
  1019                           	global	_RD5
  1020  0000                     	_RD5	set	0x45	;byte address: 0x8
  1021                           
  1022                           	global	_RD6
  1023                           	global	_RD6
  1024  0000                     	_RD6	set	0x46	;byte address: 0x8
  1025                           
  1026                           	global	_RD7
  1027                           	global	_RD7
  1028  0000                     	_RD7	set	0x47	;byte address: 0x8
  1029                           
  1030                           	global	_RE0
  1031                           	global	_RE0
  1032  0000                     	_RE0	set	0x48	;byte address: 0x9
  1033                           
  1034                           	global	_RE1
  1035                           	global	_RE1
  1036  0000                     	_RE1	set	0x49	;byte address: 0x9
  1037                           
  1038                           	global	_RE2
  1039                           	global	_RE2
  1040  0000                     	_RE2	set	0x4A	;byte address: 0x9
  1041                           
  1042                           	global	_RP0
  1043                           	global	_RP0
  1044  0000                     	_RP0	set	0x1D	;byte address: 0x3
  1045                           
  1046                           	global	_RP1
  1047                           	global	_RP1
  1048  0000                     	_RP1	set	0x1E	;byte address: 0x3
  1049                           
  1050                           	global	_RSEN
  1051                           	global	_RSEN
  1052  0000                     	_RSEN	set	0x489	;byte address: 0x91
  1053                           
  1054                           	global	_RW
  1055                           	global	_RW
  1056  0000                     	_RW	set	0x4A2	;byte address: 0x94
  1057                           
  1058                           	global	_RX9
  1059                           	global	_RX9
  1060  0000                     	_RX9	set	0xC6	;byte address: 0x18
  1061                           
  1062                           	global	_RX9D
  1063                           	global	_RX9D
  1064  0000                     	_RX9D	set	0xC0	;byte address: 0x18
  1065                           
  1066                           	global	_SEN
  1067                           	global	_SEN
  1068  0000                     	_SEN	set	0x488	;byte address: 0x91
  1069                           
  1070                           	global	_SMP
  1071                           	global	_SMP
  1072  0000                     	_SMP	set	0x4A7	;byte address: 0x94
  1073                           
  1074                           	global	_SPEN
  1075                           	global	_SPEN
  1076  0000                     	_SPEN	set	0xC7	;byte address: 0x18
  1077                           
  1078                           	global	_SREN
  1079                           	global	_SREN
  1080  0000                     	_SREN	set	0xC5	;byte address: 0x18
  1081                           
  1082                           	global	_SSPEN
  1083                           	global	_SSPEN
  1084  0000                     	_SSPEN	set	0xA5	;byte address: 0x14
  1085                           
  1086                           	global	_SSPIE
  1087                           	global	_SSPIE
  1088  0000                     	_SSPIE	set	0x463	;byte address: 0x8C
  1089                           
  1090                           	global	_SSPIF
  1091                           	global	_SSPIF
  1092  0000                     	_SSPIF	set	0x63	;byte address: 0xC
  1093                           
  1094                           	global	_SSPM0
  1095                           	global	_SSPM0
  1096  0000                     	_SSPM0	set	0xA0	;byte address: 0x14
  1097                           
  1098                           	global	_SSPM1
  1099                           	global	_SSPM1
  1100  0000                     	_SSPM1	set	0xA1	;byte address: 0x14
  1101                           
  1102                           	global	_SSPM2
  1103                           	global	_SSPM2
  1104  0000                     	_SSPM2	set	0xA2	;byte address: 0x14
  1105                           
  1106                           	global	_SSPM3
  1107                           	global	_SSPM3
  1108  0000                     	_SSPM3	set	0xA3	;byte address: 0x14
  1109                           
  1110                           	global	_SSPOV
  1111                           	global	_SSPOV
  1112  0000                     	_SSPOV	set	0xA6	;byte address: 0x14
  1113                           
  1114                           	global	_START
  1115                           	global	_START
  1116  0000                     	_START	set	0x4A3	;byte address: 0x94
  1117                           
  1118                           	global	_STOP
  1119                           	global	_STOP
  1120  0000                     	_STOP	set	0x4A4	;byte address: 0x94
  1121                           
  1122                           	global	_SYNC
  1123                           	global	_SYNC
  1124  0000                     	_SYNC	set	0x4C4	;byte address: 0x98
  1125                           
  1126                           	global	_T0CS
  1127                           	global	_T0CS
  1128  0000                     	_T0CS	set	0x40D	;byte address: 0x81
  1129                           
  1130                           	global	_T0IE
  1131                           	global	_T0IE
  1132  0000                     	_T0IE	set	0x5D	;byte address: 0xB
  1133                           
  1134                           	global	_T0IF
  1135                           	global	_T0IF
  1136  0000                     	_T0IF	set	0x5A	;byte address: 0xB
  1137                           
  1138                           	global	_T0SE
  1139                           	global	_T0SE
  1140  0000                     	_T0SE	set	0x40C	;byte address: 0x81
  1141                           
  1142                           	global	_T1CKPS0
  1143                           	global	_T1CKPS0
  1144  0000                     	_T1CKPS0	set	0x84	;byte address: 0x10
  1145                           
  1146                           	global	_T1CKPS1
  1147                           	global	_T1CKPS1
  1148  0000                     	_T1CKPS1	set	0x85	;byte address: 0x10
  1149                           
  1150                           	global	_T1OSCEN
  1151                           	global	_T1OSCEN
  1152  0000                     	_T1OSCEN	set	0x83	;byte address: 0x10
  1153                           
  1154                           	global	_T1SYNC
  1155                           	global	_T1SYNC
  1156  0000                     	_T1SYNC	set	0x82	;byte address: 0x10
  1157                           
  1158                           	global	_T2CKPS0
  1159                           	global	_T2CKPS0
  1160  0000                     	_T2CKPS0	set	0x90	;byte address: 0x12
  1161                           
  1162                           	global	_T2CKPS1
  1163                           	global	_T2CKPS1
  1164  0000                     	_T2CKPS1	set	0x91	;byte address: 0x12
  1165                           
  1166                           	global	_TMR0IE
  1167                           	global	_TMR0IE
  1168  0000                     	_TMR0IE	set	0x5D	;byte address: 0xB
  1169+                          
  1170+                          	global	_TMR0IF
  1171+                          	global	_TMR0IF
  1172+ 0000                     	_TMR0IF	set	0x5A	;byte address: 0xB
  1173                           
  1174                           	global	_TMR1CS
  1175                           	global	_TMR1CS
  1176  0000                     	_TMR1CS	set	0x81	;byte address: 0x10
  1177                           
  1178                           	global	_TMR1IE
  1179                           	global	_TMR1IE
  1180  0000                     	_TMR1IE	set	0x460	;byte address: 0x8C
  1181                           
  1182                           	global	_TMR1IF
  1183                           	global	_TMR1IF
  1184  0000                     	_TMR1IF	set	0x60	;byte address: 0xC
  1185                           
  1186                           	global	_TMR1ON
  1187                           	global	_TMR1ON
  1188  0000                     	_TMR1ON	set	0x80	;byte address: 0x10
  1189                           
  1190                           	global	_TMR2IE
  1191                           	global	_TMR2IE
  1192  0000                     	_TMR2IE	set	0x461	;byte address: 0x8C
  1193                           
  1194                           	global	_TMR2IF
  1195                           	global	_TMR2IF
  1196  0000                     	_TMR2IF	set	0x61	;byte address: 0xC
  1197                           
  1198                           	global	_TMR2ON
  1199                           	global	_TMR2ON
  1200  0000                     	_TMR2ON	set	0x92	;byte address: 0x12
  1201                           
  1202                           	global	_TO
  1203                           	global	_TO
  1204  0000                     	_TO	set	0x1C	;byte address: 0x3
  1205                           
  1206                           	global	_TOUTPS0
  1207                           	global	_TOUTPS0
  1208  0000                     	_TOUTPS0	set	0x93	;byte address: 0x12
  1209                           
  1210                           	global	_TOUTPS1
  1211                           	global	_TOUTPS1
  1212  0000                     	_TOUTPS1	set	0x94	;byte address: 0x12
  1213                           
  1214                           	global	_TOUTPS2
  1215                           	global	_TOUTPS2
  1216  0000                     	_TOUTPS2	set	0x95	;byte address: 0x12
  1217                           
  1218                           	global	_TOUTPS3
  1219                           	global	_TOUTPS3
  1220  0000                     	_TOUTPS3	set	0x96	;byte address: 0x12
  1221                           
  1222                           	global	_TRISA0
  1223                           	global	_TRISA0
  1224  0000                     	_TRISA0	set	0x428	;byte address: 0x85
  1225                           
  1226                           	global	_TRISA1
  1227                           	global	_TRISA1
  1228  0000                     	_TRISA1	set	0x429	;byte address: 0x85
  1229                           
  1230                           	global	_TRISA2
  1231                           	global	_TRISA2
  1232  0000                     	_TRISA2	set	0x42A	;byte address: 0x85
  1233                           
  1234                           	global	_TRISA3
  1235                           	global	_TRISA3
  1236  0000                     	_TRISA3	set	0x42B	;byte address: 0x85
  1237                           
  1238                           	global	_TRISA4
  1239                           	global	_TRISA4
  1240  0000                     	_TRISA4	set	0x42C	;byte address: 0x85
  1241                           
  1242                           	global	_TRISA5
  1243                           	global	_TRISA5
  1244  0000                     	_TRISA5	set	0x42D	;byte address: 0x85
  1245                           
  1246                           	global	_TRISB0
  1247                           	global	_TRISB0
  1248  0000                     	_TRISB0	set	0x430	;byte address: 0x86
  1249                           
  1250                           	global	_TRISB1
  1251                           	global	_TRISB1
  1252  0000                     	_TRISB1	set	0x431	;byte address: 0x86
  1253                           
  1254                           	global	_TRISB2
  1255                           	global	_TRISB2
  1256  0000                     	_TRISB2	set	0x432	;byte address: 0x86
  1257                           
  1258                           	global	_TRISB3
  1259                           	global	_TRISB3
  1260  0000                     	_TRISB3	set	0x433	;byte address: 0x86
  1261                           
  1262                           	global	_TRISB4
  1263                           	global	_TRISB4
  1264  0000                     	_TRISB4	set	0x434	;byte address: 0x86
  1265                           
  1266                           	global	_TRISB5
  1267                           	global	_TRISB5
  1268  0000                     	_TRISB5	set	0x435	;byte address: 0x86
  1269                           
  1270                           	global	_TRISB6
  1271                           	global	_TRISB6
  1272  0000                     	_TRISB6	set	0x436	;byte address: 0x86
  1273                           
  1274                           	global	_TRISB7
  1275                           	global	_TRISB7
  1276  0000                     	_TRISB7	set	0x437	;byte address: 0x86
  1277                           
  1278                           	global	_TRISC0
  1279                           	global	_TRISC0
  1280  0000                     	_TRISC0	set	0x438	;byte address: 0x87
  1281                           
  1282                           	global	_TRISC1
  1283                           	global	_TRISC1
  1284  0000                     	_TRISC1	set	0x439	;byte address: 0x87
  1285                           
  1286                           	global	_TRISC2
  1287                           	global	_TRISC2
  1288  0000                     	_TRISC2	set	0x43A	;byte address: 0x87
  1289                           
  1290                           	global	_TRISC3
  1291                           	global	_TRISC3
  1292  0000                     	_TRISC3	set	0x43B	;byte address: 0x87
  1293                           
  1294                           	global	_TRISC4
  1295                           	global	_TRISC4
  1296  0000                     	_TRISC4	set	0x43C	;byte address: 0x87
  1297                           
  1298                           	global	_TRISC5
  1299                           	global	_TRISC5
  1300  0000                     	_TRISC5	set	0x43D	;byte address: 0x87
  1301                           
  1302                           	global	_TRISC6
  1303                           	global	_TRISC6
  1304  0000                     	_TRISC6	set	0x43E	;byte address: 0x87
  1305                           
  1306                           	global	_TRISC7
  1307                           	global	_TRISC7
  1308  0000                     	_TRISC7	set	0x43F	;byte address: 0x87
  1309                           
  1310                           	global	_TRISD0
  1311                           	global	_TRISD0
  1312  0000                     	_TRISD0	set	0x440	;byte address: 0x88
  1313                           
  1314                           	global	_TRISD1
  1315                           	global	_TRISD1
  1316  0000                     	_TRISD1	set	0x441	;byte address: 0x88
  1317                           
  1318                           	global	_TRISD2
  1319                           	global	_TRISD2
  1320  0000                     	_TRISD2	set	0x442	;byte address: 0x88
  1321                           
  1322                           	global	_TRISD3
  1323                           	global	_TRISD3
  1324  0000                     	_TRISD3	set	0x443	;byte address: 0x88
  1325                           
  1326                           	global	_TRISD4
  1327                           	global	_TRISD4
  1328  0000                     	_TRISD4	set	0x444	;byte address: 0x88
  1329                           
  1330                           	global	_TRISD5
  1331                           	global	_TRISD5
  1332  0000                     	_TRISD5	set	0x445	;byte address: 0x88
  1333                           
  1334                           	global	_TRISD6
  1335                           	global	_TRISD6
  1336  0000                     	_TRISD6	set	0x446	;byte address: 0x88
  1337                           
  1338                           	global	_TRISD7
  1339                           	global	_TRISD7
  1340  0000                     	_TRISD7	set	0x447	;byte address: 0x88
  1341                           
  1342                           	global	_TRISE0
  1343                           	global	_TRISE0
  1344  0000                     	_TRISE0	set	0x448	;byte address: 0x89
  1345                           
  1346                           	global	_TRISE1
  1347                           	global	_TRISE1
  1348  0000                     	_TRISE1	set	0x449	;byte address: 0x89
  1349                           
  1350                           	global	_TRISE2
  1351                           	global	_TRISE2
  1352  0000                     	_TRISE2	set	0x44A	;byte address: 0x89
  1353                           
  1354                           	global	_TRMT
  1355                           	global	_TRMT
  1356  0000                     	_TRMT	set	0x4C1	;byte address: 0x98
  1357                           
  1358                           	global	_TX9
  1359                           	global	_TX9
  1360  0000                     	_TX9	set	0x4C6	;byte address: 0x98
  1361                           
  1362                           	global	_TX9D
  1363                           	global	_TX9D
  1364  0000                     	_TX9D	set	0x4C0	;byte address: 0x98
  1365                           
  1366                           	global	_TXEN
  1367                           	global	_TXEN
  1368  0000                     	_TXEN	set	0x4C5	;byte address: 0x98
  1369                           
  1370                           	global	_TXIE
  1371                           	global	_TXIE
  1372  0000                     	_TXIE	set	0x464	;byte address: 0x8C
  1373                           
  1374                           	global	_TXIF
  1375                           	global	_TXIF
  1376  0000                     	_TXIF	set	0x64	;byte address: 0xC
  1377                           
  1378                           	global	_UA
  1379                           	global	_UA
  1380  0000                     	_UA	set	0x4A1	;byte address: 0x94
  1381                           
  1382                           	global	_WCOL
  1383                           	global	_WCOL
  1384  0000                     	_WCOL	set	0xA7	;byte address: 0x14
  1385                           
  1386                           	global	_WR
  1387                           	global	_WR
  1388  0000                     	_WR	set	0xC61	;byte address: 0x18C
  1389                           
  1390                           	global	_WREN
  1391                           	global	_WREN
  1392  0000                     	_WREN	set	0xC62	;byte address: 0x18C
  1393                           
  1394                           	global	_WRERR
  1395                           	global	_WRERR
  1396  0000                     	_WRERR	set	0xC63	;byte address: 0x18C
  1397                           
  1398                           	global	_ZERO
  1399                           	global	_ZERO
  1400  0000                     	_ZERO	set	0x1A	;byte address: 0x3
  1401                           
  1402                           	PSECT	fnautoc,class=COMMON,space=1
  1403                           	FNCONF	fnautoc,??,?
  1404                           apbank macro
  1405                           	; no bank selection necessary for common memor
                                 y
  1406  0070                     	endm


HI-TECH Software PICC Macro Assembler V9.65PL1 build 4700 
Symbol Table                                          Mon Dec 04 11:27:16 2023

            l1 0036              l2 0018              l3 0036  
            l5 07FF              l6 07E3              l7 07FF  
    __Lrdata_0 0000      __Lramdata 0000             _DA 04A5  
           _BF 04A0             _DC 0019             _PD 001B  
           _RD 0C60             _UA 04A1             _TO 001C  
           _RW 04A2             _WR 0C61            _CM0 04E0  
          _CM1 04E1            _CM2 04E2            _CKE 04A6  
          _IBF 044F            _CIS 04E3            _CKP 00A4  
          _GIE 005F            _BOR 0470            _RA0 0028  
          _RA1 0029            _RB0 0030            _RA2 002A  
          _RB1 0031            _RA3 002B            _RC0 0038  
          _RB2 0032            _RA4 002C            _RC1 0039  
          _RB3 0033            _RA5 002D            _RD0 0040  
          _RC2 003A            _RB4 0034            _RD1 0041  
          _RC3 003B            _RB5 0035            _RE0 0048  
          _RD2 0042            _RC4 003C            _RB6 0036  
          _RE1 0049            _RD3 0043            _RC5 003D  
          _RB7 0037            _RE2 004A            _RD4 0044  
          _RC6 003E            _RD5 0045            _RC7 003F  
          _RD6 0046            _OBF 044E            _RD7 0047  
          _FSR 0004            _PCL 0002            _PS0 0408  
          _PR2 0092            _PS1 0409            _RP0 001D  
          _PS2 040A            _PEN 048A            _IRP 001F  
          _RP1 001E            _SEN 0488            _PSA 040B  
          u760 0036            u761 0035            u780 07FF  
          u781 07FE            _POR 0471            _RX9 00C6  
          u797 07E7            _SMP 04A7            _TX9 04C6  
      ??_delay 0073           _ADIE 0466           _ADIF 0066  
         _ADFM 04FF           _ADGO 00FA       __tempreg 0073  
         _ADON 00F8           _CHS0 00FB           _CHS1 00FC  
         _CHS2 00FD           _EEIE 046C           _EEIF 006C  
         _GCEN 048F           _CMIE 046E           _CMIF 006E  
         _BRGH 04C2           _T0IE 005D           _T0IF 005A  
         _CREN 00C4           _T0CS 040D           _FERR 00C2  
         _IBOV 044D           _CVR0 04E8           _CVR1 04E9  
         _CVR2 04EA           _CVR3 04EB           _T0SE 040C  
         _CSRC 04C7           _INDF 0000           _PIE1 008C  
         _PIE2 008D           _CVRR 04ED           _PEIE 005E  
         _INTE 005C           _INTF 0059           _RBIE 005B  
         _RBIF 0058           _RCIE 0465           _RCIF 0065  
         _RCEN 048B           _PCON 008E           _PIR1 000C  
         _PIR2 000D           _OERR 00C1           u7610 0032  
         u7615 0030           u7810 07FB           _RBPU 040F  
         u7815 07F9           _RX9D 00C0           _TMR0 0001  
         _TMR2 0011           _WCOL 00A7           _SPEN 00C7  
         _RSEN 0489      __databank 0000           _TX9D 04C0  
         _SREN 00C5           _TRMT 04C1           _STOP 04A4  
         _ZERO 001A           _TXIE 0464           _WREN 0C62  
         _TXIF 0064           _TXEN 04C5           _SYNC 04C4  
         _main 0003           start 0000        _CCP1CON 0017  
      _CCP2CON 001D        _ACKSTAT 048E          _C1INV 04E4  
        _C2INV 04E5          _C1OUT 04E6          _C2OUT 04E7  
        _ADCS0 00FE          _ADCS1 00FF          _ADCS2 04FE  
        _ADDEN 00C3          ?_main 0070          _ACKEN 048C  
        _ACKDT 048D          _BCLIE 046B          _BCLIF 006B  
        _CCP1X 00BD          _CCP1Y 00BC          _CCP2X 00ED  
        _CCP2Y 00EC          _EEADR 010D  __end_of_delay 0800  
        _CARRY 0018          _EEPGD 0C67          _CMCON 009C  
        _T1CON 0010          _T2CON 0012        _T1CKPS0 0084  
      _T1CKPS1 0085          _PCFG0 04F8          _PCFG1 04F9  
        _PCFG2 04FA          _PCFG3 04FB        _T2CKPS0 0090  
      _T2CKPS1 0091          _CVREN 04EF          _CVROE 04EE  
        _RCREG 001A          _RCSTA 0018          _TMR1H 000F  
        _TMR1L 000E          _SPBRG 0099          _PORTA 0005  
        _PORTB 0006        _T1OSCEN 0083          _PORTC 0007  
        _PORTD 0008          _PORTE 0009          _PSPIE 0467  
        _PSPIF 0067          _START 04A3          _SSPM0 00A0  
        _SSPM1 00A1          _SSPM2 00A2          _SSPM3 00A3  
        _TRISA 0085          _TRISB 0086          _TRISC 0087  
        _TRISD 0088          _SSPIE 0463          _TRISE 0089  
        _SSPIF 0063          _SSPEN 00A5          _SSPOV 00A6  
        _WRERR 0C63          _TXREG 0019          _TXSTA 0098  
        _delay 07DE        _PSPMODE 044C        _SSPCON2 0091  
      _SSPSTAT 0094        _TOUTPS0 0093        _TOUTPS1 0094  
      _TOUTPS2 0095        _TOUTPS3 0096          status 0003  
      _delay_i 0073         ??_main 0070         ?_delay 0073  
       _ADCON0 001F         _ADCON1 009F         _CCP1M0 00B8  
       _CCP1M1 00B9         _CCP1M2 00BA         _CCP1M3 00BB  
       _CCP2M0 00E8         _CCP2M1 00E9         _CCP2M2 00EA  
       _CCP2M3 00EB         _CCP1IE 0462         _CCP1IF 0062  
       _CCP2IE 0468         _CCP2IF 0068         _ADRESH 001E  
       _EEADRH 010F         _ADRESL 009E         _EEADRL 010D  
       _EEDATA 010C         _CCPR1H 0016         _EEDATH 010E  
       _CCPR2H 001C         _CCPR1L 0015         _CCPR2L 001B  
       _EECON1 018C         _EECON2 018D   __end_of_main 0039  
       _GODONE 00FA         _CVRCON 009D         _T1SYNC 0082  
       _INTEDG 040E         _PCLATH 000A         _INTCON 000B  
       _TMR0IE 005D         _TMR0IF 005A         _TMR1IE 0460  
       _TMR1IF 0060         _TMR1CS 0081         _TMR2IE 0461  
       _TMR2IF 0061         _TMR1ON 0080         _OPTION 0081  
       _TMR2ON 0092         _SSPADD 0093         _TRISA0 0428  
       _TRISA1 0429         _TRISB0 0430         _TRISA2 042A  
       _TRISB1 0431         _TRISA3 042B         _TRISC0 0438  
       _TRISB2 0432         _TRISA4 042C         _TRISC1 0439  
       _TRISB3 0433         _TRISA5 042D         _TRISD0 0440  
       _TRISC2 043A         _TRISB4 0434         _TRISD1 0441  
       _TRISC3 043B         _TRISB5 0435         _TRISE0 0448  
       _TRISD2 0442         _TRISC4 043C         _TRISB6 0436  
       _TRISE1 0449         _TRISD3 0443         _TRISC5 043D  
       _TRISB7 0437         _TRISE2 044A         _TRISD4 0444  
       _TRISC6 043E         _TRISD5 0445         _TRISC7 043F  
       _TRISD6 0446         _TRISD7 0447         _STATUS 0003  
       _SSPCON 0014         _SSPBUF 0013         _main_i 0070  
    __Hrdata_0 0001      __Hramdata 0001  
