

HI-TECH Software PICC Macro Assembler V9.65PL1 build 4700 
                                                      Fri Dec 08 11:27:11 2023

HI-TECH Software Omniscient Code Generator build 4700
     1  0000                     opt subtitle "HI-TECH Software Omniscient Code 
                                 Generator build 4700"
     2                           
     3                           	processor	16F877A
     4                           clrc	macro
     5                           	bcf	status,0
     6  0000                     	endm
     7                           clrz	macro
     8                           	bcf	status,2
     9  0000                     	endm
    10                           setc	macro
    11                           	bsf	status,0
    12  0000                     	endm
    13                           setz	macro
    14                           	bsf	status,2
    15  0000                     	endm
    16                           skipc	macro
    17                           	btfss	status,0
    18  0000                     	endm
    19                           skipz	macro
    20                           	btfss	status,2
    21  0000                     	endm
    22                           skipnc	macro
    23                           	btfsc	status,0
    24  0000                     	endm
    25                           skipnz	macro
    26                           	btfsc	status,2
    27  0000                     	endm
    28  0000                     indf	equ	0
    29  0000                     indf0	equ	0
    30  0000                     pc	equ	2
    31  0000                     pcl	equ	2
    32  0000                     status	equ	3
    33  0000                     fsr	equ	4
    34  0000                     fsr0	equ	4
    35  0000                     c	equ	1
    36  0000                     z	equ	0
    37  0000                     pclath	equ	10
    38                           # 3 "C:\TechLand\MPLAB PROGRAMS\7 SEG\INCREMENT
                                  DECREMENT USING SWITCH WITH LED BLINK\BOTH COU
                                 NT USING SWITCH.c"
    39                           	psect config,class=CONFIG,delta=2 ;#
    40                           # 3 "C:\TechLand\MPLAB PROGRAMS\7 SEG\INCREMENT
                                  DECREMENT USING SWITCH WITH LED BLINK\BOTH COU
                                 NT USING SWITCH.c"
    41  2007  3D72               	dw 0X3D72 ;#
    42                           global __tempreg
    43  0000                     __tempreg	set	115
    44                           global __Lrdata_0, __Hrdata_0
    45  0000                     __Lrdata_0	equ	0x0
    46  0000                     __Hrdata_0	equ	0x1
    47                           global __Lramdata, __Lrdata_0, __Hramdata, __Hr
                                 data_0
    48  0000                     __Lramdata	set	__Lrdata_0
    49  0000                     __Hramdata	set	__Hrdata_0
    50                           	GLOBAL	__databank
    51  0000                     __databank	EQU	0
    52  0000                     _main_count	equ	??_main+0
    53                           	global	_main_count
    54  0000                     _delay_i	equ	??_delay+0
    55                           	global	_delay_i
    56                           ;Data sizes: Strings 0, constant 0, data 0, bss
                                  0, persistent 0 stack 11
    57                           	global	_main
    58                           	global	??_main
    59                           	global	?_main
    60                           
    61                           ; *************** function _main **************
                                 *
    62                           ; Defined at:
    63                           ;		line 6 in file "C:\TechLand\MPLAB PROGRAMS\7
                                  SEG\INCREMENT DECREMENT USING SWITCH WITH LED 
                                 BLINK\BOTH COUNT USING SWITCH.c"
    64                           ; Parameters:
    65                           ;		None
    66                           ; Auto variables:
    67                           ;		count       	       	type: int 
    68                           ; Return value:
    69                           ;		type: void 
    70                           ;		size: 0
    71                           ; Registers used:
    72                           ;		wreg, fsr0l, fsr0h, status,2, status,0, pcla
                                 th, cstack
    73                           ; Tracked objects:
    74                           ;		On entry : BFF/0
    75                           ;		On exit  : 0/0
    76                           ;		Unchanged: 0/0
    77                           ; Data sizes:
    78                           ;		Autos:    2
    79                           ;		Params:   0
    80                           ;		Temp:     1
    81                           ;		Total:    3
    82                           ; This function calls:
    83                           ;		_delay
    84                           ; This function is called by:
    85                           ;		Startup code after reset
    86                           ; This function uses a non-reentrant model
    87                           ; 
    88                           	psect	maintext,class=CODE,delta=2
    89                           	file	"C:\TechLand\MPLAB PROGRAMS\7 SEG\INCREME
                                 NT DECREMENT USING SWITCH WITH LED BLINK\BOTH C
                                 OUNT USING SWITCH.c"
    90                           	line	6
    91                           	psect	maintext
    92                           ;BOTH COUNT USING SWITCH.c: 3: asm("\tpsect con
                                 fig,class=CONFIG,delta=2"); asm("\tdw ""0X3D72"
                                 );
    93                           ;BOTH COUNT USING SWITCH.c: 4: void delay();
    94                           ;BOTH COUNT USING SWITCH.c: 5: void main()
    95                           ;BOTH COUNT USING SWITCH.c: 6: {
    96                           	
    97  0003                     _main:	
    98                           	opt stack 8
    99                           ; Regs used in _main: [wreg-fsr0h+status,2+stat
                                 us,0+pclath+cstack]
   100                           	line	7
   101                           ;BOTH COUNT USING SWITCH.c: 7: TRISB=0X00;
   102  0003  1003               	clrc
   103  0004  1683               	bsf	status, 5	;RP0=1, select bank1
   104  0005  1303               	bcf	status, 6	;RP1=0, select bank1
   105                           	
   106  0006  3000               	movlw	0
   107  0007  1803               	btfsc	status,0
   108  0008  3001               	movlw	1
   109  0009  0086               	movwf	(134)^080h	;volatile
   110                           	line	8
   111                           ;BOTH COUNT USING SWITCH.c: 8: PORTB=0X00;
   112  000A  1003               	clrc
   113  000B  1283               	bcf	status, 5	;RP0=0, select bank0
   114  000C  1303               	bcf	status, 6	;RP1=0, select bank0
   115                           	
   116  000D  3000               	movlw	0
   117  000E  1803               	btfsc	status,0
   118  000F  3001               	movlw	1
   119  0010  0086               	movwf	(6)	;volatile
   120                           	line	9
   121                           ;BOTH COUNT USING SWITCH.c: 9: TRISC=0X00;
   122  0011  1003               	clrc
   123  0012  1683               	bsf	status, 5	;RP0=1, select bank1
   124  0013  1303               	bcf	status, 6	;RP1=0, select bank1
   125                           	
   126  0014  3000               	movlw	0
   127  0015  1803               	btfsc	status,0
   128  0016  3001               	movlw	1
   129  0017  0087               	movwf	(135)^080h	;volatile
   130                           	line	10
   131                           ;BOTH COUNT USING SWITCH.c: 10: PORTC=0X00;
   132  0018  1003               	clrc
   133  0019  1283               	bcf	status, 5	;RP0=0, select bank0
   134  001A  1303               	bcf	status, 6	;RP1=0, select bank0
   135                           	
   136  001B  3000               	movlw	0
   137  001C  1803               	btfsc	status,0
   138  001D  3001               	movlw	1
   139  001E  0087               	movwf	(7)	;volatile
   140                           	line	11
   141                           ;BOTH COUNT USING SWITCH.c: 11: int count=0;
   142  001F  3000               	movlw	low(0)
   143                           	
   144  0020  00F0               	movwf	(_main_count)
   145  0021  3000               	movlw	high(0)
   146  0022  00F1               	movwf	((_main_count))+1
   147                           	line	12
   148                           ;BOTH COUNT USING SWITCH.c: 12: while(1)
   149                           	
   150  0023                     l3:	
   151                           	line	14
   152                           ;BOTH COUNT USING SWITCH.c: 13: {
   153                           ;BOTH COUNT USING SWITCH.c: 14: if(RC0==1)
   154  0023  1283               	bcf	status, 5	;RP0=0, select bank0
   155  0024  1303               	bcf	status, 6	;RP1=0, select bank0
   156  0025  1C07               	btfss	(56/8),(56)&7
   157  0026  2828               	goto	u791
   158  0027  2829               	goto	u790
   159  0028                     u791:
   160  0028  2834               	goto	l5
   161  0029                     u790:
   162                           	line	16
   163                           ;BOTH COUNT USING SWITCH.c: 15: {
   164                           ;BOTH COUNT USING SWITCH.c: 16: count++;
   165                           	
   166  0029  3001               	movlw	low(01h)
   167  002A  07F0               	addwf	(_main_count),f
   168  002B  1803               	skipnc
   169  002C  0AF1               	incf	(_main_count+1),f
   170  002D  3000               	movlw	high(01h)
   171  002E  07F1               	addwf	(_main_count+1),f
   172                           	line	17
   173                           ;BOTH COUNT USING SWITCH.c: 17: delay();
   174  002F  120A  118A  27DE   	fcall	_delay
              120A  118A         
   175                           	line	18
   176                           	
   177  0034                     l5:	
   178                           	line	19
   179                           ;BOTH COUNT USING SWITCH.c: 18: }
   180                           ;BOTH COUNT USING SWITCH.c: 19: if(RC1==1)
   181  0034  1283               	bcf	status, 5	;RP0=0, select bank0
   182  0035  1303               	bcf	status, 6	;RP1=0, select bank0
   183  0036  1C87               	btfss	(57/8),(57)&7
   184  0037  2839               	goto	u801
   185  0038  283A               	goto	u800
   186  0039                     u801:
   187  0039  2845               	goto	l6
   188  003A                     u800:
   189                           	line	21
   190                           ;BOTH COUNT USING SWITCH.c: 20: {
   191                           ;BOTH COUNT USING SWITCH.c: 21: count--;
   192                           	
   193  003A  30FF               	movlw	low(-1)
   194  003B  07F0               	addwf	(_main_count),f
   195  003C  1803               	skipnc
   196  003D  0AF1               	incf	(_main_count+1),f
   197  003E  30FF               	movlw	high(-1)
   198  003F  07F1               	addwf	(_main_count+1),f
   199                           	line	22
   200                           ;BOTH COUNT USING SWITCH.c: 22: delay();
   201  0040  120A  118A  27DE   	fcall	_delay
              120A  118A         
   202                           	line	23
   203                           	
   204  0045                     l6:	
   205                           	line	24
   206                           ;BOTH COUNT USING SWITCH.c: 23: }
   207                           ;BOTH COUNT USING SWITCH.c: 24: if(count>9)
   208                           	
   209  0045  0871               	movf	(_main_count+1),w
   210  0046  3A80               	xorlw	80h
   211  0047  00F2               	movwf	(??_main+2+0)
   212  0048  3080               	movlw	(high(0Ah))^80h
   213  0049  0272               	subwf	(??_main+2+0),w
   214  004A  1D03               	skipz
   215  004B  284E               	goto	u8110
   216  004C                     u8115:
   217  004C  300A               	movlw	low(0Ah)
   218  004D  0270               	subwf	(_main_count),w
   219  004E                     u8110:
   220                           
   221  004E  1C03               	skipc
   222  004F  2851               	goto	u811
   223  0050  2852               	goto	u810
   224  0051                     u811:
   225  0051  2856               	goto	l7
   226  0052                     u810:
   227                           	line	26
   228                           ;BOTH COUNT USING SWITCH.c: 25: {
   229                           ;BOTH COUNT USING SWITCH.c: 26: count=9;
   230  0052  3009               	movlw	low(09h)
   231                           	
   232  0053  00F0               	movwf	(_main_count)
   233  0054  3000               	movlw	high(09h)
   234  0055  00F1               	movwf	((_main_count))+1
   235                           	line	27
   236                           	
   237  0056                     l7:	
   238                           	line	28
   239                           ;BOTH COUNT USING SWITCH.c: 27: }
   240                           ;BOTH COUNT USING SWITCH.c: 28: if(count<0)
   241                           	
   242  0056  1FF1               	btfss	(_main_count+1),7
   243  0057  2859               	goto	u821
   244  0058  285A               	goto	u820
   245  0059                     u821:
   246  0059  285E               	goto	l8
   247  005A                     u820:
   248                           	line	30
   249                           ;BOTH COUNT USING SWITCH.c: 29: {
   250                           ;BOTH COUNT USING SWITCH.c: 30: count=0;
   251  005A  3000               	movlw	low(0)
   252                           	
   253  005B  00F0               	movwf	(_main_count)
   254  005C  3000               	movlw	high(0)
   255  005D  00F1               	movwf	((_main_count))+1
   256                           	line	31
   257                           	
   258  005E                     l8:	
   259                           	line	32
   260                           ;BOTH COUNT USING SWITCH.c: 31: }
   261                           ;BOTH COUNT USING SWITCH.c: 32: switch(count)
   262  005E  2891               	goto	l10
   263                           	line	34
   264                           ;BOTH COUNT USING SWITCH.c: 33: {
   265                           ;BOTH COUNT USING SWITCH.c: 34: case 0:
   266                           	
   267  005F                     l11:	
   268                           	line	35
   269                           ;BOTH COUNT USING SWITCH.c: 35: PORTB=0X03;
   270  005F  3003               	movlw	(03h)
   271  0060  1283               	bcf	status, 5	;RP0=0, select bank0
   272  0061  1303               	bcf	status, 6	;RP1=0, select bank0
   273                           	
   274  0062  0086               	movwf	(6)	;volatile
   275                           	line	36
   276                           ;BOTH COUNT USING SWITCH.c: 36: break;
   277  0063  28B7               	goto	l2
   278                           	line	37
   279                           ;BOTH COUNT USING SWITCH.c: 37: case 1:
   280                           	
   281  0064                     l12:	
   282                           	line	38
   283                           ;BOTH COUNT USING SWITCH.c: 38: PORTB=0X9F;
   284  0064  309F               	movlw	(09Fh)
   285  0065  1283               	bcf	status, 5	;RP0=0, select bank0
   286  0066  1303               	bcf	status, 6	;RP1=0, select bank0
   287                           	
   288  0067  0086               	movwf	(6)	;volatile
   289                           	line	39
   290                           ;BOTH COUNT USING SWITCH.c: 39: break;
   291  0068  28B7               	goto	l2
   292                           	line	40
   293                           ;BOTH COUNT USING SWITCH.c: 40: case 2:
   294                           	
   295  0069                     l13:	
   296                           	line	41
   297                           ;BOTH COUNT USING SWITCH.c: 41: PORTB=0X25;
   298  0069  3025               	movlw	(025h)
   299  006A  1283               	bcf	status, 5	;RP0=0, select bank0
   300  006B  1303               	bcf	status, 6	;RP1=0, select bank0
   301                           	
   302  006C  0086               	movwf	(6)	;volatile
   303                           	line	42
   304                           ;BOTH COUNT USING SWITCH.c: 42: break;
   305  006D  28B7               	goto	l2
   306                           	line	43
   307                           ;BOTH COUNT USING SWITCH.c: 43: case 3:
   308                           	
   309  006E                     l14:	
   310                           	line	44
   311                           ;BOTH COUNT USING SWITCH.c: 44: PORTB=0X0D;
   312  006E  300D               	movlw	(0Dh)
   313  006F  1283               	bcf	status, 5	;RP0=0, select bank0
   314  0070  1303               	bcf	status, 6	;RP1=0, select bank0
   315                           	
   316  0071  0086               	movwf	(6)	;volatile
   317                           	line	45
   318                           ;BOTH COUNT USING SWITCH.c: 45: break;
   319  0072  28B7               	goto	l2
   320                           	line	46
   321                           ;BOTH COUNT USING SWITCH.c: 46: case 4:
   322                           	
   323  0073                     l15:	
   324                           	line	47
   325                           ;BOTH COUNT USING SWITCH.c: 47: PORTB=0X99;
   326  0073  3099               	movlw	(099h)
   327  0074  1283               	bcf	status, 5	;RP0=0, select bank0
   328  0075  1303               	bcf	status, 6	;RP1=0, select bank0
   329                           	
   330  0076  0086               	movwf	(6)	;volatile
   331                           	line	48
   332                           ;BOTH COUNT USING SWITCH.c: 48: break;
   333  0077  28B7               	goto	l2
   334                           	line	49
   335                           ;BOTH COUNT USING SWITCH.c: 49: case 5:
   336                           	
   337  0078                     l16:	
   338                           	line	50
   339                           ;BOTH COUNT USING SWITCH.c: 50: PORTB=0X49;
   340  0078  3049               	movlw	(049h)
   341  0079  1283               	bcf	status, 5	;RP0=0, select bank0
   342  007A  1303               	bcf	status, 6	;RP1=0, select bank0
   343                           	
   344  007B  0086               	movwf	(6)	;volatile
   345                           	line	51
   346                           ;BOTH COUNT USING SWITCH.c: 51: break;
   347  007C  28B7               	goto	l2
   348                           	line	52
   349                           ;BOTH COUNT USING SWITCH.c: 52: case 6:
   350                           	
   351  007D                     l17:	
   352                           	line	53
   353                           ;BOTH COUNT USING SWITCH.c: 53: PORTB=0X41;
   354  007D  3041               	movlw	(041h)
   355  007E  1283               	bcf	status, 5	;RP0=0, select bank0
   356  007F  1303               	bcf	status, 6	;RP1=0, select bank0
   357                           	
   358  0080  0086               	movwf	(6)	;volatile
   359                           	line	54
   360                           ;BOTH COUNT USING SWITCH.c: 54: break;
   361  0081  28B7               	goto	l2
   362                           	line	55
   363                           ;BOTH COUNT USING SWITCH.c: 55: case 7:
   364                           	
   365  0082                     l18:	
   366                           	line	56
   367                           ;BOTH COUNT USING SWITCH.c: 56: PORTB=0X1F;
   368  0082  301F               	movlw	(01Fh)
   369  0083  1283               	bcf	status, 5	;RP0=0, select bank0
   370  0084  1303               	bcf	status, 6	;RP1=0, select bank0
   371                           	
   372  0085  0086               	movwf	(6)	;volatile
   373                           	line	57
   374                           ;BOTH COUNT USING SWITCH.c: 57: break;
   375  0086  28B7               	goto	l2
   376                           	line	58
   377                           ;BOTH COUNT USING SWITCH.c: 58: case 8:
   378                           	
   379  0087                     l19:	
   380                           	line	59
   381                           ;BOTH COUNT USING SWITCH.c: 59: PORTB=0X01;
   382  0087  3001               	movlw	(01h)
   383  0088  1283               	bcf	status, 5	;RP0=0, select bank0
   384  0089  1303               	bcf	status, 6	;RP1=0, select bank0
   385                           	
   386  008A  0086               	movwf	(6)	;volatile
   387                           	line	60
   388                           ;BOTH COUNT USING SWITCH.c: 60: break;
   389  008B  28B7               	goto	l2
   390                           	line	61
   391                           ;BOTH COUNT USING SWITCH.c: 61: case 9:
   392                           	
   393  008C                     l20:	
   394                           	line	62
   395                           ;BOTH COUNT USING SWITCH.c: 62: PORTB=0X19;
   396  008C  3019               	movlw	(019h)
   397  008D  1283               	bcf	status, 5	;RP0=0, select bank0
   398  008E  1303               	bcf	status, 6	;RP1=0, select bank0
   399                           	
   400  008F  0086               	movwf	(6)	;volatile
   401                           	line	63
   402                           ;BOTH COUNT USING SWITCH.c: 63: break;
   403  0090  28B7               	goto	l2
   404                           	line	32
   405                           	
   406  0091                     l10:	
   407                           	
   408  0091  28B2               		goto	l30015
   409  0092                     l30016:
   410  0092  0870               	movf (_main_count),w
   411  0093  3A00               	xorlw	0^0
   412  0094  1903               	skipnz
   413  0095  285F               	goto	l11
   414  0096  3A01               	xorlw	1^0
   415  0097  1903               	skipnz
   416  0098  2864               	goto	l12
   417  0099  3A03               	xorlw	2^1
   418  009A  1903               	skipnz
   419  009B  2869               	goto	l13
   420  009C  3A01               	xorlw	3^2
   421  009D  1903               	skipnz
   422  009E  286E               	goto	l14
   423  009F  3A07               	xorlw	4^3
   424  00A0  1903               	skipnz
   425  00A1  2873               	goto	l15
   426  00A2  3A01               	xorlw	5^4
   427  00A3  1903               	skipnz
   428  00A4  2878               	goto	l16
   429  00A5  3A03               	xorlw	6^5
   430  00A6  1903               	skipnz
   431  00A7  287D               	goto	l17
   432  00A8  3A01               	xorlw	7^6
   433  00A9  1903               	skipnz
   434  00AA  2882               	goto	l18
   435  00AB  3A0F               	xorlw	8^7
   436  00AC  1903               	skipnz
   437  00AD  2887               	goto	l19
   438  00AE  3A01               	xorlw	9^8
   439  00AF  1903               	skipnz
   440  00B0  288C               	goto	l20
   441  00B1  28B7               	goto	l2
   442                           
   443  00B2                     l30015:
   444  00B2  0871               	movf (_main_count+1),w
   445  00B3  3A00               	xorlw	0^0
   446  00B4  1903               	skipnz
   447  00B5  2892               	goto	l30016
   448  00B6  28B7               	goto	l2
   449                           
   450                           	line	65
   451                           	
   452  00B7                     l2:	
   453                           	line	12
   454  00B7  2823               	goto	l3
   455                           	global	start
   456  00B8  120A  118A  2800   	ljmp	start
   457                           ; =============== function _main ends =========
                                 ======
   458                           
   459                           GLOBAL __end_of_main
   460  00BB                     	__end_of_main:
   461                           	FNSIZE	_main,3,0
   462                           	psect	maintext
   463                           	line	66
   464                           	signat	_main,88
   465                           	global	_delay
   466                           	global	??_delay
   467                           	global	?_delay
   468                           
   469                           ; *************** function _delay *************
                                 **
   470                           ; Defined at:
   471                           ;		line 68 in file "C:\TechLand\MPLAB PROGRAMS\
                                 7 SEG\INCREMENT DECREMENT USING SWITCH WITH LED
                                  BLINK\BOTH COUNT USING SWITCH.c"
   472                           ; Parameters:
   473                           ;		None
   474                           ; Auto variables:
   475                           ;		i           	       	type: int 
   476                           ; Return value:
   477                           ;		type: void 
   478                           ;		size: 0
   479                           ; Registers used:
   480                           ;		wreg
   481                           ; Tracked objects:
   482                           ;		On entry : 300/0
   483                           ;		On exit  : 0/0
   484                           ;		Unchanged: 0/0
   485                           ; Data sizes:
   486                           ;		Autos:    2
   487                           ;		Params:   0
   488                           ;		Temp:     2
   489                           ;		Total:    4
   490                           ; This function calls:
   491                           ;		__delay
   492                           ; This function is called by:
   493                           ;		_main
   494                           ; This function uses a non-reentrant model
   495                           ; 
   496                           	psect	text22,local,class=CODE,delta=2
   497                           	file	"C:\TechLand\MPLAB PROGRAMS\7 SEG\INCREME
                                 NT DECREMENT USING SWITCH WITH LED BLINK\BOTH C
                                 OUNT USING SWITCH.c"
   498                           	line	68
   499                           ;BOTH COUNT USING SWITCH.c: 67: void delay()
   500                           ;BOTH COUNT USING SWITCH.c: 68: {
   501                           	
   502  07DE                     _delay:	
   503                           	opt stack 7
   504                           ; Regs used in _delay: [wreg]
   505                           	line	69
   506                           ;BOTH COUNT USING SWITCH.c: 69: for(int i=0;i<2
                                 5;i++)
   507  07DE  3000               	movlw	low(0)
   508                           	
   509  07DF  00F3               	movwf	(_delay_i)
   510  07E0  3000               	movlw	high(0)
   511  07E1  00F4               	movwf	((_delay_i))+1
   512  07E2  2FE3               	goto	l22
   513                           	line	70
   514                           	
   515  07E3                     l22:	
   516                           ;BOTH COUNT USING SWITCH.c: 70: _delay((unsigne
                                 d long)((10)*(20000000/4000.0)));
   517                           	
   518  07E3  3041               	movlw	65
   519  07E4  00F6               movwf	(??_delay+2+0+1),f
   520  07E5  30EE               	movlw	238
   521  07E6  00F5               movwf	(??_delay+2+0),f
   522  07E7                     u857:
   523  07E7  0BF5               	decfsz	(??_delay+2+0),f
   524  07E8  2FE7               	goto	u857
   525  07E9  0BF6               	decfsz	(??_delay+2+0+1),f
   526  07EA  2FE7               	goto	u857
   527  07EB  0064               	clrwdt
   528                           
   529                           	line	69
   530                           	
   531  07EC  3001               	movlw	low(01h)
   532  07ED  07F3               	addwf	(_delay_i),f
   533  07EE  1803               	skipnc
   534  07EF  0AF4               	incf	(_delay_i+1),f
   535  07F0  3000               	movlw	high(01h)
   536  07F1  07F4               	addwf	(_delay_i+1),f
   537                           	
   538  07F2  0874               	movf	(_delay_i+1),w
   539  07F3  3A80               	xorlw	80h
   540  07F4  00F5               	movwf	(??_delay+2+0)
   541  07F5  3080               	movlw	(high(019h))^80h
   542  07F6  0275               	subwf	(??_delay+2+0),w
   543  07F7  1D03               	skipz
   544  07F8  2FFB               	goto	u8410
   545  07F9                     u8415:
   546  07F9  3019               	movlw	low(019h)
   547  07FA  0273               	subwf	(_delay_i),w
   548  07FB                     u8410:
   549                           
   550  07FB  1C03               	skipc
   551  07FC  2FFE               	goto	u841
   552  07FD  2FFF               	goto	u840
   553  07FE                     u841:
   554  07FE  2FE3               	goto	l22
   555  07FF                     u840:
   556                           	
   557  07FF                     l23:	
   558                           	line	71
   559                           ;BOTH COUNT USING SWITCH.c: 71: }
   560  07FF                     l21:	
   561  07FF  0008               	return
   562                           ; =============== function _delay ends ========
                                 =======
   563                           
   564                           GLOBAL __end_of_delay
   565  0800                     	__end_of_delay:
   566+                          	FNSIZE	_delay,4,0
   567+                          	signat	_delay,88
   568+                          	FNCALL	_main,_delay
   569+                          	FNROOT	_main
   570+                          	psect	strings,class=CODE,delta=2,reloc=256
   571+                          	global	_ADCON0
   572+                          	global	_ADCON0
   573+ 0000                     	_ADCON0	set	0x1F
   574                           
   575                           	global	_ADCON1
   576                           	global	_ADCON1
   577  0000                     	_ADCON1	set	0x9F
   578                           
   579                           	global	_ADRESH
   580                           	global	_ADRESH
   581  0000                     	_ADRESH	set	0x1E
   582                           
   583                           	global	_ADRESL
   584                           	global	_ADRESL
   585  0000                     	_ADRESL	set	0x9E
   586                           
   587                           	global	_CCP1CON
   588                           	global	_CCP1CON
   589  0000                     	_CCP1CON	set	0x17
   590                           
   591                           	global	_CCP2CON
   592                           	global	_CCP2CON
   593  0000                     	_CCP2CON	set	0x1D
   594                           
   595                           	global	_CCPR1H
   596                           	global	_CCPR1H
   597  0000                     	_CCPR1H	set	0x16
   598                           
   599                           	global	_CCPR1L
   600                           	global	_CCPR1L
   601  0000                     	_CCPR1L	set	0x15
   602                           
   603                           	global	_CCPR2H
   604                           	global	_CCPR2H
   605  0000                     	_CCPR2H	set	0x1C
   606                           
   607                           	global	_CCPR2L
   608                           	global	_CCPR2L
   609  0000                     	_CCPR2L	set	0x1B
   610                           
   611                           	global	_CMCON
   612                           	global	_CMCON
   613  0000                     	_CMCON	set	0x9C
   614                           
   615                           	global	_CVRCON
   616                           	global	_CVRCON
   617  0000                     	_CVRCON	set	0x9D
   618                           
   619                           	global	_EEADR
   620                           	global	_EEADR
   621  0000                     	_EEADR	set	0x10D
   622                           
   623                           	global	_EEADRH
   624                           	global	_EEADRH
   625  0000                     	_EEADRH	set	0x10F
   626                           
   627                           	global	_EEADRL
   628                           	global	_EEADRL
   629  0000                     	_EEADRL	set	0x10D
   630                           
   631                           	global	_EECON1
   632                           	global	_EECON1
   633  0000                     	_EECON1	set	0x18C
   634                           
   635                           	global	_EECON2
   636                           	global	_EECON2
   637  0000                     	_EECON2	set	0x18D
   638                           
   639                           	global	_EEDATA
   640                           	global	_EEDATA
   641  0000                     	_EEDATA	set	0x10C
   642                           
   643                           	global	_EEDATH
   644                           	global	_EEDATH
   645  0000                     	_EEDATH	set	0x10E
   646                           
   647                           	global	_FSR
   648                           	global	_FSR
   649  0000                     	_FSR	set	0x4
   650                           
   651                           	global	_INDF
   652                           	global	_INDF
   653  0000                     	_INDF	set	0x0
   654                           
   655                           	global	_INTCON
   656                           	global	_INTCON
   657  0000                     	_INTCON	set	0xB
   658                           
   659                           	global	_OPTION
   660                           	global	_OPTION
   661  0000                     	_OPTION	set	0x81
   662                           
   663                           	global	_PCL
   664                           	global	_PCL
   665  0000                     	_PCL	set	0x2
   666                           
   667                           	global	_PCLATH
   668                           	global	_PCLATH
   669  0000                     	_PCLATH	set	0xA
   670                           
   671                           	global	_PCON
   672                           	global	_PCON
   673  0000                     	_PCON	set	0x8E
   674                           
   675                           	global	_PIE1
   676                           	global	_PIE1
   677  0000                     	_PIE1	set	0x8C
   678                           
   679                           	global	_PIE2
   680                           	global	_PIE2
   681  0000                     	_PIE2	set	0x8D
   682                           
   683                           	global	_PIR1
   684                           	global	_PIR1
   685  0000                     	_PIR1	set	0xC
   686                           
   687                           	global	_PIR2
   688                           	global	_PIR2
   689  0000                     	_PIR2	set	0xD
   690                           
   691                           	global	_PORTA
   692                           	global	_PORTA
   693  0000                     	_PORTA	set	0x5
   694                           
   695                           	global	_PORTB
   696  0000                     	_PORTB	set	0x6
   697                           
   698                           	global	_PORTC
   699  0000                     	_PORTC	set	0x7
   700                           
   701                           	global	_PORTD
   702                           	global	_PORTD
   703  0000                     	_PORTD	set	0x8
   704                           
   705                           	global	_PORTE
   706                           	global	_PORTE
   707  0000                     	_PORTE	set	0x9
   708                           
   709                           	global	_PR2
   710                           	global	_PR2
   711  0000                     	_PR2	set	0x92
   712                           
   713                           	global	_RCREG
   714                           	global	_RCREG
   715  0000                     	_RCREG	set	0x1A
   716                           
   717                           	global	_RCSTA
   718                           	global	_RCSTA
   719  0000                     	_RCSTA	set	0x18
   720                           
   721                           	global	_SPBRG
   722                           	global	_SPBRG
   723  0000                     	_SPBRG	set	0x99
   724                           
   725                           	global	_SSPADD
   726                           	global	_SSPADD
   727  0000                     	_SSPADD	set	0x93
   728                           
   729                           	global	_SSPBUF
   730                           	global	_SSPBUF
   731  0000                     	_SSPBUF	set	0x13
   732                           
   733                           	global	_SSPCON
   734                           	global	_SSPCON
   735  0000                     	_SSPCON	set	0x14
   736                           
   737                           	global	_SSPCON2
   738                           	global	_SSPCON2
   739  0000                     	_SSPCON2	set	0x91
   740                           
   741                           	global	_SSPSTAT
   742                           	global	_SSPSTAT
   743  0000                     	_SSPSTAT	set	0x94
   744                           
   745                           	global	_STATUS
   746                           	global	_STATUS
   747  0000                     	_STATUS	set	0x3
   748                           
   749                           	global	_T1CON
   750                           	global	_T1CON
   751  0000                     	_T1CON	set	0x10
   752                           
   753                           	global	_T2CON
   754                           	global	_T2CON
   755  0000                     	_T2CON	set	0x12
   756                           
   757                           	global	_TMR0
   758                           	global	_TMR0
   759  0000                     	_TMR0	set	0x1
   760                           
   761                           	global	_TMR1H
   762                           	global	_TMR1H
   763  0000                     	_TMR1H	set	0xF
   764                           
   765                           	global	_TMR1L
   766                           	global	_TMR1L
   767  0000                     	_TMR1L	set	0xE
   768                           
   769                           	global	_TMR2
   770                           	global	_TMR2
   771  0000                     	_TMR2	set	0x11
   772                           
   773                           	global	_TRISA
   774                           	global	_TRISA
   775  0000                     	_TRISA	set	0x85
   776                           
   777                           	global	_TRISB
   778  0000                     	_TRISB	set	0x86
   779                           
   780                           	global	_TRISC
   781  0000                     	_TRISC	set	0x87
   782                           
   783                           	global	_TRISD
   784                           	global	_TRISD
   785  0000                     	_TRISD	set	0x88
   786                           
   787                           	global	_TRISE
   788                           	global	_TRISE
   789  0000                     	_TRISE	set	0x89
   790                           
   791                           	global	_TXREG
   792                           	global	_TXREG
   793  0000                     	_TXREG	set	0x19
   794                           
   795                           	global	_TXSTA
   796                           	global	_TXSTA
   797  0000                     	_TXSTA	set	0x98
   798                           
   799                           	global	_ACKDT
   800                           	global	_ACKDT
   801  0000                     	_ACKDT	set	0x48D	;byte address: 0x91
   802                           
   803                           	global	_ACKEN
   804                           	global	_ACKEN
   805  0000                     	_ACKEN	set	0x48C	;byte address: 0x91
   806                           
   807                           	global	_ACKSTAT
   808                           	global	_ACKSTAT
   809  0000                     	_ACKSTAT	set	0x48E	;byte address: 0x91
   810                           
   811                           	global	_ADCS0
   812                           	global	_ADCS0
   813  0000                     	_ADCS0	set	0xFE	;byte address: 0x1F
   814                           
   815                           	global	_ADCS1
   816                           	global	_ADCS1
   817  0000                     	_ADCS1	set	0xFF	;byte address: 0x1F
   818                           
   819                           	global	_ADCS2
   820                           	global	_ADCS2
   821  0000                     	_ADCS2	set	0x4FE	;byte address: 0x9F
   822                           
   823                           	global	_ADDEN
   824                           	global	_ADDEN
   825  0000                     	_ADDEN	set	0xC3	;byte address: 0x18
   826                           
   827                           	global	_ADFM
   828                           	global	_ADFM
   829  0000                     	_ADFM	set	0x4FF	;byte address: 0x9F
   830                           
   831                           	global	_ADGO
   832                           	global	_ADGO
   833  0000                     	_ADGO	set	0xFA	;byte address: 0x1F
   834                           
   835                           	global	_ADIE
   836                           	global	_ADIE
   837  0000                     	_ADIE	set	0x466	;byte address: 0x8C
   838                           
   839                           	global	_ADIF
   840                           	global	_ADIF
   841  0000                     	_ADIF	set	0x66	;byte address: 0xC
   842                           
   843                           	global	_ADON
   844                           	global	_ADON
   845  0000                     	_ADON	set	0xF8	;byte address: 0x1F
   846                           
   847                           	global	_BCLIE
   848                           	global	_BCLIE
   849  0000                     	_BCLIE	set	0x46B	;byte address: 0x8D
   850                           
   851                           	global	_BCLIF
   852                           	global	_BCLIF
   853  0000                     	_BCLIF	set	0x6B	;byte address: 0xD
   854                           
   855                           	global	_BF
   856                           	global	_BF
   857  0000                     	_BF	set	0x4A0	;byte address: 0x94
   858                           
   859                           	global	_BOR
   860                           	global	_BOR
   861  0000                     	_BOR	set	0x470	;byte address: 0x8E
   862                           
   863                           	global	_BRGH
   864                           	global	_BRGH
   865  0000                     	_BRGH	set	0x4C2	;byte address: 0x98
   866                           
   867                           	global	_C1INV
   868                           	global	_C1INV
   869  0000                     	_C1INV	set	0x4E4	;byte address: 0x9C
   870                           
   871                           	global	_C1OUT
   872                           	global	_C1OUT
   873  0000                     	_C1OUT	set	0x4E6	;byte address: 0x9C
   874                           
   875                           	global	_C2INV
   876                           	global	_C2INV
   877  0000                     	_C2INV	set	0x4E5	;byte address: 0x9C
   878                           
   879                           	global	_C2OUT
   880                           	global	_C2OUT
   881  0000                     	_C2OUT	set	0x4E7	;byte address: 0x9C
   882                           
   883                           	global	_CARRY
   884                           	global	_CARRY
   885  0000                     	_CARRY	set	0x18	;byte address: 0x3
   886                           
   887                           	global	_CCP1IE
   888                           	global	_CCP1IE
   889  0000                     	_CCP1IE	set	0x462	;byte address: 0x8C
   890                           
   891                           	global	_CCP1IF
   892                           	global	_CCP1IF
   893  0000                     	_CCP1IF	set	0x62	;byte address: 0xC
   894                           
   895                           	global	_CCP1M0
   896                           	global	_CCP1M0
   897  0000                     	_CCP1M0	set	0xB8	;byte address: 0x17
   898                           
   899                           	global	_CCP1M1
   900                           	global	_CCP1M1
   901  0000                     	_CCP1M1	set	0xB9	;byte address: 0x17
   902                           
   903                           	global	_CCP1M2
   904                           	global	_CCP1M2
   905  0000                     	_CCP1M2	set	0xBA	;byte address: 0x17
   906                           
   907                           	global	_CCP1M3
   908                           	global	_CCP1M3
   909  0000                     	_CCP1M3	set	0xBB	;byte address: 0x17
   910                           
   911                           	global	_CCP1X
   912                           	global	_CCP1X
   913  0000                     	_CCP1X	set	0xBD	;byte address: 0x17
   914                           
   915                           	global	_CCP1Y
   916                           	global	_CCP1Y
   917  0000                     	_CCP1Y	set	0xBC	;byte address: 0x17
   918                           
   919                           	global	_CCP2IE
   920                           	global	_CCP2IE
   921  0000                     	_CCP2IE	set	0x468	;byte address: 0x8D
   922                           
   923                           	global	_CCP2IF
   924                           	global	_CCP2IF
   925  0000                     	_CCP2IF	set	0x68	;byte address: 0xD
   926                           
   927                           	global	_CCP2M0
   928                           	global	_CCP2M0
   929  0000                     	_CCP2M0	set	0xE8	;byte address: 0x1D
   930                           
   931                           	global	_CCP2M1
   932                           	global	_CCP2M1
   933  0000                     	_CCP2M1	set	0xE9	;byte address: 0x1D
   934                           
   935                           	global	_CCP2M2
   936                           	global	_CCP2M2
   937  0000                     	_CCP2M2	set	0xEA	;byte address: 0x1D
   938                           
   939                           	global	_CCP2M3
   940                           	global	_CCP2M3
   941  0000                     	_CCP2M3	set	0xEB	;byte address: 0x1D
   942                           
   943                           	global	_CCP2X
   944                           	global	_CCP2X
   945  0000                     	_CCP2X	set	0xED	;byte address: 0x1D
   946                           
   947                           	global	_CCP2Y
   948                           	global	_CCP2Y
   949  0000                     	_CCP2Y	set	0xEC	;byte address: 0x1D
   950                           
   951                           	global	_CHS0
   952                           	global	_CHS0
   953  0000                     	_CHS0	set	0xFB	;byte address: 0x1F
   954                           
   955                           	global	_CHS1
   956                           	global	_CHS1
   957  0000                     	_CHS1	set	0xFC	;byte address: 0x1F
   958                           
   959                           	global	_CHS2
   960                           	global	_CHS2
   961  0000                     	_CHS2	set	0xFD	;byte address: 0x1F
   962                           
   963                           	global	_CIS
   964                           	global	_CIS
   965  0000                     	_CIS	set	0x4E3	;byte address: 0x9C
   966                           
   967                           	global	_CKE
   968                           	global	_CKE
   969  0000                     	_CKE	set	0x4A6	;byte address: 0x94
   970                           
   971                           	global	_CKP
   972                           	global	_CKP
   973  0000                     	_CKP	set	0xA4	;byte address: 0x14
   974                           
   975                           	global	_CM0
   976                           	global	_CM0
   977  0000                     	_CM0	set	0x4E0	;byte address: 0x9C
   978                           
   979                           	global	_CM1
   980                           	global	_CM1
   981  0000                     	_CM1	set	0x4E1	;byte address: 0x9C
   982                           
   983                           	global	_CM2
   984                           	global	_CM2
   985  0000                     	_CM2	set	0x4E2	;byte address: 0x9C
   986                           
   987                           	global	_CMIE
   988                           	global	_CMIE
   989  0000                     	_CMIE	set	0x46E	;byte address: 0x8D
   990                           
   991                           	global	_CMIF
   992                           	global	_CMIF
   993  0000                     	_CMIF	set	0x6E	;byte address: 0xD
   994                           
   995                           	global	_CREN
   996                           	global	_CREN
   997  0000                     	_CREN	set	0xC4	;byte address: 0x18
   998                           
   999                           	global	_CSRC
  1000                           	global	_CSRC
  1001  0000                     	_CSRC	set	0x4C7	;byte address: 0x98
  1002                           
  1003                           	global	_CVR0
  1004                           	global	_CVR0
  1005  0000                     	_CVR0	set	0x4E8	;byte address: 0x9D
  1006                           
  1007                           	global	_CVR1
  1008                           	global	_CVR1
  1009  0000                     	_CVR1	set	0x4E9	;byte address: 0x9D
  1010                           
  1011                           	global	_CVR2
  1012                           	global	_CVR2
  1013  0000                     	_CVR2	set	0x4EA	;byte address: 0x9D
  1014                           
  1015                           	global	_CVR3
  1016                           	global	_CVR3
  1017  0000                     	_CVR3	set	0x4EB	;byte address: 0x9D
  1018                           
  1019                           	global	_CVREN
  1020                           	global	_CVREN
  1021  0000                     	_CVREN	set	0x4EF	;byte address: 0x9D
  1022                           
  1023                           	global	_CVROE
  1024                           	global	_CVROE
  1025  0000                     	_CVROE	set	0x4EE	;byte address: 0x9D
  1026                           
  1027                           	global	_CVRR
  1028                           	global	_CVRR
  1029  0000                     	_CVRR	set	0x4ED	;byte address: 0x9D
  1030                           
  1031                           	global	_DA
  1032                           	global	_DA
  1033  0000                     	_DA	set	0x4A5	;byte address: 0x94
  1034                           
  1035                           	global	_DC
  1036                           	global	_DC
  1037  0000                     	_DC	set	0x19	;byte address: 0x3
  1038                           
  1039                           	global	_EEIE
  1040                           	global	_EEIE
  1041  0000                     	_EEIE	set	0x46C	;byte address: 0x8D
  1042                           
  1043                           	global	_EEIF
  1044                           	global	_EEIF
  1045  0000                     	_EEIF	set	0x6C	;byte address: 0xD
  1046                           
  1047                           	global	_EEPGD
  1048                           	global	_EEPGD
  1049  0000                     	_EEPGD	set	0xC67	;byte address: 0x18C
  1050                           
  1051                           	global	_FERR
  1052                           	global	_FERR
  1053  0000                     	_FERR	set	0xC2	;byte address: 0x18
  1054                           
  1055                           	global	_GCEN
  1056                           	global	_GCEN
  1057  0000                     	_GCEN	set	0x48F	;byte address: 0x91
  1058                           
  1059                           	global	_GIE
  1060                           	global	_GIE
  1061  0000                     	_GIE	set	0x5F	;byte address: 0xB
  1062                           
  1063                           	global	_GODONE
  1064                           	global	_GODONE
  1065  0000                     	_GODONE	set	0xFA	;byte address: 0x1F
  1066                           
  1067                           	global	_IBF
  1068                           	global	_IBF
  1069  0000                     	_IBF	set	0x44F	;byte address: 0x89
  1070                           
  1071                           	global	_IBOV
  1072                           	global	_IBOV
  1073  0000                     	_IBOV	set	0x44D	;byte address: 0x89
  1074                           
  1075                           	global	_INTE
  1076                           	global	_INTE
  1077  0000                     	_INTE	set	0x5C	;byte address: 0xB
  1078                           
  1079                           	global	_INTEDG
  1080                           	global	_INTEDG
  1081  0000                     	_INTEDG	set	0x40E	;byte address: 0x81
  1082                           
  1083                           	global	_INTF
  1084                           	global	_INTF
  1085  0000                     	_INTF	set	0x59	;byte address: 0xB
  1086                           
  1087                           	global	_IRP
  1088                           	global	_IRP
  1089  0000                     	_IRP	set	0x1F	;byte address: 0x3
  1090                           
  1091                           	global	_OBF
  1092                           	global	_OBF
  1093  0000                     	_OBF	set	0x44E	;byte address: 0x89
  1094                           
  1095                           	global	_OERR
  1096                           	global	_OERR
  1097  0000                     	_OERR	set	0xC1	;byte address: 0x18
  1098                           
  1099                           	global	_PCFG0
  1100                           	global	_PCFG0
  1101  0000                     	_PCFG0	set	0x4F8	;byte address: 0x9F
  1102                           
  1103                           	global	_PCFG1
  1104                           	global	_PCFG1
  1105  0000                     	_PCFG1	set	0x4F9	;byte address: 0x9F
  1106                           
  1107                           	global	_PCFG2
  1108                           	global	_PCFG2
  1109  0000                     	_PCFG2	set	0x4FA	;byte address: 0x9F
  1110                           
  1111                           	global	_PCFG3
  1112                           	global	_PCFG3
  1113  0000                     	_PCFG3	set	0x4FB	;byte address: 0x9F
  1114                           
  1115                           	global	_PD
  1116                           	global	_PD
  1117  0000                     	_PD	set	0x1B	;byte address: 0x3
  1118                           
  1119                           	global	_PEIE
  1120                           	global	_PEIE
  1121  0000                     	_PEIE	set	0x5E	;byte address: 0xB
  1122                           
  1123                           	global	_PEN
  1124                           	global	_PEN
  1125  0000                     	_PEN	set	0x48A	;byte address: 0x91
  1126                           
  1127                           	global	_POR
  1128                           	global	_POR
  1129  0000                     	_POR	set	0x471	;byte address: 0x8E
  1130                           
  1131                           	global	_PS0
  1132                           	global	_PS0
  1133  0000                     	_PS0	set	0x408	;byte address: 0x81
  1134                           
  1135                           	global	_PS1
  1136                           	global	_PS1
  1137  0000                     	_PS1	set	0x409	;byte address: 0x81
  1138                           
  1139                           	global	_PS2
  1140                           	global	_PS2
  1141  0000                     	_PS2	set	0x40A	;byte address: 0x81
  1142                           
  1143                           	global	_PSA
  1144                           	global	_PSA
  1145  0000                     	_PSA	set	0x40B	;byte address: 0x81
  1146                           
  1147                           	global	_PSPIE
  1148                           	global	_PSPIE
  1149  0000                     	_PSPIE	set	0x467	;byte address: 0x8C
  1150                           
  1151                           	global	_PSPIF
  1152                           	global	_PSPIF
  1153  0000                     	_PSPIF	set	0x67	;byte address: 0xC
  1154                           
  1155                           	global	_PSPMODE
  1156                           	global	_PSPMODE
  1157  0000                     	_PSPMODE	set	0x44C	;byte address: 0x89
  1158                           
  1159                           	global	_RA0
  1160                           	global	_RA0
  1161  0000                     	_RA0	set	0x28	;byte address: 0x5
  1162                           
  1163                           	global	_RA1
  1164                           	global	_RA1
  1165  0000                     	_RA1	set	0x29	;byte address: 0x5
  1166                           
  1167                           	global	_RA2
  1168                           	global	_RA2
  1169  0000                     	_RA2	set	0x2A	;byte address: 0x5
  1170                           
  1171                           	global	_RA3
  1172                           	global	_RA3
  1173  0000                     	_RA3	set	0x2B	;byte address: 0x5
  1174                           
  1175                           	global	_RA4
  1176                           	global	_RA4
  1177  0000                     	_RA4	set	0x2C	;byte address: 0x5
  1178                           
  1179                           	global	_RA5
  1180                           	global	_RA5
  1181  0000                     	_RA5	set	0x2D	;byte address: 0x5
  1182                           
  1183                           	global	_RB0
  1184                           	global	_RB0
  1185  0000                     	_RB0	set	0x30	;byte address: 0x6
  1186                           
  1187                           	global	_RB1
  1188                           	global	_RB1
  1189  0000                     	_RB1	set	0x31	;byte address: 0x6
  1190                           
  1191                           	global	_RB2
  1192                           	global	_RB2
  1193  0000                     	_RB2	set	0x32	;byte address: 0x6
  1194                           
  1195                           	global	_RB3
  1196                           	global	_RB3
  1197  0000                     	_RB3	set	0x33	;byte address: 0x6
  1198                           
  1199                           	global	_RB4
  1200                           	global	_RB4
  1201  0000                     	_RB4	set	0x34	;byte address: 0x6
  1202                           
  1203                           	global	_RB5
  1204                           	global	_RB5
  1205  0000                     	_RB5	set	0x35	;byte address: 0x6
  1206                           
  1207                           	global	_RB6
  1208                           	global	_RB6
  1209  0000                     	_RB6	set	0x36	;byte address: 0x6
  1210                           
  1211                           	global	_RB7
  1212                           	global	_RB7
  1213  0000                     	_RB7	set	0x37	;byte address: 0x6
  1214                           
  1215                           	global	_RBIE
  1216                           	global	_RBIE
  1217  0000                     	_RBIE	set	0x5B	;byte address: 0xB
  1218                           
  1219                           	global	_RBIF
  1220                           	global	_RBIF
  1221  0000                     	_RBIF	set	0x58	;byte address: 0xB
  1222                           
  1223                           	global	_RBPU
  1224                           	global	_RBPU
  1225  0000                     	_RBPU	set	0x40F	;byte address: 0x81
  1226                           
  1227                           	global	_RC0
  1228  0000                     	_RC0	set	0x38	;byte address: 0x7
  1229                           
  1230                           	global	_RC1
  1231  0000                     	_RC1	set	0x39	;byte address: 0x7
  1232                           
  1233                           	global	_RC2
  1234                           	global	_RC2
  1235  0000                     	_RC2	set	0x3A	;byte address: 0x7
  1236                           
  1237                           	global	_RC3
  1238                           	global	_RC3
  1239  0000                     	_RC3	set	0x3B	;byte address: 0x7
  1240                           
  1241                           	global	_RC4
  1242                           	global	_RC4
  1243  0000                     	_RC4	set	0x3C	;byte address: 0x7
  1244                           
  1245                           	global	_RC5
  1246                           	global	_RC5
  1247  0000                     	_RC5	set	0x3D	;byte address: 0x7
  1248                           
  1249                           	global	_RC6
  1250                           	global	_RC6
  1251  0000                     	_RC6	set	0x3E	;byte address: 0x7
  1252                           
  1253                           	global	_RC7
  1254                           	global	_RC7
  1255  0000                     	_RC7	set	0x3F	;byte address: 0x7
  1256                           
  1257                           	global	_RCEN
  1258                           	global	_RCEN
  1259  0000                     	_RCEN	set	0x48B	;byte address: 0x91
  1260                           
  1261                           	global	_RCIE
  1262                           	global	_RCIE
  1263  0000                     	_RCIE	set	0x465	;byte address: 0x8C
  1264                           
  1265                           	global	_RCIF
  1266                           	global	_RCIF
  1267  0000                     	_RCIF	set	0x65	;byte address: 0xC
  1268                           
  1269                           	global	_RD
  1270                           	global	_RD
  1271  0000                     	_RD	set	0xC60	;byte address: 0x18C
  1272                           
  1273                           	global	_RD0
  1274                           	global	_RD0
  1275  0000                     	_RD0	set	0x40	;byte address: 0x8
  1276                           
  1277                           	global	_RD1
  1278                           	global	_RD1
  1279  0000                     	_RD1	set	0x41	;byte address: 0x8
  1280                           
  1281                           	global	_RD2
  1282                           	global	_RD2
  1283  0000                     	_RD2	set	0x42	;byte address: 0x8
  1284                           
  1285                           	global	_RD3
  1286                           	global	_RD3
  1287  0000                     	_RD3	set	0x43	;byte address: 0x8
  1288                           
  1289                           	global	_RD4
  1290                           	global	_RD4
  1291  0000                     	_RD4	set	0x44	;byte address: 0x8
  1292                           
  1293                           	global	_RD5
  1294                           	global	_RD5
  1295  0000                     	_RD5	set	0x45	;byte address: 0x8
  1296                           
  1297                           	global	_RD6
  1298                           	global	_RD6
  1299  0000                     	_RD6	set	0x46	;byte address: 0x8
  1300                           
  1301                           	global	_RD7
  1302                           	global	_RD7
  1303  0000                     	_RD7	set	0x47	;byte address: 0x8
  1304                           
  1305                           	global	_RE0
  1306                           	global	_RE0
  1307  0000                     	_RE0	set	0x48	;byte address: 0x9
  1308                           
  1309                           	global	_RE1
  1310                           	global	_RE1
  1311  0000                     	_RE1	set	0x49	;byte address: 0x9
  1312                           
  1313                           	global	_RE2
  1314                           	global	_RE2
  1315  0000                     	_RE2	set	0x4A	;byte address: 0x9
  1316                           
  1317                           	global	_RP0
  1318                           	global	_RP0
  1319  0000                     	_RP0	set	0x1D	;byte address: 0x3
  1320                           
  1321                           	global	_RP1
  1322                           	global	_RP1
  1323  0000                     	_RP1	set	0x1E	;byte address: 0x3
  1324                           
  1325                           	global	_RSEN
  1326                           	global	_RSEN
  1327  0000                     	_RSEN	set	0x489	;byte address: 0x91
  1328                           
  1329                           	global	_RW
  1330                           	global	_RW
  1331  0000                     	_RW	set	0x4A2	;byte address: 0x94
  1332                           
  1333                           	global	_RX9
  1334                           	global	_RX9
  1335  0000                     	_RX9	set	0xC6	;byte address: 0x18
  1336                           
  1337                           	global	_RX9D
  1338                           	global	_RX9D
  1339  0000                     	_RX9D	set	0xC0	;byte address: 0x18
  1340                           
  1341                           	global	_SEN
  1342                           	global	_SEN
  1343  0000                     	_SEN	set	0x488	;byte address: 0x91
  1344                           
  1345                           	global	_SMP
  1346                           	global	_SMP
  1347  0000                     	_SMP	set	0x4A7	;byte address: 0x94
  1348                           
  1349                           	global	_SPEN
  1350                           	global	_SPEN
  1351  0000                     	_SPEN	set	0xC7	;byte address: 0x18
  1352                           
  1353                           	global	_SREN
  1354                           	global	_SREN
  1355  0000                     	_SREN	set	0xC5	;byte address: 0x18
  1356                           
  1357                           	global	_SSPEN
  1358                           	global	_SSPEN
  1359  0000                     	_SSPEN	set	0xA5	;byte address: 0x14
  1360                           
  1361                           	global	_SSPIE
  1362                           	global	_SSPIE
  1363  0000                     	_SSPIE	set	0x463	;byte address: 0x8C
  1364                           
  1365                           	global	_SSPIF
  1366                           	global	_SSPIF
  1367  0000                     	_SSPIF	set	0x63	;byte address: 0xC
  1368                           
  1369                           	global	_SSPM0
  1370                           	global	_SSPM0
  1371  0000                     	_SSPM0	set	0xA0	;byte address: 0x14
  1372                           
  1373                           	global	_SSPM1
  1374                           	global	_SSPM1
  1375  0000                     	_SSPM1	set	0xA1	;byte address: 0x14
  1376                           
  1377                           	global	_SSPM2
  1378                           	global	_SSPM2
  1379  0000                     	_SSPM2	set	0xA2	;byte address: 0x14
  1380                           
  1381                           	global	_SSPM3
  1382                           	global	_SSPM3
  1383  0000                     	_SSPM3	set	0xA3	;byte address: 0x14
  1384                           
  1385                           	global	_SSPOV
  1386                           	global	_SSPOV
  1387  0000                     	_SSPOV	set	0xA6	;byte address: 0x14
  1388                           
  1389                           	global	_START
  1390                           	global	_START
  1391  0000                     	_START	set	0x4A3	;byte address: 0x94
  1392                           
  1393                           	global	_STOP
  1394                           	global	_STOP
  1395  0000                     	_STOP	set	0x4A4	;byte address: 0x94
  1396                           
  1397                           	global	_SYNC
  1398                           	global	_SYNC
  1399  0000                     	_SYNC	set	0x4C4	;byte address: 0x98
  1400                           
  1401                           	global	_T0CS
  1402                           	global	_T0CS
  1403  0000                     	_T0CS	set	0x40D	;byte address: 0x81
  1404                           
  1405                           	global	_T0IE
  1406                           	global	_T0IE
  1407  0000                     	_T0IE	set	0x5D	;byte address: 0xB
  1408                           
  1409                           	global	_T0IF
  1410                           	global	_T0IF
  1411  0000                     	_T0IF	set	0x5A	;byte address: 0xB
  1412                           
  1413                           	global	_T0SE
  1414                           	global	_T0SE
  1415  0000                     	_T0SE	set	0x40C	;byte address: 0x81
  1416                           
  1417                           	global	_T1CKPS0
  1418                           	global	_T1CKPS0
  1419  0000                     	_T1CKPS0	set	0x84	;byte address: 0x10
  1420                           
  1421                           	global	_T1CKPS1
  1422                           	global	_T1CKPS1
  1423  0000                     	_T1CKPS1	set	0x85	;byte address: 0x10
  1424                           
  1425                           	global	_T1OSCEN
  1426                           	global	_T1OSCEN
  1427  0000                     	_T1OSCEN	set	0x83	;byte address: 0x10
  1428                           
  1429                           	global	_T1SYNC
  1430                           	global	_T1SYNC
  1431  0000                     	_T1SYNC	set	0x82	;byte address: 0x10
  1432                           
  1433                           	global	_T2CKPS0
  1434                           	global	_T2CKPS0
  1435  0000                     	_T2CKPS0	set	0x90	;byte address: 0x12
  1436                           
  1437                           	global	_T2CKPS1
  1438                           	global	_T2CKPS1
  1439  0000                     	_T2CKPS1	set	0x91	;byte address: 0x12
  1440                           
  1441                           	global	_TMR0IE
  1442                           	global	_TMR0IE
  1443  0000                     	_TMR0IE	set	0x5D	;byte address: 0xB
  1444                           
  1445                           	global	_TMR0IF
  1446                           	global	_TMR0IF
  1447  0000                     	_TMR0IF	set	0x5A	;byte address: 0xB
  1448                           
  1449                           	global	_TMR1CS
  1450                           	global	_TMR1CS
  1451  0000                     	_TMR1CS	set	0x81	;byte address: 0x10
  1452                           
  1453                           	global	_TMR1IE
  1454                           	global	_TMR1IE
  1455  0000                     	_TMR1IE	set	0x460	;byte address: 0x8C
  1456                           
  1457                           	global	_TMR1IF
  1458                           	global	_TMR1IF
  1459  0000                     	_TMR1IF	set	0x60	;byte address: 0xC
  1460                           
  1461                           	global	_TMR1ON
  1462                           	global	_TMR1ON
  1463  0000                     	_TMR1ON	set	0x80	;byte address: 0x10
  1464                           
  1465                           	global	_TMR2IE
  1466                           	global	_TMR2IE
  1467  0000                     	_TMR2IE	set	0x461	;byte address: 0x8C
  1468                           
  1469                           	global	_TMR2IF
  1470                           	global	_TMR2IF
  1471  0000                     	_TMR2IF	set	0x61	;byte address: 0xC
  1472                           
  1473                           	global	_TMR2ON
  1474                           	global	_TMR2ON
  1475  0000                     	_TMR2ON	set	0x92	;byte address: 0x12
  1476                           
  1477                           	global	_TO
  1478                           	global	_TO
  1479  0000                     	_TO	set	0x1C	;byte address: 0x3
  1480                           
  1481                           	global	_TOUTPS0
  1482                           	global	_TOUTPS0
  1483  0000                     	_TOUTPS0	set	0x93	;byte address: 0x12
  1484                           
  1485                           	global	_TOUTPS1
  1486                           	global	_TOUTPS1
  1487  0000                     	_TOUTPS1	set	0x94	;byte address: 0x12
  1488                           
  1489                           	global	_TOUTPS2
  1490                           	global	_TOUTPS2
  1491  0000                     	_TOUTPS2	set	0x95	;byte address: 0x12
  1492                           
  1493                           	global	_TOUTPS3
  1494                           	global	_TOUTPS3
  1495  0000                     	_TOUTPS3	set	0x96	;byte address: 0x12
  1496                           
  1497                           	global	_TRISA0
  1498                           	global	_TRISA0
  1499  0000                     	_TRISA0	set	0x428	;byte address: 0x85
  1500                           
  1501                           	global	_TRISA1
  1502                           	global	_TRISA1
  1503  0000                     	_TRISA1	set	0x429	;byte address: 0x85
  1504                           
  1505                           	global	_TRISA2
  1506                           	global	_TRISA2
  1507  0000                     	_TRISA2	set	0x42A	;byte address: 0x85
  1508                           
  1509                           	global	_TRISA3
  1510                           	global	_TRISA3
  1511  0000                     	_TRISA3	set	0x42B	;byte address: 0x85
  1512                           
  1513                           	global	_TRISA4
  1514                           	global	_TRISA4
  1515  0000                     	_TRISA4	set	0x42C	;byte address: 0x85
  1516                           
  1517                           	global	_TRISA5
  1518                           	global	_TRISA5
  1519  0000                     	_TRISA5	set	0x42D	;byte address: 0x85
  1520                           
  1521                           	global	_TRISB0
  1522                           	global	_TRISB0
  1523  0000                     	_TRISB0	set	0x430	;byte address: 0x86
  1524                           
  1525                           	global	_TRISB1
  1526                           	global	_TRISB1
  1527  0000                     	_TRISB1	set	0x431	;byte address: 0x86
  1528                           
  1529                           	global	_TRISB2
  1530                           	global	_TRISB2
  1531  0000                     	_TRISB2	set	0x432	;byte address: 0x86
  1532                           
  1533                           	global	_TRISB3
  1534                           	global	_TRISB3
  1535  0000                     	_TRISB3	set	0x433	;byte address: 0x86
  1536                           
  1537                           	global	_TRISB4
  1538                           	global	_TRISB4
  1539  0000                     	_TRISB4	set	0x434	;byte address: 0x86
  1540                           
  1541                           	global	_TRISB5
  1542                           	global	_TRISB5
  1543  0000                     	_TRISB5	set	0x435	;byte address: 0x86
  1544                           
  1545                           	global	_TRISB6
  1546                           	global	_TRISB6
  1547  0000                     	_TRISB6	set	0x436	;byte address: 0x86
  1548                           
  1549                           	global	_TRISB7
  1550                           	global	_TRISB7
  1551  0000                     	_TRISB7	set	0x437	;byte address: 0x86
  1552                           
  1553                           	global	_TRISC0
  1554                           	global	_TRISC0
  1555  0000                     	_TRISC0	set	0x438	;byte address: 0x87
  1556                           
  1557                           	global	_TRISC1
  1558                           	global	_TRISC1
  1559  0000                     	_TRISC1	set	0x439	;byte address: 0x87
  1560                           
  1561                           	global	_TRISC2
  1562                           	global	_TRISC2
  1563  0000                     	_TRISC2	set	0x43A	;byte address: 0x87
  1564                           
  1565                           	global	_TRISC3
  1566                           	global	_TRISC3
  1567  0000                     	_TRISC3	set	0x43B	;byte address: 0x87
  1568                           
  1569                           	global	_TRISC4
  1570                           	global	_TRISC4
  1571  0000                     	_TRISC4	set	0x43C	;byte address: 0x87
  1572                           
  1573                           	global	_TRISC5
  1574                           	global	_TRISC5
  1575  0000                     	_TRISC5	set	0x43D	;byte address: 0x87
  1576                           
  1577                           	global	_TRISC6
  1578                           	global	_TRISC6
  1579  0000                     	_TRISC6	set	0x43E	;byte address: 0x87
  1580                           
  1581                           	global	_TRISC7
  1582                           	global	_TRISC7
  1583  0000                     	_TRISC7	set	0x43F	;byte address: 0x87
  1584                           
  1585                           	global	_TRISD0
  1586                           	global	_TRISD0
  1587  0000                     	_TRISD0	set	0x440	;byte address: 0x88
  1588                           
  1589                           	global	_TRISD1
  1590                           	global	_TRISD1
  1591  0000                     	_TRISD1	set	0x441	;byte address: 0x88
  1592                           
  1593                           	global	_TRISD2
  1594                           	global	_TRISD2
  1595  0000                     	_TRISD2	set	0x442	;byte address: 0x88
  1596                           
  1597                           	global	_TRISD3
  1598                           	global	_TRISD3
  1599  0000                     	_TRISD3	set	0x443	;byte address: 0x88
  1600                           
  1601                           	global	_TRISD4
  1602                           	global	_TRISD4
  1603  0000                     	_TRISD4	set	0x444	;byte address: 0x88
  1604                           
  1605                           	global	_TRISD5
  1606                           	global	_TRISD5
  1607  0000                     	_TRISD5	set	0x445	;byte address: 0x88
  1608                           
  1609                           	global	_TRISD6
  1610                           	global	_TRISD6
  1611  0000                     	_TRISD6	set	0x446	;byte address: 0x88
  1612                           
  1613                           	global	_TRISD7
  1614                           	global	_TRISD7
  1615  0000                     	_TRISD7	set	0x447	;byte address: 0x88
  1616                           
  1617                           	global	_TRISE0
  1618                           	global	_TRISE0
  1619  0000                     	_TRISE0	set	0x448	;byte address: 0x89
  1620                           
  1621                           	global	_TRISE1
  1622                           	global	_TRISE1
  1623  0000                     	_TRISE1	set	0x449	;byte address: 0x89
  1624                           
  1625                           	global	_TRISE2
  1626                           	global	_TRISE2
  1627  0000                     	_TRISE2	set	0x44A	;byte address: 0x89
  1628                           
  1629                           	global	_TRMT
  1630                           	global	_TRMT
  1631  0000                     	_TRMT	set	0x4C1	;byte address: 0x98
  1632                           
  1633                           	global	_TX9
  1634                           	global	_TX9
  1635  0000                     	_TX9	set	0x4C6	;byte address: 0x98
  1636                           
  1637                           	global	_TX9D
  1638                           	global	_TX9D
  1639  0000                     	_TX9D	set	0x4C0	;byte address: 0x98
  1640                           
  1641                           	global	_TXEN
  1642                           	global	_TXEN
  1643  0000                     	_TXEN	set	0x4C5	;byte address: 0x98
  1644                           
  1645                           	global	_TXIE
  1646                           	global	_TXIE
  1647  0000                     	_TXIE	set	0x464	;byte address: 0x8C
  1648                           
  1649                           	global	_TXIF
  1650                           	global	_TXIF
  1651  0000                     	_TXIF	set	0x64	;byte address: 0xC
  1652                           
  1653                           	global	_UA
  1654                           	global	_UA
  1655  0000                     	_UA	set	0x4A1	;byte address: 0x94
  1656                           
  1657                           	global	_WCOL
  1658                           	global	_WCOL
  1659  0000                     	_WCOL	set	0xA7	;byte address: 0x14
  1660                           
  1661                           	global	_WR
  1662                           	global	_WR
  1663  0000                     	_WR	set	0xC61	;byte address: 0x18C
  1664                           
  1665                           	global	_WREN
  1666                           	global	_WREN
  1667  0000                     	_WREN	set	0xC62	;byte address: 0x18C
  1668                           
  1669                           	global	_WRERR
  1670                           	global	_WRERR
  1671  0000                     	_WRERR	set	0xC63	;byte address: 0x18C
  1672                           
  1673                           	global	_ZERO
  1674                           	global	_ZERO
  1675  0000                     	_ZERO	set	0x1A	;byte address: 0x3
  1676                           
  1677                           	PSECT	fnautoc,class=COMMON,space=1
  1678                           	FNCONF	fnautoc,??,?
  1679                           apbank macro
  1680                           	; no bank selection necessary for common memor
                                 y
  1681  0070                     	endm


HI-TECH Software PICC Macro Assembler V9.65PL1 build 4700 
Symbol Table                                          Fri Dec 08 11:27:11 2023

            l2 00B7              l3 0023              l5 0034  
            l6 0045              l7 0056              l8 005E  
    __Lrdata_0 0000      __Lramdata 0000             l10 0091  
           l11 005F             l20 008C             l12 0064  
           _DA 04A5             l21 07FF             l13 0069  
           _BF 04A0             l22 07E3             l14 006E  
           _DC 0019             l23 07FF             l15 0073  
           l16 0078             l17 007D             l18 0082  
           l19 0087             _PD 001B             _RD 0C60  
           _UA 04A1             _TO 001C             _RW 04A2  
           _WR 0C61            _CM0 04E0            _CM1 04E1  
          _CM2 04E2            _CKE 04A6            _IBF 044F  
          _CIS 04E3            _CKP 00A4            _GIE 005F  
          _BOR 0470            _RA0 0028            _RA1 0029  
          _RB0 0030            _RA2 002A            _RB1 0031  
          _RA3 002B            _RC0 0038            _RB2 0032  
          _RA4 002C            _RC1 0039            _RB3 0033  
          _RA5 002D            _RD0 0040            _RC2 003A  
          _RB4 0034            _RD1 0041            _RC3 003B  
          _RB5 0035            _RE0 0048            _RD2 0042  
          _RC4 003C            _RB6 0036            _RE1 0049  
          _RD3 0043            _RC5 003D            _RB7 0037  
          _RE2 004A            _RD4 0044            _RC6 003E  
          _RD5 0045            _RC7 003F            _RD6 0046  
          _OBF 044E            _RD7 0047            _FSR 0004  
          _PCL 0002            _PS0 0408            _PR2 0092  
          _PS1 0409            _RP0 001D            _PS2 040A  
          _PEN 048A            _IRP 001F            _RP1 001E  
          u800 003A            u801 0039            u810 0052  
          u811 0051            _SEN 0488            u820 005A  
          u821 0059            _PSA 040B            u840 07FF  
          u841 07FE            u790 0029            u791 0028  
          _POR 0471            _RX9 00C6            u857 07E7  
          _SMP 04A7            _TX9 04C6        ??_delay 0073  
         _ADIE 0466           _ADIF 0066           _ADFM 04FF  
         _ADGO 00FA       __tempreg 0073           _ADON 00F8  
         _CHS0 00FB           _CHS1 00FC           _CHS2 00FD  
         _EEIE 046C           _EEIF 006C           _GCEN 048F  
         _CMIE 046E           _CMIF 006E           _BRGH 04C2  
         _T0IE 005D           _T0IF 005A           _CREN 00C4  
         _T0CS 040D           _FERR 00C2           _IBOV 044D  
         _CVR0 04E8           _CVR1 04E9           _CVR2 04EA  
         _CVR3 04EB           _T0SE 040C           _CSRC 04C7  
         _INDF 0000           _PIE1 008C           _PIE2 008D  
         _CVRR 04ED           _PEIE 005E           _INTE 005C  
         _INTF 0059           _RBIE 005B           _RBIF 0058  
         _RCIE 0465           _RCIF 0065           _RCEN 048B  
         u8110 004E           _PCON 008E           _PIR1 000C  
         _PIR2 000D           u8115 004C           _OERR 00C1  
         u8410 07FB           u8415 07F9           _RBPU 040F  
         _RX9D 00C0           _TMR0 0001           _TMR2 0011  
         _WCOL 00A7           _SPEN 00C7           _RSEN 0489  
    __databank 0000           _TX9D 04C0           _SREN 00C5  
         _TRMT 04C1           _STOP 04A4           _ZERO 001A  
         _TXIE 0464           _WREN 0C62           _TXIF 0064  
         _TXEN 04C5           _SYNC 04C4           _main 0003  
         start 0000        _CCP1CON 0017        _CCP2CON 001D  
      _ACKSTAT 048E          l30015 00B2          l30016 0092  
        _C1INV 04E4          _C2INV 04E5          _C1OUT 04E6  
        _C2OUT 04E7          _ADCS0 00FE          _ADCS1 00FF  
        _ADCS2 04FE          _ADDEN 00C3          ?_main 0070  
        _ACKEN 048C          _ACKDT 048D          _BCLIE 046B  
        _BCLIF 006B          _CCP1X 00BD          _CCP1Y 00BC  
        _CCP2X 00ED          _CCP2Y 00EC          _EEADR 010D  
__end_of_delay 0800          _CARRY 0018          _EEPGD 0C67  
        _CMCON 009C          _T1CON 0010          _T2CON 0012  
      _T1CKPS0 0084        _T1CKPS1 0085          _PCFG0 04F8  
        _PCFG1 04F9          _PCFG2 04FA          _PCFG3 04FB  
      _T2CKPS0 0090        _T2CKPS1 0091          _CVREN 04EF  
        _CVROE 04EE          _RCREG 001A          _RCSTA 0018  
        _TMR1H 000F          _TMR1L 000E          _SPBRG 0099  
        _PORTA 0005          _PORTB 0006        _T1OSCEN 0083  
        _PORTC 0007          _PORTD 0008          _PORTE 0009  
        _PSPIE 0467          _PSPIF 0067          _START 04A3  
        _SSPM0 00A0          _SSPM1 00A1          _SSPM2 00A2  
        _SSPM3 00A3          _TRISA 0085          _TRISB 0086  
        _TRISC 0087          _TRISD 0088          _SSPIE 0463  
        _TRISE 0089          _SSPIF 0063          _SSPEN 00A5  
        _SSPOV 00A6          _WRERR 0C63          _TXREG 0019  
        _TXSTA 0098          _delay 07DE        _PSPMODE 044C  
      _SSPCON2 0091        _SSPSTAT 0094        _TOUTPS0 0093  
      _TOUTPS1 0094        _TOUTPS2 0095        _TOUTPS3 0096  
        status 0003        _delay_i 0073         ??_main 0070  
       ?_delay 0073         _ADCON0 001F         _ADCON1 009F  
       _CCP1M0 00B8         _CCP1M1 00B9         _CCP1M2 00BA  
       _CCP1M3 00BB         _CCP2M0 00E8         _CCP2M1 00E9  
       _CCP2M2 00EA         _CCP2M3 00EB         _CCP1IE 0462  
       _CCP1IF 0062         _CCP2IE 0468         _CCP2IF 0068  
       _ADRESH 001E         _EEADRH 010F         _ADRESL 009E  
       _EEADRL 010D         _EEDATA 010C         _CCPR1H 0016  
       _EEDATH 010E         _CCPR2H 001C         _CCPR1L 0015  
       _CCPR2L 001B         _EECON1 018C         _EECON2 018D  
 __end_of_main 00BB         _GODONE 00FA         _CVRCON 009D  
       _T1SYNC 0082         _INTEDG 040E         _PCLATH 000A  
       _INTCON 000B         _TMR0IE 005D         _TMR0IF 005A  
       _TMR1IE 0460         _TMR1IF 0060         _TMR1CS 0081  
       _TMR2IE 0461         _TMR2IF 0061         _TMR1ON 0080  
       _OPTION 0081         _TMR2ON 0092         _SSPADD 0093  
       _TRISA0 0428         _TRISA1 0429         _TRISB0 0430  
       _TRISA2 042A         _TRISB1 0431         _TRISA3 042B  
       _TRISC0 0438         _TRISB2 0432         _TRISA4 042C  
       _TRISC1 0439         _TRISB3 0433         _TRISA5 042D  
       _TRISD0 0440         _TRISC2 043A         _TRISB4 0434  
       _TRISD1 0441         _TRISC3 043B         _TRISB5 0435  
       _TRISE0 0448         _TRISD2 0442         _TRISC4 043C  
       _TRISB6 0436         _TRISE1 0449         _TRISD3 0443  
       _TRISC5 043D         _TRISB7 0437         _TRISE2 044A  
       _TRISD4 0444         _TRISC6 043E         _TRISD5 0445  
       _TRISC7 043F         _TRISD6 0446         _TRISD7 0447  
       _STATUS 0003         _SSPCON 0014         _SSPBUF 0013  
   _main_count 0070      __Hrdata_0 0001      __Hramdata 0001  
